2024-04-26 13:54:12,961 [ERROR] LogOutputStream:75 - [STDERR_REDIRECT] SWT SessionManagerDBus: Failed to UnregisterClient: GDBus.Error:org.freedesktop.DBus.Error.NoReply: Message recipient disconnected from message bus without replying
2024-04-26 13:54:13,212 [ERROR] LogOutputStream:75 - [STDERR_REDIRECT] 
2024-04-26 16:49:00,747 [INFO] Activator:176 - 


2024-04-26 16:49:00,749 [INFO] Activator:177 - !SESSION log4j initialized
2024-04-26 16:49:04,311 [INFO] LogOutputStream:77 - [STDOUT_REDIRECT] 
2024-04-26 16:49:05,278 [INFO] ApplicationProperties:184 - Using Application install path: /opt/st/stm32cubeide_1.15.0_2/plugins/com.st.stm32cube.common.mx_6.11.0.202403141607
2024-04-26 16:49:05,309 [INFO] DbMcusXml:78 - Set database path to: /opt/st/stm32cubeide_1.15.0_2/plugins/com.st.stm32cube.common.mx_6.11.0.202403141607//db//mcu/
2024-04-26 16:49:05,309 [INFO] ApiDb:274 - Set plugin database path to: /opt/st/stm32cubeide_1.15.0_2/plugins/com.st.stm32cube.common.mx_6.11.0.202403141607//db//plugins/boardmanager/
2024-04-26 16:49:05,310 [WARN] ApiDb:259 - Overriding images path with different value:  => /opt/st/stm32cubeide_1.15.0_2/plugins/com.st.stm32cube.common.mx_6.11.0.202403141607//db//plugins/mcufinder/images/
2024-04-26 16:49:05,318 [INFO] ApiDb:250 - Set database path to: /home/om/.stmcufinder/plugins/mcufinder//mcu/
2024-04-26 16:49:05,321 [INFO] DbMcusAds:125 - Set database path to: /home/om/.stmcufinder/plugins/mcufinder//mcu/
2024-04-26 16:49:05,324 [INFO] CrossReferenceDbSqlite:203 - Set database path to: /home/om/.stmcufinder/plugins/mcufinder//mcu/cs/
2024-04-26 16:49:05,558 [INFO] RulesReader:64 - Compatibility file has been processed (297 Rules)
2024-04-26 16:49:05,686 [INFO] DbMcusXml:78 - Set database path to: /opt/st/stm32cubeide_1.15.0_2/plugins/com.st.stm32cube.common.mx_6.11.0.202403141607//db//mcu/
2024-04-26 16:49:05,687 [INFO] ApiDb:274 - Set plugin database path to: /opt/st/stm32cubeide_1.15.0_2/plugins/com.st.stm32cube.common.mx_6.11.0.202403141607//db//plugins/boardmanager/
2024-04-26 16:49:05,687 [INFO] ApiDb:261 - Set plugin images path to: /opt/st/stm32cubeide_1.15.0_2/plugins/com.st.stm32cube.common.mx_6.11.0.202403141607//db//plugins/mcufinder/images/
2024-04-26 16:49:05,688 [WARN] DbFile:41 - Overriding database path with different value: /home/om/.stmcufinder/plugins/mcufinder/ => /home/om/.stmcufinder/plugins/mcufinder
2024-04-26 16:49:05,688 [INFO] ApiDb:250 - Set database path to: /home/om/.stmcufinder/plugins/mcufinder//mcu/
2024-04-26 16:49:05,688 [WARN] DbFile:41 - Overriding database path with different value: /home/om/.stmcufinder/plugins/mcufinder/ => /home/om/.stmcufinder/plugins/mcufinder
2024-04-26 16:49:05,688 [INFO] DbMcusAds:125 - Set database path to: /home/om/.stmcufinder/plugins/mcufinder//mcu/
2024-04-26 16:49:05,688 [WARN] DbFile:41 - Overriding database path with different value: /home/om/.stmcufinder/plugins/mcufinder/ => /home/om/.stmcufinder/plugins/mcufinder
2024-04-26 16:49:05,689 [WARN] DbFile:41 - Overriding database path with different value: /home/om/.stmcufinder/plugins/mcufinder/ => /home/om/.stmcufinder/plugins/mcufinder
2024-04-26 16:49:05,689 [INFO] CrossReferenceDbSqlite:203 - Set database path to: /home/om/.stmcufinder/plugins/mcufinder//mcu/cs/
2024-04-26 16:49:05,797 [INFO] MainPanel:264 - HeapMemory: 268435456
2024-04-26 16:49:05,916 [INFO] DbMcusXml:78 - Set database path to: /opt/st/stm32cubeide_1.15.0_2/plugins/com.st.stm32cube.common.mx_6.11.0.202403141607//db//mcu/
2024-04-26 16:49:05,916 [INFO] ApiDb:274 - Set plugin database path to: /opt/st/stm32cubeide_1.15.0_2/plugins/com.st.stm32cube.common.mx_6.11.0.202403141607//db//plugins/boardmanager/
2024-04-26 16:49:05,916 [INFO] ApiDb:261 - Set plugin images path to: /opt/st/stm32cubeide_1.15.0_2/plugins/com.st.stm32cube.common.mx_6.11.0.202403141607//db//plugins/mcufinder/images/
2024-04-26 16:49:05,917 [WARN] DbFile:41 - Overriding database path with different value: /home/om/.stmcufinder/plugins/mcufinder/ => /home/om/.stmcufinder/plugins/mcufinder
2024-04-26 16:49:05,917 [INFO] ApiDb:250 - Set database path to: /home/om/.stmcufinder/plugins/mcufinder//mcu/
2024-04-26 16:49:05,917 [WARN] DbFile:41 - Overriding database path with different value: /home/om/.stmcufinder/plugins/mcufinder/ => /home/om/.stmcufinder/plugins/mcufinder
2024-04-26 16:49:05,917 [INFO] DbMcusAds:125 - Set database path to: /home/om/.stmcufinder/plugins/mcufinder//mcu/
2024-04-26 16:49:05,917 [WARN] DbFile:41 - Overriding database path with different value: /home/om/.stmcufinder/plugins/mcufinder/ => /home/om/.stmcufinder/plugins/mcufinder
2024-04-26 16:49:05,917 [WARN] DbFile:41 - Overriding database path with different value: /home/om/.stmcufinder/plugins/mcufinder/ => /home/om/.stmcufinder/plugins/mcufinder
2024-04-26 16:49:05,918 [INFO] CrossReferenceDbSqlite:203 - Set database path to: /home/om/.stmcufinder/plugins/mcufinder//mcu/cs/
2024-04-26 16:49:05,940 [INFO] ApplicationProperties:184 - Using Application install path: /opt/st/stm32cubeide_1.15.0_2/plugins/com.st.stm32cube.common.mx_6.11.0.202403141607
2024-04-26 16:49:05,942 [INFO] PluginManage:196 - Search for loadable plugins [exclusion list=, ]
2024-04-26 16:49:05,943 [INFO] PluginManage:310 - Check plugin analytics
2024-04-26 16:49:06,125 [INFO] AnalyticsPlugin:253 - Accepted Software Licenses: 
2024-04-26 16:49:06,126 [INFO] AnalyticsPlugin:255 - Accepted CMSIS Pack Licenses: 
2024-04-26 16:49:06,126 [INFO] AnalyticsPlugin:257 - Accepted Firmware Licenses: 
2024-04-26 16:49:06,128 [INFO] PluginManage:359 - Loaded plugin analytics (category:tool,tabindex:-1)
2024-04-26 16:49:06,129 [INFO] PluginManage:310 - Check plugin cadmodel
2024-04-26 16:49:06,160 [INFO] CADModel:105 - Init CAD model plugin
2024-04-26 16:49:06,161 [INFO] PluginManage:359 - Loaded plugin cadmodel (category:power,tabindex:5)
2024-04-26 16:49:06,162 [INFO] PluginManage:310 - Check plugin clock
2024-04-26 16:49:06,182 [INFO] PluginManage:359 - Loaded plugin clock (category:base,tabindex:2)
2024-04-26 16:49:06,182 [INFO] PluginManage:310 - Check plugin ddr
2024-04-26 16:49:06,186 [INFO] PluginManage:359 - Loaded plugin ddr (category:tool,tabindex:6)
2024-04-26 16:49:06,187 [INFO] PluginManage:310 - Check plugin filemanager
2024-04-26 16:49:06,347 [INFO] PluginManage:359 - Loaded plugin filemanager (category:base,tabindex:10)
2024-04-26 16:49:06,347 [INFO] PluginManage:310 - Check plugin ipmanager
2024-04-26 16:49:06,353 [INFO] PluginManage:359 - Loaded plugin ipmanager (category:base,tabindex:5)
2024-04-26 16:49:06,353 [INFO] PluginManage:310 - Check plugin lpbam
2024-04-26 16:49:06,363 [INFO] PluginManage:359 - Loaded plugin lpbam (category:base,tabindex:0)
2024-04-26 16:49:06,364 [INFO] PluginManage:310 - Check plugin memorymap
2024-04-26 16:49:06,376 [INFO] PluginManage:359 - Loaded plugin memorymap (category:base,tabindex:4)
2024-04-26 16:49:06,376 [INFO] PluginManage:310 - Check plugin pinoutandconfiguration
2024-04-26 16:49:06,384 [INFO] PluginManage:359 - Loaded plugin pinoutandconfiguration (category:base,tabindex:1)
2024-04-26 16:49:06,384 [INFO] PluginManage:310 - Check plugin pinoutconfig
2024-04-26 16:49:06,486 [WARN] SupportedApi:132 - Cannot load RTOS API schema: s4s-elt-must-match.1: The content of 'definitions' must match (annotation?, (simpleType | complexType)?, (unique | key | keyref)*)). A problem was found starting at: attribute.
2024-04-26 16:49:06,593 [INFO] PluginManage:359 - Loaded plugin pinoutconfig (category:base,tabindex:0)
2024-04-26 16:49:06,593 [INFO] PluginManage:310 - Check plugin power
2024-04-26 16:49:06,599 [INFO] PluginManage:359 - Loaded plugin power (category:power,tabindex:4)
2024-04-26 16:49:06,599 [INFO] PluginManage:310 - Check plugin projectmanager
2024-04-26 16:49:06,611 [INFO] PluginManage:359 - Loaded plugin projectmanager (category:projectmanager,tabindex:3)
2024-04-26 16:49:06,611 [INFO] PluginManage:310 - Check plugin thirdparty
2024-04-26 16:49:06,697 [INFO] PluginManage:359 - Loaded plugin thirdparty (category:base,tabindex:-1)
2024-04-26 16:49:06,697 [WARN] IntegrityCheckThread:84 - waiting for thirdparty lock release [integrity check]
2024-04-26 16:49:06,698 [INFO] IntegrityCheckThread:86 - entering critical section [integrity check]
2024-04-26 16:49:06,698 [INFO] PluginManage:310 - Check plugin tools
2024-04-26 16:49:06,698 [INFO] ThirdPartyUpdaterWithRetryManager:70 - Updater plugin not ready yet. [1/15]
2024-04-26 16:49:06,700 [INFO] PluginManage:359 - Loaded plugin tools (category:base,tabindex:7)
2024-04-26 16:49:06,700 [INFO] PluginManage:310 - Check plugin tutovideos
2024-04-26 16:49:06,832 [INFO] PluginManage:359 - Loaded plugin tutovideos (category:base,tabindex:-1)
2024-04-26 16:49:06,832 [INFO] PluginManage:310 - Check plugin updater
2024-04-26 16:49:06,840 [INFO] PluginManage:359 - Loaded plugin updater (category:base,tabindex:12)
2024-04-26 16:49:06,840 [INFO] PluginManage:310 - Check plugin userauth
2024-04-26 16:49:06,845 [INFO] UserAuth:114 - Init User Auth plugin
2024-04-26 16:49:06,845 [INFO] PluginManage:359 - Loaded plugin userauth (category:base,tabindex:14)
2024-04-26 16:49:06,845 [INFO] PluginManage:283 - PluginManage : Loaded plugins [17]
2024-04-26 16:49:06,999 [INFO] PinOutPanel:1561 - setPackage(No Configuration,No Configuration)
2024-04-26 16:49:07,051 [INFO] CADModel:165 - CPN selected for project level
2024-04-26 16:49:07,052 [INFO] CADModel:114 - Register for checkConnection events
2024-04-26 16:49:07,061 [INFO] IPUIPlugin:80 - create IPUIPlugin
2024-04-26 16:49:07,062 [INFO] PluginManager:220 - loadIPPluginJar : add fatfs
2024-04-26 16:49:07,063 [INFO] IPUIPlugin:80 - create IPUIPlugin
2024-04-26 16:49:07,064 [INFO] PluginManager:220 - loadIPPluginJar : add quadspi
2024-04-26 16:49:07,065 [INFO] IPUIPlugin:80 - create IPUIPlugin
2024-04-26 16:49:07,065 [INFO] PluginManager:220 - loadIPPluginJar : add ltdc
2024-04-26 16:49:07,067 [INFO] IPUIPlugin:80 - create IPUIPlugin
2024-04-26 16:49:07,068 [INFO] PluginManager:220 - loadIPPluginJar : add tsc
2024-04-26 16:49:07,076 [INFO] IPUIPlugin:80 - create IPUIPlugin
2024-04-26 16:49:07,076 [INFO] PluginManager:220 - loadIPPluginJar : add stm32_wpan
2024-04-26 16:49:07,081 [INFO] IPUIPlugin:80 - create IPUIPlugin
2024-04-26 16:49:07,082 [INFO] PluginManager:220 - loadIPPluginJar : add adc
2024-04-26 16:49:07,085 [INFO] IPUIPlugin:80 - create IPUIPlugin
2024-04-26 16:49:07,086 [INFO] PluginManager:220 - loadIPPluginJar : add nvic
2024-04-26 16:49:07,088 [INFO] IPUIPlugin:80 - create IPUIPlugin
2024-04-26 16:49:07,088 [INFO] PluginManager:220 - loadIPPluginJar : add dma3
2024-04-26 16:49:07,091 [INFO] IPUIPlugin:80 - create IPUIPlugin
2024-04-26 16:49:07,091 [INFO] PluginManager:220 - loadIPPluginJar : add fmc
2024-04-26 16:49:07,093 [INFO] IPUIPlugin:80 - create IPUIPlugin
2024-04-26 16:49:07,093 [INFO] PluginManager:220 - loadIPPluginJar : add dfsdm
2024-04-26 16:49:07,096 [INFO] IPUIPlugin:80 - create IPUIPlugin
2024-04-26 16:49:07,096 [INFO] PluginManager:220 - loadIPPluginJar : add openamp
2024-04-26 16:49:07,099 [INFO] IPUIPlugin:80 - create IPUIPlugin
2024-04-26 16:49:07,099 [INFO] PluginManager:220 - loadIPPluginJar : add pdm2pcm
2024-04-26 16:49:07,102 [INFO] IPUIPlugin:80 - create IPUIPlugin
2024-04-26 16:49:07,102 [INFO] PluginManager:220 - loadIPPluginJar : add opamp
2024-04-26 16:49:07,104 [INFO] IPUIPlugin:80 - create IPUIPlugin
2024-04-26 16:49:07,105 [INFO] PluginManager:220 - loadIPPluginJar : add spi
2024-04-26 16:49:07,107 [INFO] IPUIPlugin:80 - create IPUIPlugin
2024-04-26 16:49:07,107 [INFO] PluginManager:220 - loadIPPluginJar : add usbx
2024-04-26 16:49:07,109 [INFO] IPUIPlugin:80 - create IPUIPlugin
2024-04-26 16:49:07,110 [INFO] PluginManager:220 - loadIPPluginJar : add resmgrutility
2024-04-26 16:49:07,112 [INFO] IPUIPlugin:80 - create IPUIPlugin
2024-04-26 16:49:07,112 [INFO] PluginManager:220 - loadIPPluginJar : add gpio
2024-04-26 16:49:07,114 [INFO] IPUIPlugin:80 - create IPUIPlugin
2024-04-26 16:49:07,115 [INFO] PluginManager:220 - loadIPPluginJar : add extmemmanager
2024-04-26 16:49:07,117 [INFO] IPUIPlugin:80 - create IPUIPlugin
2024-04-26 16:49:07,117 [INFO] PluginManager:220 - loadIPPluginJar : add touchsensing
2024-04-26 16:49:07,121 [INFO] IPUIPlugin:80 - create IPUIPlugin
2024-04-26 16:49:07,121 [INFO] PluginManager:220 - loadIPPluginJar : add gic
2024-04-26 16:49:07,123 [INFO] IPUIPlugin:80 - create IPUIPlugin
2024-04-26 16:49:07,123 [INFO] PluginManager:220 - loadIPPluginJar : add ucpd
2024-04-26 16:49:07,128 [INFO] IPUIPlugin:80 - create IPUIPlugin
2024-04-26 16:49:07,128 [INFO] PluginManager:220 - loadIPPluginJar : add mdma
2024-04-26 16:49:07,130 [INFO] IPUIPlugin:80 - create IPUIPlugin
2024-04-26 16:49:07,131 [INFO] PluginManager:220 - loadIPPluginJar : add i2c
2024-04-26 16:49:07,133 [INFO] IPUIPlugin:80 - create IPUIPlugin
2024-04-26 16:49:07,133 [INFO] PluginManager:220 - loadIPPluginJar : add sai
2024-04-26 16:49:07,136 [INFO] IPUIPlugin:80 - create IPUIPlugin
2024-04-26 16:49:07,136 [INFO] PluginManager:220 - loadIPPluginJar : add can
2024-04-26 16:49:07,142 [INFO] IPUIPlugin:80 - create IPUIPlugin
2024-04-26 16:49:07,142 [INFO] PluginManager:220 - loadIPPluginJar : add linkedlist
2024-04-26 16:49:07,144 [INFO] IPUIPlugin:80 - create IPUIPlugin
2024-04-26 16:49:07,144 [INFO] PluginManager:220 - loadIPPluginJar : add comp
2024-04-26 16:49:07,148 [INFO] IPUIPlugin:80 - create IPUIPlugin
2024-04-26 16:49:07,148 [INFO] PluginManager:220 - loadIPPluginJar : add freertos
2024-04-26 16:49:07,151 [INFO] IPUIPlugin:80 - create IPUIPlugin
2024-04-26 16:49:07,151 [INFO] PluginManager:220 - loadIPPluginJar : add gtzc
2024-04-26 16:49:07,154 [INFO] IPUIPlugin:80 - create IPUIPlugin
2024-04-26 16:49:07,154 [INFO] PluginManager:220 - loadIPPluginJar : add aes
2024-04-26 16:49:07,155 [INFO] IPUIPlugin:80 - create IPUIPlugin
2024-04-26 16:49:07,155 [INFO] PluginManager:220 - loadIPPluginJar : add tim
2024-04-26 16:49:07,157 [INFO] IPUIPlugin:80 - create IPUIPlugin
2024-04-26 16:49:07,157 [INFO] PluginManager:220 - loadIPPluginJar : add cryp
2024-04-26 16:49:07,159 [INFO] IPUIPlugin:80 - create IPUIPlugin
2024-04-26 16:49:07,159 [INFO] PluginManager:220 - loadIPPluginJar : add ts
2024-04-26 16:49:07,161 [INFO] IPUIPlugin:80 - create IPUIPlugin
2024-04-26 16:49:07,161 [INFO] PluginManager:220 - loadIPPluginJar : add lorawan
2024-04-26 16:49:07,163 [INFO] IPUIPlugin:80 - create IPUIPlugin
2024-04-26 16:49:07,163 [INFO] PluginManager:220 - loadIPPluginJar : add ipddr
2024-04-26 16:49:07,166 [INFO] IPUIPlugin:80 - create IPUIPlugin
2024-04-26 16:49:07,166 [INFO] PluginManager:220 - loadIPPluginJar : add tracer_emb
2024-04-26 16:49:07,172 [INFO] IPUIPlugin:80 - create IPUIPlugin
2024-04-26 16:49:07,172 [INFO] PluginManager:220 - loadIPPluginJar : add dma
2024-04-26 16:49:07,174 [INFO] IPUIPlugin:80 - create IPUIPlugin
2024-04-26 16:49:07,175 [INFO] PluginManager:220 - loadIPPluginJar : add usart
2024-04-26 16:49:07,179 [INFO] IPUIPlugin:80 - create IPUIPlugin
2024-04-26 16:49:07,182 [INFO] PluginManager:220 - loadIPPluginJar : add plateformsettings
2024-04-26 16:49:07,184 [INFO] IPUIPlugin:80 - create IPUIPlugin
2024-04-26 16:49:07,184 [INFO] PluginManager:220 - loadIPPluginJar : add genericplugin
2024-04-26 16:49:07,185 [INFO] IPUIPlugin:80 - create IPUIPlugin
2024-04-26 16:49:07,185 [INFO] PluginManager:220 - loadIPPluginJar : add gfxmmu
2024-04-26 16:49:07,187 [INFO] IPUIPlugin:80 - create IPUIPlugin
2024-04-26 16:49:07,187 [INFO] PluginManager:220 - loadIPPluginJar : add hash
2024-04-26 16:49:07,190 [INFO] IPUIPlugin:80 - create IPUIPlugin
2024-04-26 16:49:07,190 [INFO] PluginManager:220 - loadIPPluginJar : add i3c
2024-04-26 16:49:07,192 [INFO] IPUIPlugin:80 - create IPUIPlugin
2024-04-26 16:49:07,192 [INFO] PluginManager:220 - loadIPPluginJar : add i2s
2024-04-26 16:49:07,293 [INFO] CADModel:165 - CPN selected for project level
2024-04-26 16:49:07,293 [INFO] CADModel:114 - Register for checkConnection events
2024-04-26 16:49:07,293 [FATAL] Updater:308 - Updater called before beeing initialized
2024-04-26 16:49:07,293 [ERROR] CADModel:125 - Updater not yet initialized, retry later 
2024-04-26 16:49:07,383 [INFO] CADModel:165 - CPN selected for project level
2024-04-26 16:49:07,383 [INFO] CADModel:114 - Register for checkConnection events
2024-04-26 16:49:07,383 [FATAL] Updater:308 - Updater called before beeing initialized
2024-04-26 16:49:07,383 [ERROR] CADModel:125 - Updater not yet initialized, retry later 
2024-04-26 16:49:07,386 [FATAL] Updater:308 - Updater called before beeing initialized
2024-04-26 16:49:07,456 [FATAL] Updater:308 - Updater called before beeing initialized
2024-04-26 16:49:07,460 [INFO] DbMcusAds:53 - JSON generation date=Wed Nov 29 16:22:27 IST 2023 (1701255147349)
2024-04-26 16:49:07,460 [FATAL] Updater:308 - Updater called before beeing initialized
2024-04-26 16:49:07,488 [WARN] DetailPanel:346 - Failed to get advertising image, set to default
2024-04-26 16:49:07,561 [FATAL] Updater:308 - Updater called before beeing initialized
2024-04-26 16:49:07,563 [FATAL] Updater:308 - Updater called before beeing initialized
2024-04-26 16:49:07,563 [FATAL] Updater:308 - Updater called before beeing initialized
2024-04-26 16:49:07,563 [WARN] DetailPanel:346 - Failed to get advertising image, set to default
2024-04-26 16:49:07,563 [FATAL] Updater:308 - Updater called before beeing initialized
2024-04-26 16:49:07,591 [ERROR] Updater:1120 - MainUpdater not yet initialized. External WinMGr cannot be set.
2024-04-26 16:49:07,594 [INFO] Updater:1056 - Updater Version found : 6.11.0
2024-04-26 16:49:07,607 [INFO] ApplicationProperties:184 - Using Application install path: /opt/st/stm32cubeide_1.15.0_2/plugins/com.st.stm32cube.common.mx_6.11.0.202403141607
2024-04-26 16:49:07,865 [INFO] MainUpdater:2873 - connection check result : 10
2024-04-26 16:49:07,866 [INFO] MainUpdater:290 - Updater Check For Update Now.
2024-04-26 16:49:07,866 [INFO] MicroXplorer:498 - Change Database Version : DB.6.0.110
2024-04-26 16:49:07,871 [INFO] McuFinderGlobals:63 - Set McuFinder mode to 2 (CubeIDE integrated)
2024-04-26 16:49:07,871 [INFO] UserAuth:179 - activating auth plugin
2024-04-26 16:49:07,874 [INFO] UserAuth:415 - Internet connection configuration mode: 1
2024-04-26 16:49:07,886 [INFO] JxBrowserEngine:152 - Initiate JxBrowser Engine with user profile folder
2024-04-26 16:49:08,030 [INFO] CheckServerUpdateThread:120 - End of CheckServer Thread
2024-04-26 16:49:08,370 [INFO] WebApp:161 - Instantiating new browser for Auth
2024-04-26 16:49:08,768 [INFO] WebApp:779 - Register for checkConnection events
2024-04-26 16:49:08,768 [INFO] WebApp:414 - Apply proxy settings
2024-04-26 16:49:08,768 [INFO] WebApp:499 - Chromium requires no authentication
2024-04-26 16:49:08,773 [INFO] WebApp:442 - Direct internet connection detected
2024-04-26 16:49:08,889 [INFO] WebApp:192 - Starting web application
2024-04-26 16:49:08,889 [INFO] WebApp:544 - Web application path used /opt/st/stm32cubeide_1.15.0_2/plugins/com.st.stm32cube.common.mx_6.11.0.202403141607/db/plugins/mcufinder/reactClient1/index.html
2024-04-26 16:49:09,802 [WARN] PackLoader:240 - Cannot read IP mode file for STMicroelectronics.FP-SNS-MOTENVWB1.1.4.0
2024-04-26 16:49:09,812 [WARN] PackLoader:240 - Cannot read IP mode file for STMicroelectronics.X-CUBE-SMBUS.2.1.0
2024-04-26 16:49:09,817 [WARN] PackLoader:240 - Cannot read IP mode file for STMicroelectronics.X-CUBE-TOUCHGFX.4.23.2
2024-04-26 16:49:09,860 [WARN] PackLoader:240 - Cannot read IP mode file for STMicroelectronics.X-CUBE-AZRTOS-F7.1.1.0
2024-04-26 16:49:09,882 [WARN] PackLoader:240 - Cannot read IP mode file for STMicroelectronics.FP-SNS-FLIGHT1.5.0.2
2024-04-26 16:49:09,900 [WARN] PackLoader:240 - Cannot read IP mode file for STMicroelectronics.X-CUBE-DISPLAY.3.0.0
2024-04-26 16:49:09,922 [WARN] PackLoader:240 - Cannot read IP mode file for STMicroelectronics.X-CUBE-BLE1.7.0.0
2024-04-26 16:49:09,938 [WARN] PackLoader:240 - Cannot read IP mode file for STMicroelectronics.X-CUBE-BLEMGR.3.1.0
2024-04-26 16:49:09,949 [WARN] PackLoader:240 - Cannot read IP mode file for STMicroelectronics.FP-SNS-SMARTAG2.1.2.0
2024-04-26 16:49:09,962 [INFO] LogOutputStream:77 - [STDOUT_REDIRECT] 1 : Invalid condition id : UX_CORESTACK_Condition cause : null
2024-04-26 16:49:09,965 [INFO] LogOutputStream:77 - [STDOUT_REDIRECT] 1 : Invalid condition id : UX_CORESTACK_Condition cause : null
2024-04-26 16:49:09,966 [INFO] LogOutputStream:77 - [STDOUT_REDIRECT] 1 : Invalid condition id : UX_CORESTACK_Condition cause : null
2024-04-26 16:49:09,969 [INFO] LogOutputStream:77 - [STDOUT_REDIRECT] 1 : Invalid condition id : UX_CORESTACK_Condition cause : null
2024-04-26 16:49:09,970 [INFO] LogOutputStream:77 - [STDOUT_REDIRECT] 1 : Invalid condition id : UX_CORESTACK_Condition cause : null
2024-04-26 16:49:09,973 [WARN] PackLoader:240 - Cannot read IP mode file for STMicroelectronics.X-CUBE-AZRTOS-WL.2.0.0
2024-04-26 16:49:09,980 [WARN] PackLoader:240 - Cannot read IP mode file for STMicroelectronics.X-CUBE-BLE2.3.3.0
2024-04-26 16:49:09,985 [WARN] PackLoader:240 - Cannot read IP mode file for STMicroelectronics.X-CUBE-TCPP.4.1.0
2024-04-26 16:49:09,994 [WARN] PackLoader:240 - Cannot read IP mode file for STMicroelectronics.X-CUBE-ALGOBUILD.1.3.0
2024-04-26 16:49:10,011 [WARN] PackLoader:240 - Cannot read IP mode file for STMicroelectronics.X-CUBE-AZRTOS-G0.1.1.0
2024-04-26 16:49:10,022 [WARN] PackLoader:240 - Cannot read IP mode file for STMicroelectronics.X-CUBE-SAFEA1.1.2.2
2024-04-26 16:49:10,027 [WARN] PackLoader:240 - Cannot read IP mode file for STMicroelectronics.X-CUBE-NFC4.3.0.0
2024-04-26 16:49:10,032 [WARN] PackLoader:240 - Cannot read IP mode file for wolfSSL.I-CUBE-wolfSSL.5.7.0
2024-04-26 16:49:10,034 [WARN] PackLoader:240 - Cannot read IP mode file for STMicroelectronics.FP-ATR-SIGFOX1.3.2.0
2024-04-26 16:49:10,039 [WARN] PackLoader:240 - Cannot read IP mode file for STMicroelectronics.X-CUBE-EEPRMA1.5.1.0
2024-04-26 16:49:10,068 [WARN] PackLoader:240 - Cannot read IP mode file for SEGGER.I-CUBE-embOS.1.3.1
2024-04-26 16:49:10,128 [WARN] PackLoader:240 - Cannot read IP mode file for STMicroelectronics.X-CUBE-GNSS1.6.0.0
2024-04-26 16:49:10,146 [WARN] PackLoader:240 - Cannot read IP mode file for STMicroelectronics.X-CUBE-AZRTOS-F4.1.1.0
2024-04-26 16:49:10,152 [WARN] PackLoader:240 - Cannot read IP mode file for STMicroelectronics.X-CUBE-FREERTOS.1.2.0
2024-04-26 16:49:10,166 [WARN] PackLoader:240 - Cannot read IP mode file for STMicroelectronics.X-CUBE-AZRTOS-L5.2.0.0
2024-04-26 16:49:10,177 [WARN] PackLoader:240 - Cannot read IP mode file for STMicroelectronics.X-CUBE-NFC6.3.1.0
2024-04-26 16:49:10,185 [WARN] PackLoader:240 - Cannot read IP mode file for STMicroelectronics.X-CUBE-AI.9.0.0
2024-04-26 16:49:10,191 [WARN] PackLoader:240 - Cannot read IP mode file for STMicroelectronics.X-CUBE-NFC7.1.0.1
2024-04-26 16:49:10,198 [WARN] PackLoader:240 - Cannot read IP mode file for STMicroelectronics.X-CUBE-AI.8.1.0
2024-04-26 16:49:10,214 [WARN] ConditionMgr:438 - getConditionDescription Invalid condition id : LAN8742 Phy interface Condition cause : null
2024-04-26 16:49:10,215 [WARN] PackLoader:240 - Cannot read IP mode file for STMicroelectronics.X-CUBE-AZRTOS-L4.2.0.0
2024-04-26 16:49:10,217 [WARN] ConditionMgr:1039 - genDependencies : Invalid condition id : LAN8742 Phy interface Condition cause : null
2024-04-26 16:49:10,218 [WARN] ConditionMgr:1039 - genDependencies : Invalid condition id : LAN8742 Phy interface Condition cause : null
2024-04-26 16:49:10,219 [WARN] ConditionMgr:1039 - genDependencies : Invalid condition id : LAN8742 Phy interface Condition cause : null
2024-04-26 16:49:10,226 [WARN] PackLoader:240 - Cannot read IP mode file for STMicroelectronics.X-CUBE-SFXS2LP1.4.0.0
2024-04-26 16:49:10,237 [WARN] ConditionMgr:438 - getConditionDescription Invalid condition id : UX DEVICE CLASS RTOS Condition cause : null
2024-04-26 16:49:10,238 [WARN] ConditionMgr:438 - getConditionDescription Invalid condition id : UX DEVICE CLASS RTOS Condition cause : null
2024-04-26 16:49:10,240 [WARN] PackLoader:240 - Cannot read IP mode file for STMicroelectronics.X-CUBE-AZRTOS-WB.2.0.0
2024-04-26 16:49:10,241 [WARN] ConditionMgr:1039 - genDependencies : Invalid condition id : UX DEVICE CLASS RTOS Condition cause : null
2024-04-26 16:49:10,241 [WARN] ConditionMgr:1039 - genDependencies : Invalid condition id : UX DEVICE CLASS RTOS Condition cause : null
2024-04-26 16:49:10,242 [WARN] ConditionMgr:1039 - genDependencies : Invalid condition id : UX DEVICE CLASS RTOS Condition cause : null
2024-04-26 16:49:10,242 [WARN] ConditionMgr:1039 - genDependencies : Invalid condition id : UX DEVICE CLASS RTOS Condition cause : null
2024-04-26 16:49:10,242 [WARN] ConditionMgr:1039 - genDependencies : Invalid condition id : UX DEVICE CLASS RTOS Condition cause : null
2024-04-26 16:49:10,251 [WARN] PackLoader:240 - Cannot read IP mode file for STMicroelectronics.X-CUBE-SUBG2.5.0.0
2024-04-26 16:49:10,269 [WARN] PackLoader:240 - Cannot read IP mode file for STMicroelectronics.X-CUBE-AZRTOS-G4.2.0.0
2024-04-26 16:49:10,274 [WARN] PackLoader:240 - Cannot read IP mode file for STMicroelectronics.FP-SNS-MOTENVWB1.1.3.1
2024-04-26 16:49:10,278 [WARN] PackLoader:240 - Cannot read IP mode file for STMicroelectronics.X-CUBE-ISPU.2.0.0
2024-04-26 16:49:10,304 [WARN] PackLoader:240 - Cannot read IP mode file for STMicroelectronics.X-CUBE-MEMS1.10.0.0
2024-04-26 16:49:10,452 [WARN] PackLoader:240 - Cannot read IP mode file for STMicroelectronics.X-CUBE-FREERTOS.1.1.0
2024-04-26 16:49:10,456 [WARN] PackLoader:240 - Cannot read IP mode file for STMicroelectronics.X-CUBE-ALS.1.0.1
2024-04-26 16:49:10,468 [WARN] PackLoader:240 - Cannot read IP mode file for STMicroelectronics.X-CUBE-AZRTOS-H7RS.1.0.0
2024-04-26 16:49:10,474 [WARN] PackLoader:240 - Cannot read IP mode file for STMicroelectronics.FP-ATR-ASTRA1.2.0.0
2024-04-26 16:49:10,482 [WARN] PackLoader:240 - Cannot read IP mode file for STMicroelectronics.X-CUBE-TOF1.3.4.1
2024-04-26 16:49:10,511 [WARN] PackLoader:240 - Cannot read IP mode file for STMicroelectronics.X-CUBE-AZRTOS-H7.3.2.0
2024-04-26 16:49:10,528 [WARN] PackLoader:240 - Cannot read IP mode file for Infineon.AIROC-Wi-Fi-Bluetooth-STM32.1.6.0
2024-04-26 16:49:10,535 [INFO] ThirdParty:978 - Integrity check success = true
2024-04-26 16:49:10,536 [INFO] IntegrityCheckThread:100 - exiting critical section [integrity check]
2024-04-26 16:49:10,536 [INFO] IntegrityCheckThread:103 - End integrity checks thread
