2024-04-28 10:58:24,987 [INFO] Activator:176 - 


2024-04-28 10:58:24,992 [INFO] Activator:177 - !SESSION log4j initialized
2024-04-28 10:58:29,157 [INFO] LogOutputStream:77 - [STDOUT_REDIRECT] 
2024-04-28 10:58:29,975 [INFO] ApplicationProperties:184 - Using Application install path: /opt/st/stm32cubeide_1.15.0_2/plugins/com.st.stm32cube.common.mx_6.11.0.202403141607
2024-04-28 10:58:29,998 [INFO] DbMcusXml:78 - Set database path to: /opt/st/stm32cubeide_1.15.0_2/plugins/com.st.stm32cube.common.mx_6.11.0.202403141607//db//mcu/
2024-04-28 10:58:29,998 [INFO] ApiDb:274 - Set plugin database path to: /opt/st/stm32cubeide_1.15.0_2/plugins/com.st.stm32cube.common.mx_6.11.0.202403141607//db//plugins/boardmanager/
2024-04-28 10:58:29,999 [WARN] ApiDb:259 - Overriding images path with different value:  => /opt/st/stm32cubeide_1.15.0_2/plugins/com.st.stm32cube.common.mx_6.11.0.202403141607//db//plugins/mcufinder/images/
2024-04-28 10:58:30,008 [INFO] ApiDb:250 - Set database path to: /home/om/.stmcufinder/plugins/mcufinder//mcu/
2024-04-28 10:58:30,009 [INFO] DbMcusAds:125 - Set database path to: /home/om/.stmcufinder/plugins/mcufinder//mcu/
2024-04-28 10:58:30,012 [INFO] CrossReferenceDbSqlite:203 - Set database path to: /home/om/.stmcufinder/plugins/mcufinder//mcu/cs/
2024-04-28 10:58:30,115 [INFO] RulesReader:64 - Compatibility file has been processed (297 Rules)
2024-04-28 10:58:30,173 [INFO] DbMcusXml:78 - Set database path to: /opt/st/stm32cubeide_1.15.0_2/plugins/com.st.stm32cube.common.mx_6.11.0.202403141607//db//mcu/
2024-04-28 10:58:30,173 [INFO] ApiDb:274 - Set plugin database path to: /opt/st/stm32cubeide_1.15.0_2/plugins/com.st.stm32cube.common.mx_6.11.0.202403141607//db//plugins/boardmanager/
2024-04-28 10:58:30,173 [INFO] ApiDb:261 - Set plugin images path to: /opt/st/stm32cubeide_1.15.0_2/plugins/com.st.stm32cube.common.mx_6.11.0.202403141607//db//plugins/mcufinder/images/
2024-04-28 10:58:30,174 [WARN] DbFile:41 - Overriding database path with different value: /home/om/.stmcufinder/plugins/mcufinder/ => /home/om/.stmcufinder/plugins/mcufinder
2024-04-28 10:58:30,174 [INFO] ApiDb:250 - Set database path to: /home/om/.stmcufinder/plugins/mcufinder//mcu/
2024-04-28 10:58:30,174 [WARN] DbFile:41 - Overriding database path with different value: /home/om/.stmcufinder/plugins/mcufinder/ => /home/om/.stmcufinder/plugins/mcufinder
2024-04-28 10:58:30,174 [INFO] DbMcusAds:125 - Set database path to: /home/om/.stmcufinder/plugins/mcufinder//mcu/
2024-04-28 10:58:30,174 [WARN] DbFile:41 - Overriding database path with different value: /home/om/.stmcufinder/plugins/mcufinder/ => /home/om/.stmcufinder/plugins/mcufinder
2024-04-28 10:58:30,174 [WARN] DbFile:41 - Overriding database path with different value: /home/om/.stmcufinder/plugins/mcufinder/ => /home/om/.stmcufinder/plugins/mcufinder
2024-04-28 10:58:30,174 [INFO] CrossReferenceDbSqlite:203 - Set database path to: /home/om/.stmcufinder/plugins/mcufinder//mcu/cs/
2024-04-28 10:58:30,232 [INFO] MainPanel:264 - HeapMemory: 268435456
2024-04-28 10:58:30,313 [INFO] DbMcusXml:78 - Set database path to: /opt/st/stm32cubeide_1.15.0_2/plugins/com.st.stm32cube.common.mx_6.11.0.202403141607//db//mcu/
2024-04-28 10:58:30,313 [INFO] ApiDb:274 - Set plugin database path to: /opt/st/stm32cubeide_1.15.0_2/plugins/com.st.stm32cube.common.mx_6.11.0.202403141607//db//plugins/boardmanager/
2024-04-28 10:58:30,313 [INFO] ApiDb:261 - Set plugin images path to: /opt/st/stm32cubeide_1.15.0_2/plugins/com.st.stm32cube.common.mx_6.11.0.202403141607//db//plugins/mcufinder/images/
2024-04-28 10:58:30,314 [WARN] DbFile:41 - Overriding database path with different value: /home/om/.stmcufinder/plugins/mcufinder/ => /home/om/.stmcufinder/plugins/mcufinder
2024-04-28 10:58:30,314 [INFO] ApiDb:250 - Set database path to: /home/om/.stmcufinder/plugins/mcufinder//mcu/
2024-04-28 10:58:30,314 [WARN] DbFile:41 - Overriding database path with different value: /home/om/.stmcufinder/plugins/mcufinder/ => /home/om/.stmcufinder/plugins/mcufinder
2024-04-28 10:58:30,314 [INFO] DbMcusAds:125 - Set database path to: /home/om/.stmcufinder/plugins/mcufinder//mcu/
2024-04-28 10:58:30,314 [WARN] DbFile:41 - Overriding database path with different value: /home/om/.stmcufinder/plugins/mcufinder/ => /home/om/.stmcufinder/plugins/mcufinder
2024-04-28 10:58:30,314 [WARN] DbFile:41 - Overriding database path with different value: /home/om/.stmcufinder/plugins/mcufinder/ => /home/om/.stmcufinder/plugins/mcufinder
2024-04-28 10:58:30,315 [INFO] CrossReferenceDbSqlite:203 - Set database path to: /home/om/.stmcufinder/plugins/mcufinder//mcu/cs/
2024-04-28 10:58:30,330 [INFO] ApplicationProperties:184 - Using Application install path: /opt/st/stm32cubeide_1.15.0_2/plugins/com.st.stm32cube.common.mx_6.11.0.202403141607
2024-04-28 10:58:30,331 [INFO] PluginManage:196 - Search for loadable plugins [exclusion list=, ]
2024-04-28 10:58:30,332 [INFO] PluginManage:310 - Check plugin analytics
2024-04-28 10:58:30,471 [INFO] AnalyticsPlugin:253 - Accepted Software Licenses: 
2024-04-28 10:58:30,471 [INFO] AnalyticsPlugin:255 - Accepted CMSIS Pack Licenses: 
2024-04-28 10:58:30,471 [INFO] AnalyticsPlugin:257 - Accepted Firmware Licenses: 
2024-04-28 10:58:30,473 [INFO] PluginManage:359 - Loaded plugin analytics (category:tool,tabindex:-1)
2024-04-28 10:58:30,473 [INFO] PluginManage:310 - Check plugin cadmodel
2024-04-28 10:58:30,498 [INFO] CADModel:105 - Init CAD model plugin
2024-04-28 10:58:30,499 [INFO] PluginManage:359 - Loaded plugin cadmodel (category:power,tabindex:5)
2024-04-28 10:58:30,499 [INFO] PluginManage:310 - Check plugin clock
2024-04-28 10:58:30,508 [INFO] PluginManage:359 - Loaded plugin clock (category:base,tabindex:2)
2024-04-28 10:58:30,508 [INFO] PluginManage:310 - Check plugin ddr
2024-04-28 10:58:30,510 [INFO] PluginManage:359 - Loaded plugin ddr (category:tool,tabindex:6)
2024-04-28 10:58:30,510 [INFO] PluginManage:310 - Check plugin filemanager
2024-04-28 10:58:30,633 [INFO] PluginManage:359 - Loaded plugin filemanager (category:base,tabindex:10)
2024-04-28 10:58:30,633 [INFO] PluginManage:310 - Check plugin ipmanager
2024-04-28 10:58:30,639 [INFO] PluginManage:359 - Loaded plugin ipmanager (category:base,tabindex:5)
2024-04-28 10:58:30,639 [INFO] PluginManage:310 - Check plugin lpbam
2024-04-28 10:58:30,647 [INFO] PluginManage:359 - Loaded plugin lpbam (category:base,tabindex:0)
2024-04-28 10:58:30,648 [INFO] PluginManage:310 - Check plugin memorymap
2024-04-28 10:58:30,658 [INFO] PluginManage:359 - Loaded plugin memorymap (category:base,tabindex:4)
2024-04-28 10:58:30,658 [INFO] PluginManage:310 - Check plugin pinoutandconfiguration
2024-04-28 10:58:30,666 [INFO] PluginManage:359 - Loaded plugin pinoutandconfiguration (category:base,tabindex:1)
2024-04-28 10:58:30,667 [INFO] PluginManage:310 - Check plugin pinoutconfig
2024-04-28 10:58:30,738 [WARN] SupportedApi:132 - Cannot load RTOS API schema: s4s-elt-must-match.1: The content of 'definitions' must match (annotation?, (simpleType | complexType)?, (unique | key | keyref)*)). A problem was found starting at: attribute.
2024-04-28 10:58:30,863 [INFO] PluginManage:359 - Loaded plugin pinoutconfig (category:base,tabindex:0)
2024-04-28 10:58:30,863 [INFO] PluginManage:310 - Check plugin power
2024-04-28 10:58:30,872 [INFO] PluginManage:359 - Loaded plugin power (category:power,tabindex:4)
2024-04-28 10:58:30,872 [INFO] PluginManage:310 - Check plugin projectmanager
2024-04-28 10:58:30,886 [INFO] PluginManage:359 - Loaded plugin projectmanager (category:projectmanager,tabindex:3)
2024-04-28 10:58:30,886 [INFO] PluginManage:310 - Check plugin thirdparty
2024-04-28 10:58:30,991 [INFO] PluginManage:359 - Loaded plugin thirdparty (category:base,tabindex:-1)
2024-04-28 10:58:30,990 [WARN] IntegrityCheckThread:84 - waiting for thirdparty lock release [integrity check]
2024-04-28 10:58:30,991 [INFO] IntegrityCheckThread:86 - entering critical section [integrity check]
2024-04-28 10:58:30,991 [INFO] PluginManage:310 - Check plugin tools
2024-04-28 10:58:30,991 [INFO] ThirdPartyUpdaterWithRetryManager:70 - Updater plugin not ready yet. [1/15]
2024-04-28 10:58:30,993 [INFO] PluginManage:359 - Loaded plugin tools (category:base,tabindex:7)
2024-04-28 10:58:30,994 [INFO] PluginManage:310 - Check plugin tutovideos
2024-04-28 10:58:31,158 [INFO] PluginManage:359 - Loaded plugin tutovideos (category:base,tabindex:-1)
2024-04-28 10:58:31,158 [INFO] PluginManage:310 - Check plugin updater
2024-04-28 10:58:31,168 [INFO] PluginManage:359 - Loaded plugin updater (category:base,tabindex:12)
2024-04-28 10:58:31,169 [INFO] PluginManage:310 - Check plugin userauth
2024-04-28 10:58:31,174 [INFO] UserAuth:114 - Init User Auth plugin
2024-04-28 10:58:31,174 [INFO] PluginManage:359 - Loaded plugin userauth (category:base,tabindex:14)
2024-04-28 10:58:31,174 [INFO] PluginManage:283 - PluginManage : Loaded plugins [17]
2024-04-28 10:58:31,351 [INFO] PinOutPanel:1561 - setPackage(No Configuration,No Configuration)
2024-04-28 10:58:31,414 [INFO] CADModel:165 - CPN selected for project level
2024-04-28 10:58:31,415 [INFO] CADModel:114 - Register for checkConnection events
2024-04-28 10:58:31,424 [INFO] IPUIPlugin:80 - create IPUIPlugin
2024-04-28 10:58:31,424 [INFO] PluginManager:220 - loadIPPluginJar : add fatfs
2024-04-28 10:58:31,426 [INFO] IPUIPlugin:80 - create IPUIPlugin
2024-04-28 10:58:31,426 [INFO] PluginManager:220 - loadIPPluginJar : add quadspi
2024-04-28 10:58:31,427 [INFO] IPUIPlugin:80 - create IPUIPlugin
2024-04-28 10:58:31,428 [INFO] PluginManager:220 - loadIPPluginJar : add ltdc
2024-04-28 10:58:31,434 [INFO] IPUIPlugin:80 - create IPUIPlugin
2024-04-28 10:58:31,435 [INFO] PluginManager:220 - loadIPPluginJar : add tsc
2024-04-28 10:58:31,444 [INFO] IPUIPlugin:80 - create IPUIPlugin
2024-04-28 10:58:31,445 [INFO] PluginManager:220 - loadIPPluginJar : add stm32_wpan
2024-04-28 10:58:31,451 [INFO] IPUIPlugin:80 - create IPUIPlugin
2024-04-28 10:58:31,452 [INFO] PluginManager:220 - loadIPPluginJar : add adc
2024-04-28 10:58:31,456 [INFO] IPUIPlugin:80 - create IPUIPlugin
2024-04-28 10:58:31,456 [INFO] PluginManager:220 - loadIPPluginJar : add nvic
2024-04-28 10:58:31,459 [INFO] IPUIPlugin:80 - create IPUIPlugin
2024-04-28 10:58:31,459 [INFO] PluginManager:220 - loadIPPluginJar : add dma3
2024-04-28 10:58:31,464 [INFO] IPUIPlugin:80 - create IPUIPlugin
2024-04-28 10:58:31,464 [INFO] PluginManager:220 - loadIPPluginJar : add fmc
2024-04-28 10:58:31,466 [INFO] IPUIPlugin:80 - create IPUIPlugin
2024-04-28 10:58:31,466 [INFO] PluginManager:220 - loadIPPluginJar : add dfsdm
2024-04-28 10:58:31,470 [INFO] IPUIPlugin:80 - create IPUIPlugin
2024-04-28 10:58:31,470 [INFO] PluginManager:220 - loadIPPluginJar : add openamp
2024-04-28 10:58:31,472 [INFO] IPUIPlugin:80 - create IPUIPlugin
2024-04-28 10:58:31,472 [INFO] PluginManager:220 - loadIPPluginJar : add pdm2pcm
2024-04-28 10:58:31,475 [INFO] IPUIPlugin:80 - create IPUIPlugin
2024-04-28 10:58:31,476 [INFO] PluginManager:220 - loadIPPluginJar : add opamp
2024-04-28 10:58:31,478 [INFO] IPUIPlugin:80 - create IPUIPlugin
2024-04-28 10:58:31,478 [INFO] PluginManager:220 - loadIPPluginJar : add spi
2024-04-28 10:58:31,481 [INFO] IPUIPlugin:80 - create IPUIPlugin
2024-04-28 10:58:31,481 [INFO] PluginManager:220 - loadIPPluginJar : add usbx
2024-04-28 10:58:31,484 [INFO] IPUIPlugin:80 - create IPUIPlugin
2024-04-28 10:58:31,484 [INFO] PluginManager:220 - loadIPPluginJar : add resmgrutility
2024-04-28 10:58:31,489 [INFO] IPUIPlugin:80 - create IPUIPlugin
2024-04-28 10:58:31,489 [INFO] PluginManager:220 - loadIPPluginJar : add gpio
2024-04-28 10:58:31,492 [INFO] IPUIPlugin:80 - create IPUIPlugin
2024-04-28 10:58:31,492 [INFO] PluginManager:220 - loadIPPluginJar : add extmemmanager
2024-04-28 10:58:31,495 [INFO] IPUIPlugin:80 - create IPUIPlugin
2024-04-28 10:58:31,495 [INFO] PluginManager:220 - loadIPPluginJar : add touchsensing
2024-04-28 10:58:31,499 [INFO] IPUIPlugin:80 - create IPUIPlugin
2024-04-28 10:58:31,500 [INFO] PluginManager:220 - loadIPPluginJar : add gic
2024-04-28 10:58:31,501 [INFO] IPUIPlugin:80 - create IPUIPlugin
2024-04-28 10:58:31,502 [INFO] PluginManager:220 - loadIPPluginJar : add ucpd
2024-04-28 10:58:31,507 [INFO] IPUIPlugin:80 - create IPUIPlugin
2024-04-28 10:58:31,507 [INFO] PluginManager:220 - loadIPPluginJar : add mdma
2024-04-28 10:58:31,509 [INFO] IPUIPlugin:80 - create IPUIPlugin
2024-04-28 10:58:31,510 [INFO] PluginManager:220 - loadIPPluginJar : add i2c
2024-04-28 10:58:31,512 [INFO] IPUIPlugin:80 - create IPUIPlugin
2024-04-28 10:58:31,512 [INFO] PluginManager:220 - loadIPPluginJar : add sai
2024-04-28 10:58:31,514 [INFO] IPUIPlugin:80 - create IPUIPlugin
2024-04-28 10:58:31,515 [INFO] PluginManager:220 - loadIPPluginJar : add can
2024-04-28 10:58:31,520 [INFO] IPUIPlugin:80 - create IPUIPlugin
2024-04-28 10:58:31,521 [INFO] PluginManager:220 - loadIPPluginJar : add linkedlist
2024-04-28 10:58:31,522 [INFO] IPUIPlugin:80 - create IPUIPlugin
2024-04-28 10:58:31,522 [INFO] PluginManager:220 - loadIPPluginJar : add comp
2024-04-28 10:58:31,527 [INFO] IPUIPlugin:80 - create IPUIPlugin
2024-04-28 10:58:31,527 [INFO] PluginManager:220 - loadIPPluginJar : add freertos
2024-04-28 10:58:31,530 [INFO] IPUIPlugin:80 - create IPUIPlugin
2024-04-28 10:58:31,530 [INFO] PluginManager:220 - loadIPPluginJar : add gtzc
2024-04-28 10:58:31,532 [INFO] IPUIPlugin:80 - create IPUIPlugin
2024-04-28 10:58:31,532 [INFO] PluginManager:220 - loadIPPluginJar : add aes
2024-04-28 10:58:31,534 [INFO] IPUIPlugin:80 - create IPUIPlugin
2024-04-28 10:58:31,534 [INFO] PluginManager:220 - loadIPPluginJar : add tim
2024-04-28 10:58:31,536 [INFO] IPUIPlugin:80 - create IPUIPlugin
2024-04-28 10:58:31,536 [INFO] PluginManager:220 - loadIPPluginJar : add cryp
2024-04-28 10:58:31,537 [INFO] IPUIPlugin:80 - create IPUIPlugin
2024-04-28 10:58:31,537 [INFO] PluginManager:220 - loadIPPluginJar : add ts
2024-04-28 10:58:31,539 [INFO] IPUIPlugin:80 - create IPUIPlugin
2024-04-28 10:58:31,539 [INFO] PluginManager:220 - loadIPPluginJar : add lorawan
2024-04-28 10:58:31,542 [INFO] IPUIPlugin:80 - create IPUIPlugin
2024-04-28 10:58:31,542 [INFO] PluginManager:220 - loadIPPluginJar : add ipddr
2024-04-28 10:58:31,543 [INFO] IPUIPlugin:80 - create IPUIPlugin
2024-04-28 10:58:31,544 [INFO] PluginManager:220 - loadIPPluginJar : add tracer_emb
2024-04-28 10:58:31,549 [INFO] IPUIPlugin:80 - create IPUIPlugin
2024-04-28 10:58:31,549 [INFO] PluginManager:220 - loadIPPluginJar : add dma
2024-04-28 10:58:31,551 [INFO] IPUIPlugin:80 - create IPUIPlugin
2024-04-28 10:58:31,551 [INFO] PluginManager:220 - loadIPPluginJar : add usart
2024-04-28 10:58:31,556 [INFO] IPUIPlugin:80 - create IPUIPlugin
2024-04-28 10:58:31,559 [INFO] PluginManager:220 - loadIPPluginJar : add plateformsettings
2024-04-28 10:58:31,560 [INFO] IPUIPlugin:80 - create IPUIPlugin
2024-04-28 10:58:31,560 [INFO] PluginManager:220 - loadIPPluginJar : add genericplugin
2024-04-28 10:58:31,562 [INFO] IPUIPlugin:80 - create IPUIPlugin
2024-04-28 10:58:31,562 [INFO] PluginManager:220 - loadIPPluginJar : add gfxmmu
2024-04-28 10:58:31,564 [INFO] IPUIPlugin:80 - create IPUIPlugin
2024-04-28 10:58:31,564 [INFO] PluginManager:220 - loadIPPluginJar : add hash
2024-04-28 10:58:31,567 [INFO] IPUIPlugin:80 - create IPUIPlugin
2024-04-28 10:58:31,567 [INFO] PluginManager:220 - loadIPPluginJar : add i3c
2024-04-28 10:58:31,569 [INFO] IPUIPlugin:80 - create IPUIPlugin
2024-04-28 10:58:31,569 [INFO] PluginManager:220 - loadIPPluginJar : add i2s
2024-04-28 10:58:31,667 [INFO] CADModel:165 - CPN selected for project level
2024-04-28 10:58:31,667 [INFO] CADModel:114 - Register for checkConnection events
2024-04-28 10:58:31,667 [FATAL] Updater:308 - Updater called before beeing initialized
2024-04-28 10:58:31,667 [ERROR] CADModel:125 - Updater not yet initialized, retry later 
2024-04-28 10:58:31,770 [INFO] CADModel:165 - CPN selected for project level
2024-04-28 10:58:31,771 [INFO] CADModel:114 - Register for checkConnection events
2024-04-28 10:58:31,771 [FATAL] Updater:308 - Updater called before beeing initialized
2024-04-28 10:58:31,771 [ERROR] CADModel:125 - Updater not yet initialized, retry later 
2024-04-28 10:58:31,773 [FATAL] Updater:308 - Updater called before beeing initialized
2024-04-28 10:58:31,841 [FATAL] Updater:308 - Updater called before beeing initialized
2024-04-28 10:58:31,845 [INFO] DbMcusAds:53 - JSON generation date=Wed Nov 29 16:22:27 IST 2023 (1701255147349)
2024-04-28 10:58:31,845 [FATAL] Updater:308 - Updater called before beeing initialized
2024-04-28 10:58:31,878 [WARN] DetailPanel:346 - Failed to get advertising image, set to default
2024-04-28 10:58:31,953 [FATAL] Updater:308 - Updater called before beeing initialized
2024-04-28 10:58:31,955 [FATAL] Updater:308 - Updater called before beeing initialized
2024-04-28 10:58:31,955 [FATAL] Updater:308 - Updater called before beeing initialized
2024-04-28 10:58:31,955 [WARN] DetailPanel:346 - Failed to get advertising image, set to default
2024-04-28 10:58:31,956 [FATAL] Updater:308 - Updater called before beeing initialized
2024-04-28 10:58:31,980 [ERROR] Updater:1120 - MainUpdater not yet initialized. External WinMGr cannot be set.
2024-04-28 10:58:31,982 [INFO] Updater:1056 - Updater Version found : 6.11.0
2024-04-28 10:58:31,996 [INFO] ApplicationProperties:184 - Using Application install path: /opt/st/stm32cubeide_1.15.0_2/plugins/com.st.stm32cube.common.mx_6.11.0.202403141607
2024-04-28 10:58:32,335 [INFO] MainUpdater:2873 - connection check result : 10
2024-04-28 10:58:32,336 [INFO] MainUpdater:290 - Updater Check For Update Now.
2024-04-28 10:58:32,336 [INFO] MicroXplorer:498 - Change Database Version : DB.6.0.110
2024-04-28 10:58:32,343 [INFO] McuFinderGlobals:63 - Set McuFinder mode to 2 (CubeIDE integrated)
2024-04-28 10:58:32,343 [INFO] UserAuth:179 - activating auth plugin
2024-04-28 10:58:32,348 [INFO] UserAuth:415 - Internet connection configuration mode: 1
2024-04-28 10:58:32,371 [INFO] JxBrowserEngine:152 - Initiate JxBrowser Engine with user profile folder
2024-04-28 10:58:32,520 [INFO] CheckServerUpdateThread:120 - End of CheckServer Thread
2024-04-28 10:58:33,357 [INFO] WebApp:161 - Instantiating new browser for Auth
2024-04-28 10:58:34,093 [WARN] PackLoader:240 - Cannot read IP mode file for STMicroelectronics.FP-SNS-MOTENVWB1.1.4.0
2024-04-28 10:58:34,101 [WARN] PackLoader:240 - Cannot read IP mode file for STMicroelectronics.X-CUBE-SMBUS.2.1.0
2024-04-28 10:58:34,105 [WARN] PackLoader:240 - Cannot read IP mode file for STMicroelectronics.X-CUBE-TOUCHGFX.4.23.2
2024-04-28 10:58:34,126 [WARN] PackLoader:240 - Cannot read IP mode file for STMicroelectronics.X-CUBE-AZRTOS-F7.1.1.0
2024-04-28 10:58:34,134 [WARN] PackLoader:240 - Cannot read IP mode file for STMicroelectronics.FP-SNS-FLIGHT1.5.0.2
2024-04-28 10:58:34,142 [WARN] PackLoader:240 - Cannot read IP mode file for STMicroelectronics.X-CUBE-DISPLAY.3.0.0
2024-04-28 10:58:34,155 [WARN] PackLoader:240 - Cannot read IP mode file for STMicroelectronics.X-CUBE-BLE1.7.0.0
2024-04-28 10:58:34,171 [WARN] PackLoader:240 - Cannot read IP mode file for STMicroelectronics.X-CUBE-BLEMGR.3.1.0
2024-04-28 10:58:34,179 [WARN] PackLoader:240 - Cannot read IP mode file for STMicroelectronics.FP-SNS-SMARTAG2.1.2.0
2024-04-28 10:58:34,188 [INFO] LogOutputStream:77 - [STDOUT_REDIRECT] 1 : Invalid condition id : UX_CORESTACK_Condition cause : null
2024-04-28 10:58:34,188 [INFO] LogOutputStream:77 - [STDOUT_REDIRECT] 1 : Invalid condition id : UX_CORESTACK_Condition cause : null
2024-04-28 10:58:34,189 [INFO] LogOutputStream:77 - [STDOUT_REDIRECT] 1 : Invalid condition id : UX_CORESTACK_Condition cause : null
2024-04-28 10:58:34,189 [INFO] LogOutputStream:77 - [STDOUT_REDIRECT] 1 : Invalid condition id : UX_CORESTACK_Condition cause : null
2024-04-28 10:58:34,190 [INFO] LogOutputStream:77 - [STDOUT_REDIRECT] 1 : Invalid condition id : UX_CORESTACK_Condition cause : null
2024-04-28 10:58:34,193 [WARN] PackLoader:240 - Cannot read IP mode file for STMicroelectronics.X-CUBE-AZRTOS-WL.2.0.0
2024-04-28 10:58:34,198 [WARN] PackLoader:240 - Cannot read IP mode file for STMicroelectronics.X-CUBE-BLE2.3.3.0
2024-04-28 10:58:34,203 [WARN] PackLoader:240 - Cannot read IP mode file for STMicroelectronics.X-CUBE-TCPP.4.1.0
2024-04-28 10:58:34,211 [WARN] PackLoader:240 - Cannot read IP mode file for STMicroelectronics.X-CUBE-ALGOBUILD.1.3.0
2024-04-28 10:58:34,225 [WARN] PackLoader:240 - Cannot read IP mode file for STMicroelectronics.X-CUBE-AZRTOS-G0.1.1.0
2024-04-28 10:58:34,233 [WARN] PackLoader:240 - Cannot read IP mode file for STMicroelectronics.X-CUBE-SAFEA1.1.2.2
2024-04-28 10:58:34,238 [WARN] PackLoader:240 - Cannot read IP mode file for STMicroelectronics.X-CUBE-NFC4.3.0.0
2024-04-28 10:58:34,244 [WARN] PackLoader:240 - Cannot read IP mode file for wolfSSL.I-CUBE-wolfSSL.5.7.0
2024-04-28 10:58:34,247 [WARN] PackLoader:240 - Cannot read IP mode file for STMicroelectronics.FP-ATR-SIGFOX1.3.2.0
2024-04-28 10:58:34,253 [WARN] PackLoader:240 - Cannot read IP mode file for STMicroelectronics.X-CUBE-EEPRMA1.5.1.0
2024-04-28 10:58:34,283 [WARN] PackLoader:240 - Cannot read IP mode file for SEGGER.I-CUBE-embOS.1.3.1
2024-04-28 10:58:34,338 [WARN] PackLoader:240 - Cannot read IP mode file for STMicroelectronics.X-CUBE-GNSS1.6.0.0
2024-04-28 10:58:34,352 [WARN] PackLoader:240 - Cannot read IP mode file for STMicroelectronics.X-CUBE-AZRTOS-F4.1.1.0
2024-04-28 10:58:34,358 [WARN] PackLoader:240 - Cannot read IP mode file for STMicroelectronics.X-CUBE-FREERTOS.1.2.0
2024-04-28 10:58:34,378 [WARN] PackLoader:240 - Cannot read IP mode file for STMicroelectronics.X-CUBE-AZRTOS-L5.2.0.0
2024-04-28 10:58:34,389 [WARN] PackLoader:240 - Cannot read IP mode file for STMicroelectronics.X-CUBE-NFC6.3.1.0
2024-04-28 10:58:34,396 [WARN] PackLoader:240 - Cannot read IP mode file for STMicroelectronics.X-CUBE-AI.9.0.0
2024-04-28 10:58:34,402 [WARN] PackLoader:240 - Cannot read IP mode file for STMicroelectronics.X-CUBE-NFC7.1.0.1
2024-04-28 10:58:34,408 [WARN] PackLoader:240 - Cannot read IP mode file for STMicroelectronics.X-CUBE-AI.8.1.0
2024-04-28 10:58:34,438 [WARN] ConditionMgr:438 - getConditionDescription Invalid condition id : LAN8742 Phy interface Condition cause : null
2024-04-28 10:58:34,439 [WARN] PackLoader:240 - Cannot read IP mode file for STMicroelectronics.X-CUBE-AZRTOS-L4.2.0.0
2024-04-28 10:58:34,441 [WARN] ConditionMgr:1039 - genDependencies : Invalid condition id : LAN8742 Phy interface Condition cause : null
2024-04-28 10:58:34,442 [WARN] ConditionMgr:1039 - genDependencies : Invalid condition id : LAN8742 Phy interface Condition cause : null
2024-04-28 10:58:34,443 [WARN] ConditionMgr:1039 - genDependencies : Invalid condition id : LAN8742 Phy interface Condition cause : null
2024-04-28 10:58:34,453 [WARN] PackLoader:240 - Cannot read IP mode file for STMicroelectronics.X-CUBE-SFXS2LP1.4.0.0
2024-04-28 10:58:34,476 [WARN] ConditionMgr:438 - getConditionDescription Invalid condition id : UX DEVICE CLASS RTOS Condition cause : null
2024-04-28 10:58:34,476 [WARN] ConditionMgr:438 - getConditionDescription Invalid condition id : UX DEVICE CLASS RTOS Condition cause : null
2024-04-28 10:58:34,478 [WARN] PackLoader:240 - Cannot read IP mode file for STMicroelectronics.X-CUBE-AZRTOS-WB.2.0.0
2024-04-28 10:58:34,479 [WARN] ConditionMgr:1039 - genDependencies : Invalid condition id : UX DEVICE CLASS RTOS Condition cause : null
2024-04-28 10:58:34,479 [WARN] ConditionMgr:1039 - genDependencies : Invalid condition id : UX DEVICE CLASS RTOS Condition cause : null
2024-04-28 10:58:34,480 [WARN] ConditionMgr:1039 - genDependencies : Invalid condition id : UX DEVICE CLASS RTOS Condition cause : null
2024-04-28 10:58:34,480 [WARN] ConditionMgr:1039 - genDependencies : Invalid condition id : UX DEVICE CLASS RTOS Condition cause : null
2024-04-28 10:58:34,480 [WARN] ConditionMgr:1039 - genDependencies : Invalid condition id : UX DEVICE CLASS RTOS Condition cause : null
2024-04-28 10:58:34,489 [WARN] PackLoader:240 - Cannot read IP mode file for STMicroelectronics.X-CUBE-SUBG2.5.0.0
2024-04-28 10:58:34,513 [WARN] PackLoader:240 - Cannot read IP mode file for STMicroelectronics.X-CUBE-AZRTOS-G4.2.0.0
2024-04-28 10:58:34,519 [WARN] PackLoader:240 - Cannot read IP mode file for STMicroelectronics.FP-SNS-MOTENVWB1.1.3.1
2024-04-28 10:58:34,524 [INFO] WebApp:779 - Register for checkConnection events
2024-04-28 10:58:34,524 [INFO] WebApp:414 - Apply proxy settings
2024-04-28 10:58:34,524 [WARN] PackLoader:240 - Cannot read IP mode file for STMicroelectronics.X-CUBE-ISPU.2.0.0
2024-04-28 10:58:34,525 [INFO] WebApp:499 - Chromium requires no authentication
2024-04-28 10:58:34,533 [INFO] WebApp:442 - Direct internet connection detected
2024-04-28 10:58:34,562 [WARN] PackLoader:240 - Cannot read IP mode file for STMicroelectronics.X-CUBE-MEMS1.10.0.0
2024-04-28 10:58:34,738 [WARN] PackLoader:240 - Cannot read IP mode file for STMicroelectronics.X-CUBE-FREERTOS.1.1.0
2024-04-28 10:58:34,742 [WARN] PackLoader:240 - Cannot read IP mode file for STMicroelectronics.X-CUBE-ALS.1.0.1
2024-04-28 10:58:34,757 [WARN] PackLoader:240 - Cannot read IP mode file for STMicroelectronics.X-CUBE-AZRTOS-H7RS.1.0.0
2024-04-28 10:58:34,763 [WARN] PackLoader:240 - Cannot read IP mode file for STMicroelectronics.FP-ATR-ASTRA1.2.0.0
2024-04-28 10:58:34,767 [INFO] WebApp:192 - Starting web application
2024-04-28 10:58:34,767 [INFO] WebApp:544 - Web application path used /opt/st/stm32cubeide_1.15.0_2/plugins/com.st.stm32cube.common.mx_6.11.0.202403141607/db/plugins/mcufinder/reactClient1/index.html
2024-04-28 10:58:34,773 [WARN] PackLoader:240 - Cannot read IP mode file for STMicroelectronics.X-CUBE-TOF1.3.4.1
2024-04-28 10:58:34,812 [WARN] PackLoader:240 - Cannot read IP mode file for STMicroelectronics.X-CUBE-AZRTOS-H7.3.2.0
2024-04-28 10:58:34,828 [WARN] PackLoader:240 - Cannot read IP mode file for Infineon.AIROC-Wi-Fi-Bluetooth-STM32.1.6.0
2024-04-28 10:58:34,835 [INFO] ThirdParty:978 - Integrity check success = true
2024-04-28 10:58:34,835 [INFO] IntegrityCheckThread:100 - exiting critical section [integrity check]
2024-04-28 10:58:34,835 [INFO] IntegrityCheckThread:103 - End integrity checks thread
2024-04-28 10:59:07,701 [INFO] McuFinderGlobals:63 - Set McuFinder mode to 2 (CubeIDE integrated)
2024-04-28 10:59:07,704 [INFO] MainUpdater:2873 - connection check result : 10
2024-04-28 10:59:07,706 [INFO] McuFinderGlobals:76 - Set McuFinderConnectedMode to true
2024-04-28 10:59:08,199 [INFO] ServerAccessManage:473 - Download File mcusAds.json._tmp_
2024-04-28 10:59:08,304 [INFO] LoadUrlFilesThread:156 - End of LoadUrlFiles Thread
2024-04-28 10:59:08,515 [INFO] ServerAccessManage:473 - Download File cube-finder-db.zip
2024-04-28 10:59:14,941 [INFO] FileExtend:240 - Unzip File : cube-finder-db.zip
2024-04-28 10:59:14,941 [INFO] FileExtend:255 - Standard Zip Deflate
2024-04-28 10:59:15,515 [INFO] LoadUrlFilesThread:156 - End of LoadUrlFiles Thread
2024-04-28 10:59:16,299 [INFO] ServerAccessManage:473 - Download File crdb.zip
2024-04-28 10:59:17,219 [INFO] FileExtend:240 - Unzip File : crdb.zip
2024-04-28 10:59:17,219 [INFO] FileExtend:255 - Standard Zip Deflate
2024-04-28 10:59:17,346 [INFO] LoadUrlFilesThread:156 - End of LoadUrlFiles Thread
2024-04-28 10:59:17,476 [INFO] ServerAccessManage:473 - Download File tutoVideoDB.zip
2024-04-28 10:59:17,500 [INFO] FileExtend:240 - Unzip File : tutoVideoDB.zip
2024-04-28 10:59:17,500 [INFO] FileExtend:255 - Standard Zip Deflate
2024-04-28 10:59:17,639 [INFO] LoadUrlFilesThread:156 - End of LoadUrlFiles Thread
2024-04-28 10:59:17,642 [WARN] DbFile:41 - Overriding database path with different value: /home/om/.stmcufinder/plugins/mcufinder/ => /home/om/.stmcufinder/plugins/mcufinder
2024-04-28 10:59:18,669 [INFO] ServerAccessManage:473 - Download File api_config.json
2024-04-28 10:59:18,773 [INFO] LoadUrlFilesThread:156 - End of LoadUrlFiles Thread
2024-04-28 10:59:18,774 [INFO] DbMcusAds:53 - JSON generation date=Wed Nov 29 16:22:27 IST 2023 (1701255147349)
2024-04-28 10:59:18,794 [INFO] LoadUrlFilesThread:185 - End of LoadServerUrlFiles without Thread
2024-04-28 10:59:18,795 [INFO] TargetSelectorAdapter:259 - Refresh data is successful
2024-04-28 10:59:18,881 [INFO] ApiDb:581 - Connected to CubeFinder SQLite database (/home/om/.stmcufinder/plugins/mcufinder/mcu/cube-finder-db.db)
2024-04-28 10:59:18,930 [INFO] ApiDb:668 - CubeFinder database Data Model version=2.1
2024-04-28 10:59:18,930 [INFO] ApiDb:669 - CubeFinder database Configuration version=3.0.39
2024-04-28 10:59:18,930 [INFO] ApiDb:670 - CubeFinder database generation date=2024-04-15 (1713193726)
2024-04-28 10:59:18,930 [INFO] ApiDb:671 - CubeFinder database FW Pack versions=[FP-ATR-ASTRA1_V2.0.0, FP-SNS-FLIGHT1_V5.0.1, FP-SNS-FLIGHT1_V5.0.2, FP-SNS-MOTENV1_V4.3.1, FP-SNS-MOTENV1_V4.3.2, FP-SNS-MOTENVWB1_V1.3.1, FP-SNS-SMARTAG2_V1.2.0, STM32Cube_FW_C0_V1.1.0, STM32Cube_FW_F4_V1.28.0, STM32Cube_FW_F7_V1.17.0, STM32Cube_FW_G0_V1.6.2, STM32Cube_FW_G4_V1.5.2, STM32Cube_FW_H5_V0.5.1, STM32Cube_FW_H5_V1.1.1, STM32Cube_FW_H5_V1.2.0, STM32Cube_FW_H5_V1.2.0RC4, STM32Cube_FW_H7RS_V1.0.0, STM32Cube_FW_H7RS_V1.0.0RC4, STM32Cube_FW_H7_V1.11.0, STM32Cube_FW_L0_V1.12.2, STM32Cube_FW_L5_V1.5.1, STM32Cube_FW_U0_V1.0.0, STM32Cube_FW_U0_V1.0.0RC1, STM32Cube_FW_U5_V1.3.0RC4, STM32Cube_FW_U5_V1.5.0, STM32Cube_FW_U5_V1.5.0RC1, STM32Cube_FW_WBA_V1.0.0RC1, STM32Cube_FW_WBA_V1.2.0, STM32Cube_FW_WBA_V1.2.0RC2, STM32Cube_FW_WBA_V1.3.0, STM32Cube_FW_WBA_V1.3.0RC1, STM32Cube_FW_WB_V1.15.0RC1, STM32Cube_FW_WB_V1.16.0, STM32Cube_FW_WB_V1.16.0RC2, STM32Cube_FW_WB_V1.18.0, STM32Cube_FW_WB_V1.19.0, STM32Cube_FW_WL_V1.3.0, X-CUBE-ALGOBUILD_V1.3.0, X-CUBE-ALS_V1.0.1, X-CUBE-AZRTOS-F4_V1.1.0, X-CUBE-AZRTOS-F7_V1.1.0, X-CUBE-AZRTOS-G0_V1.1.0, X-CUBE-AZRTOS-G4_V2.0.0, X-CUBE-AZRTOS-H7_V3.2.0, X-CUBE-AZRTOS-L4_V1.0.0, X-CUBE-AZRTOS-L4_V2.0.0, X-CUBE-AZRTOS-L5_V1.1.0, X-CUBE-AZRTOS-WB_V2.0.0, X-CUBE-AZRTOS-WL_V2.0.0, X-CUBE-BLE1_V7.0.0, X-CUBE-BLE2_V3.3.0, X-CUBE-BLEMGR_V3.1.0, X-CUBE-EEPRMA1_V4.1.0, X-CUBE-EEPRMA1_V5.1.0, X-CUBE-FREERTOS_V1.1.0, X-CUBE-GNSS1_V6.0.0, X-CUBE-MEMS1_V10.0.0, X-CUBE-MEMS1_V9.1.0, X-CUBE-MEMS1_V9.4.0, X-CUBE-MEMS1_V9.6.0, X-CUBE-NFC4_V3.0.0, X-CUBE-NFC7_V1.0.1, X-CUBE-SFXS2LP1_V4.0.0, X-CUBE-SUBG2_V5.0.0, X-CUBE-TOF1_V3.4.0]
2024-04-28 10:59:20,489 [INFO] ApiDb:240 - Found 483 in-development CPN: [B-G473E-ZEST1S, B-WB1M-WPAN1, B-WL5M-SUBG1, NUCLEO-C031C6, NUCLEO-H503RB, NUCLEO-H533RE, NUCLEO-H563ZI, NUCLEO-H7S3L8, NUCLEO-U031R8, NUCLEO-U083RC, NUCLEO-U545RE-Q, NUCLEO-U5A5ZJ-Q, NUCLEO-WBA52CG, NUCLEO-WBA55CG, STEVAL-PROTEUS1, STEVAL-SMARTAG2, STEVAL-STWINBX1, STM320518-EVAL, STM32C0116-DK, STM32C011D6Y3TR, STM32C011D6Y6TR, STM32C011F4P3, STM32C011F4P6, STM32C011F4U3, STM32C011F4U6TR, STM32C011F6P3, STM32C011F6P6, STM32C011F6U3, STM32C011F6U6TR, STM32C011J4M3, STM32C011J4M6, STM32C011J6M3, STM32C011J6M6, STM32C0316-DK, STM32C031C4T3, STM32C031C4T6, STM32C031C4U3, STM32C031C4U6, STM32C031C6T3, STM32C031C6T6, STM32C031C6U3, STM32C031C6U6, STM32C031F4P3, STM32C031F4P6, STM32C031F6P3, STM32C031F6P6, STM32C031G4U3, STM32C031G4U6, STM32C031G6U3, STM32C031G6U6, STM32C031K4T3, STM32C031K4T6, STM32C031K4U3, STM32C031K4U6, STM32C031K6T3, STM32C031K6T6, STM32C031K6U3, STM32C031K6U6, STM32G071K8TXN, STM32G071K8UXN, STM32G081GBU6N, STM32G081KBT6N, STM32G081KBUXN, STM32G0B1CCT6N, STM32G0B1KCT6, STM32G0B1NEY6TR, STM32G0B1RCT6N, STM32G0C1CCT6, STM32G0C1CCT6N, STM32G0C1CCU6N, STM32G0C1CET6N, STM32G0C1CEU6N, STM32G0C1KCT6, STM32G0C1NEY6TR, STM32G0C1RCI6N, STM32G0C1RCT6N, STM32G0C1REI6N, STM32G0C1RET6N, STM32G0C1VCI6, STM32G0C1VEI6, STM32G471CCT6, STM32G471CCU6, STM32G471CET3, STM32G471CET6, STM32G471CEU3, STM32G471CEU6, STM32G471MCT6, STM32G471MET3, STM32G471MET6, STM32G471MEY6TR, STM32G471QCT6, STM32G471QET3, STM32G471RCT6, STM32G471RET3, STM32G471RET6, STM32G471VCH6, STM32G471VCI6, STM32G471VCT6, STM32G471VEH3, STM32G471VEH6, STM32G471VEI3, STM32G471VEI6, STM32G471VET3, STM32G471VET6, STM32G474CCT6, STM32H503CBT6, STM32H503CBU6, STM32H503EBY6TR, STM32H503KBU6, STM32H503RBT6, STM32H523CCT6, STM32H523CCU6, STM32H523CET6, STM32H523CEU6, STM32H523HEY6TR, STM32H523RCT6, STM32H523RET6, STM32H523VCI6, STM32H523VCT6, STM32H523VEI6, STM32H523VET6, STM32H523ZCJ6, STM32H523ZCT6, STM32H523ZEJ6, STM32H523ZET6, STM32H533CET6, STM32H533CEU6, STM32H533HEY6TR, STM32H533RET6, STM32H533VEI6, STM32H533VET6, STM32H533ZEJ6, STM32H533ZET6, STM32H562AGI6, STM32H562AII6, STM32H562IGK6, STM32H562IGT6, STM32H562IIK6, STM32H562IIT6, STM32H562RGT6, STM32H562RGV6, STM32H562RIT6, STM32H562RIV6, STM32H562VGT6, STM32H562VIT6, STM32H562ZGT6, STM32H562ZIT6, STM32H563AGI6, STM32H563AII3Q, STM32H563AII6, STM32H563IGK6, STM32H563IGT6, STM32H563IIK3Q, STM32H563IIK6, STM32H563IIT3Q, STM32H563IIT6, STM32H563MIY3QTR, STM32H563RGT6, STM32H563RGV6, STM32H563RIT6, STM32H563RIV6, STM32H563VGT6, STM32H563VIT3Q, STM32H563VIT6, STM32H563ZGT6, STM32H563ZIT3Q, STM32H563ZIT6, STM32H573AII3Q, STM32H573AII6, STM32H573I-DK, STM32H573IIK3Q, STM32H573IIK6, STM32H573IIT3Q, STM32H573IIT6, STM32H573MIY3QTR, STM32H573RIT6, STM32H573RIV6, STM32H573VIT3Q, STM32H573VIT6, STM32H573ZIT3Q, STM32H573ZIT6, STM32H7R3A8I6, STM32H7R3I8K6, STM32H7R3I8T6, STM32H7R3L8H6, STM32H7R3L8H6H, STM32H7R3R8V6, STM32H7R3V8H6, STM32H7R3V8T6, STM32H7R3V8Y6, STM32H7R3Z8J6, STM32H7R3Z8T6, STM32H7R7A8I6, STM32H7R7I8K6, STM32H7R7I8T6, STM32H7R7L8H6, STM32H7R7L8H6H, STM32H7R7Z8J6, STM32H7S3A8I6, STM32H7S3I8K6, STM32H7S3I8T6, STM32H7S3L8H6, STM32H7S3L8H6H, STM32H7S3R8V6, STM32H7S3V8H6, STM32H7S3V8T6, STM32H7S3V8Y6, STM32H7S3Z8J6, STM32H7S3Z8T6, STM32H7S78-DK, STM32H7S7A8I6, STM32H7S7I8K6, STM32H7S7I8T6, STM32H7S7L8H6, STM32H7S7L8H6H, STM32H7S7Z8J6, STM32L4R5QGI6STR, STM32MP131AAE3, STM32MP131AAF3, STM32MP131AAG3, STM32MP131CAE3, STM32MP131CAF3, STM32MP131CAG3, STM32MP131DAE7, STM32MP131DAF7, STM32MP131DAG7, STM32MP131FAE7, STM32MP131FAF7, STM32MP131FAG7, STM32MP133AAE3, STM32MP133AAF3, STM32MP133AAG3, STM32MP133CAE3, STM32MP133CAF3, STM32MP133CAG3, STM32MP133DAE7, STM32MP133DAF7, STM32MP133DAG7, STM32MP133FAE7, STM32MP133FAF7, STM32MP133FAG7, STM32MP135AAE3, STM32MP135AAF3, STM32MP135AAG3, STM32MP135CAE3, STM32MP135CAF3, STM32MP135CAG3, STM32MP135DAE7, STM32MP135DAF7, STM32MP135DAG7, STM32MP135F-DK, STM32MP135FAE7, STM32MP135FAF7, STM32MP135FAF7T, STM32MP135FAF7U, STM32MP135FAG7, STM32U031C6T6, STM32U031C6U6, STM32U031C8T6, STM32U031C8U6, STM32U031F4P6, STM32U031F6P6, STM32U031F8P6, STM32U031G6Y6TR, STM32U031G8Y6TR, STM32U031K4U6, STM32U031K6U6, STM32U031K8U6, STM32U031R6I6, STM32U031R6T6, STM32U031R8I6, STM32U031R8T6, STM32U073C8T6, STM32U073C8U6, STM32U073CBT6, STM32U073CBU6, STM32U073CCT6, STM32U073CCU6, STM32U073H8Y6TR, STM32U073HBY6TR, STM32U073HCY6TR, STM32U073K8U6, STM32U073KBU6, STM32U073KCU6, STM32U073M8I6, STM32U073M8T6, STM32U073MBI6, STM32U073MBT6, STM32U073MCI6, STM32U073MCT6, STM32U073R8I6, STM32U073R8T6, STM32U073RBI6, STM32U073RBT6, STM32U073RCI6, STM32U073RCT6, STM32U083C-DK, STM32U083CCT6, STM32U083CCU6, STM32U083HCY6TR, STM32U083KCU6, STM32U083MCI6, STM32U083MCT6, STM32U083RCI6, STM32U083RCT6, STM32U535CBT6, STM32U535CBT6Q, STM32U535CBU6, STM32U535CBU6Q, STM32U535CCT6, STM32U535CCT6Q, STM32U535CCU6, STM32U535CCU6Q, STM32U535CET6, STM32U535CET6Q, STM32U535CEU6, STM32U535CEU6Q, STM32U535JEY6QTR, STM32U535NCY6QTR, STM32U535NEY6QTR, STM32U535RBI6, STM32U535RBI6Q, STM32U535RBT6, STM32U535RBT6Q, STM32U535RCI6, STM32U535RCI6Q, STM32U535RCT6, STM32U535RCT6Q, STM32U535REI6, STM32U535REI6Q, STM32U535RET6, STM32U535RET6Q, STM32U535VCI6, STM32U535VCI6Q, STM32U535VCT6, STM32U535VCT6Q, STM32U535VEI6, STM32U535VEI6Q, STM32U535VET6, STM32U535VET6Q, STM32U545CET6, STM32U545CET6Q, STM32U545CEU6, STM32U545CEU6Q, STM32U545JEY6QTR, STM32U545NEY6QTR, STM32U545REI6, STM32U545REI6Q, STM32U545RET6, STM32U545RET6Q, STM32U545VEI6, STM32U545VEI6Q, STM32U545VET6, STM32U545VET6Q, STM32U595AIH6, STM32U595AIH6Q, STM32U595AJH6, STM32U595AJH6Q, STM32U595QII6, STM32U595QII6Q, STM32U595QJI6, STM32U595QJI6Q, STM32U595RIT6, STM32U595RIT6Q, STM32U595RJT6, STM32U595RJT6Q, STM32U595VIT6, STM32U595VIT6Q, STM32U595VJT6, STM32U595VJT6Q, STM32U595ZIT6, STM32U595ZIT6Q, STM32U595ZIY6QTR, STM32U595ZJT6, STM32U595ZJT6Q, STM32U595ZJY6QTR, STM32U599BJY6QTR, STM32U599NIH6Q, STM32U599NJH6Q, STM32U599VIT6Q, STM32U599VJT6, STM32U599VJT6Q, STM32U599ZIT6Q, STM32U599ZIY6QTR, STM32U599ZJT6Q, STM32U599ZJY6QTR, STM32U5A5AJH6, STM32U5A5AJH6Q, STM32U5A5QII3Q , STM32U5A5QJI6, STM32U5A5QJI6Q, STM32U5A5RJT6, STM32U5A5RJT6Q, STM32U5A5VJT6, STM32U5A5VJT6Q, STM32U5A5ZJT6, STM32U5A5ZJT6Q, STM32U5A5ZJY6QTR, STM32U5A9BJY6QTR, STM32U5A9J-DK, STM32U5A9NJH6Q, STM32U5A9VJT6Q, STM32U5A9ZJT6Q, STM32U5A9ZJY6QTR, STM32U5F7VIT6, STM32U5F7VIT6Q, STM32U5F7VJT6, STM32U5F7VJT6Q, STM32U5F9BJY6QTR, STM32U5F9NJH6Q, STM32U5F9VIT6Q, STM32U5F9VJT6Q, STM32U5F9ZIJ6QTR, STM32U5F9ZIT6Q, STM32U5F9ZJJ6QTR, STM32U5F9ZJT6Q, STM32U5G7VJT6, STM32U5G7VJT6Q, STM32U5G9BJY6QTR, STM32U5G9J-DK1, STM32U5G9J-DK2, STM32U5G9NJH6Q, STM32U5G9VJT6Q, STM32U5G9ZJJ6QTR, STM32U5G9ZJT6Q, STM32WB1MMCH6, STM32WBA50KEU6, STM32WBA50KEU6TR, STM32WBA50KGU6, STM32WBA50KGU6TR, STM32WBA52CEU6, STM32WBA52CEU6TR, STM32WBA52CEU7, STM32WBA52CEU7TR, STM32WBA52CGU6, STM32WBA52CGU6TR, STM32WBA52CGU6U, STM32WBA52CGU7, STM32WBA52CGU7TR, STM32WBA52KEU6, STM32WBA52KEU6TR, STM32WBA52KGU6, STM32WBA52KGU6TR, STM32WBA54CEU6, STM32WBA54CEU6TR, STM32WBA54CEU7, STM32WBA54CEU7TR, STM32WBA54CGU6, STM32WBA54CGU6TR, STM32WBA54CGU7, STM32WBA54CGU7TR, STM32WBA54KEU6, STM32WBA54KEU6TR, STM32WBA54KEU7, STM32WBA54KEU7TR, STM32WBA54KGU6, STM32WBA54KGU6TR, STM32WBA54KGU7, STM32WBA54KGU7TR, STM32WBA55CEU6, STM32WBA55CEU6TR, STM32WBA55CEU7, STM32WBA55CEU7TR, STM32WBA55CGU6, STM32WBA55CGU6TR, STM32WBA55CGU6U, STM32WBA55CGU7, STM32WBA55CGU7TR, STM32WBA55G-DK1, STM32WBA55HEF6, STM32WBA55HEF7, STM32WBA55HGF6, STM32WBA55HGF7, STM32WBA55UEI6, STM32WBA55UEI6TR, STM32WBA55UEI7, STM32WBA55UEI7TR, STM32WBA55UGI6, STM32WBA55UGI6TR, STM32WBA55UGI7, STM32WBA55UGI7TR, STM32WL5MOCH6, STM32WL5MOCH6TR]
2024-04-28 10:59:20,496 [INFO] DbMcus:218 - Found 4096 MCUs, 4096 are supported
2024-04-28 10:59:20,496 [INFO] ApiDb:423 - Load user favorites file /home/om/.stm32cubeide/favorites.mcus.txt: 0 item(s)
2024-04-28 10:59:20,497 [INFO] ApiDb:427 - User favorites MCUs=[]
2024-04-28 10:59:20,497 [INFO] DbMcus:224 - Set 0 / 0 favorites MCUs
2024-04-28 10:59:20,753 [INFO] ApiDb:668 - CubeFinder database Data Model version=2.1
2024-04-28 10:59:20,753 [INFO] ApiDb:669 - CubeFinder database Configuration version=3.0.39
2024-04-28 10:59:20,753 [INFO] ApiDb:670 - CubeFinder database generation date=2024-04-15 (1713193726)
2024-04-28 10:59:20,753 [INFO] ApiDb:671 - CubeFinder database FW Pack versions=[FP-ATR-ASTRA1_V2.0.0, FP-SNS-FLIGHT1_V5.0.1, FP-SNS-FLIGHT1_V5.0.2, FP-SNS-MOTENV1_V4.3.1, FP-SNS-MOTENV1_V4.3.2, FP-SNS-MOTENVWB1_V1.3.1, FP-SNS-SMARTAG2_V1.2.0, STM32Cube_FW_C0_V1.1.0, STM32Cube_FW_F4_V1.28.0, STM32Cube_FW_F7_V1.17.0, STM32Cube_FW_G0_V1.6.2, STM32Cube_FW_G4_V1.5.2, STM32Cube_FW_H5_V0.5.1, STM32Cube_FW_H5_V1.1.1, STM32Cube_FW_H5_V1.2.0, STM32Cube_FW_H5_V1.2.0RC4, STM32Cube_FW_H7RS_V1.0.0, STM32Cube_FW_H7RS_V1.0.0RC4, STM32Cube_FW_H7_V1.11.0, STM32Cube_FW_L0_V1.12.2, STM32Cube_FW_L5_V1.5.1, STM32Cube_FW_U0_V1.0.0, STM32Cube_FW_U0_V1.0.0RC1, STM32Cube_FW_U5_V1.3.0RC4, STM32Cube_FW_U5_V1.5.0, STM32Cube_FW_U5_V1.5.0RC1, STM32Cube_FW_WBA_V1.0.0RC1, STM32Cube_FW_WBA_V1.2.0, STM32Cube_FW_WBA_V1.2.0RC2, STM32Cube_FW_WBA_V1.3.0, STM32Cube_FW_WBA_V1.3.0RC1, STM32Cube_FW_WB_V1.15.0RC1, STM32Cube_FW_WB_V1.16.0, STM32Cube_FW_WB_V1.16.0RC2, STM32Cube_FW_WB_V1.18.0, STM32Cube_FW_WB_V1.19.0, STM32Cube_FW_WL_V1.3.0, X-CUBE-ALGOBUILD_V1.3.0, X-CUBE-ALS_V1.0.1, X-CUBE-AZRTOS-F4_V1.1.0, X-CUBE-AZRTOS-F7_V1.1.0, X-CUBE-AZRTOS-G0_V1.1.0, X-CUBE-AZRTOS-G4_V2.0.0, X-CUBE-AZRTOS-H7_V3.2.0, X-CUBE-AZRTOS-L4_V1.0.0, X-CUBE-AZRTOS-L4_V2.0.0, X-CUBE-AZRTOS-L5_V1.1.0, X-CUBE-AZRTOS-WB_V2.0.0, X-CUBE-AZRTOS-WL_V2.0.0, X-CUBE-BLE1_V7.0.0, X-CUBE-BLE2_V3.3.0, X-CUBE-BLEMGR_V3.1.0, X-CUBE-EEPRMA1_V4.1.0, X-CUBE-EEPRMA1_V5.1.0, X-CUBE-FREERTOS_V1.1.0, X-CUBE-GNSS1_V6.0.0, X-CUBE-MEMS1_V10.0.0, X-CUBE-MEMS1_V9.1.0, X-CUBE-MEMS1_V9.4.0, X-CUBE-MEMS1_V9.6.0, X-CUBE-NFC4_V3.0.0, X-CUBE-NFC7_V1.0.1, X-CUBE-SFXS2LP1_V4.0.0, X-CUBE-SUBG2_V5.0.0, X-CUBE-TOF1_V3.4.0]
2024-04-28 10:59:20,790 [INFO] DbBoardsSqlite:226 - include board P-NUCLEO-WB55-NUCLEO as a kit item of type 'Nucleo-64'
2024-04-28 10:59:20,790 [INFO] DbBoardsSqlite:226 - include board P-NUCLEO-WB55-USBDONGLE as a kit item of type 'Nucleo USB Dongle'
2024-04-28 10:59:20,790 [INFO] DbBoardsSqlite:226 - include board STEVAL-IDP005V1 as a kit item of type 'Evaluation Board'
2024-04-28 10:59:20,791 [INFO] DbBoardsSqlite:226 - include board STEVAL-IDP005V2 as a kit item of type 'Evaluation Board'
2024-04-28 10:59:20,819 [INFO] ApiDb:240 - Found 483 in-development CPN: [B-G473E-ZEST1S, B-WB1M-WPAN1, B-WL5M-SUBG1, NUCLEO-C031C6, NUCLEO-H503RB, NUCLEO-H533RE, NUCLEO-H563ZI, NUCLEO-H7S3L8, NUCLEO-U031R8, NUCLEO-U083RC, NUCLEO-U545RE-Q, NUCLEO-U5A5ZJ-Q, NUCLEO-WBA52CG, NUCLEO-WBA55CG, STEVAL-PROTEUS1, STEVAL-SMARTAG2, STEVAL-STWINBX1, STM320518-EVAL, STM32C0116-DK, STM32C011D6Y3TR, STM32C011D6Y6TR, STM32C011F4P3, STM32C011F4P6, STM32C011F4U3, STM32C011F4U6TR, STM32C011F6P3, STM32C011F6P6, STM32C011F6U3, STM32C011F6U6TR, STM32C011J4M3, STM32C011J4M6, STM32C011J6M3, STM32C011J6M6, STM32C0316-DK, STM32C031C4T3, STM32C031C4T6, STM32C031C4U3, STM32C031C4U6, STM32C031C6T3, STM32C031C6T6, STM32C031C6U3, STM32C031C6U6, STM32C031F4P3, STM32C031F4P6, STM32C031F6P3, STM32C031F6P6, STM32C031G4U3, STM32C031G4U6, STM32C031G6U3, STM32C031G6U6, STM32C031K4T3, STM32C031K4T6, STM32C031K4U3, STM32C031K4U6, STM32C031K6T3, STM32C031K6T6, STM32C031K6U3, STM32C031K6U6, STM32G071K8TXN, STM32G071K8UXN, STM32G081GBU6N, STM32G081KBT6N, STM32G081KBUXN, STM32G0B1CCT6N, STM32G0B1KCT6, STM32G0B1NEY6TR, STM32G0B1RCT6N, STM32G0C1CCT6, STM32G0C1CCT6N, STM32G0C1CCU6N, STM32G0C1CET6N, STM32G0C1CEU6N, STM32G0C1KCT6, STM32G0C1NEY6TR, STM32G0C1RCI6N, STM32G0C1RCT6N, STM32G0C1REI6N, STM32G0C1RET6N, STM32G0C1VCI6, STM32G0C1VEI6, STM32G471CCT6, STM32G471CCU6, STM32G471CET3, STM32G471CET6, STM32G471CEU3, STM32G471CEU6, STM32G471MCT6, STM32G471MET3, STM32G471MET6, STM32G471MEY6TR, STM32G471QCT6, STM32G471QET3, STM32G471RCT6, STM32G471RET3, STM32G471RET6, STM32G471VCH6, STM32G471VCI6, STM32G471VCT6, STM32G471VEH3, STM32G471VEH6, STM32G471VEI3, STM32G471VEI6, STM32G471VET3, STM32G471VET6, STM32G474CCT6, STM32H503CBT6, STM32H503CBU6, STM32H503EBY6TR, STM32H503KBU6, STM32H503RBT6, STM32H523CCT6, STM32H523CCU6, STM32H523CET6, STM32H523CEU6, STM32H523HEY6TR, STM32H523RCT6, STM32H523RET6, STM32H523VCI6, STM32H523VCT6, STM32H523VEI6, STM32H523VET6, STM32H523ZCJ6, STM32H523ZCT6, STM32H523ZEJ6, STM32H523ZET6, STM32H533CET6, STM32H533CEU6, STM32H533HEY6TR, STM32H533RET6, STM32H533VEI6, STM32H533VET6, STM32H533ZEJ6, STM32H533ZET6, STM32H562AGI6, STM32H562AII6, STM32H562IGK6, STM32H562IGT6, STM32H562IIK6, STM32H562IIT6, STM32H562RGT6, STM32H562RGV6, STM32H562RIT6, STM32H562RIV6, STM32H562VGT6, STM32H562VIT6, STM32H562ZGT6, STM32H562ZIT6, STM32H563AGI6, STM32H563AII3Q, STM32H563AII6, STM32H563IGK6, STM32H563IGT6, STM32H563IIK3Q, STM32H563IIK6, STM32H563IIT3Q, STM32H563IIT6, STM32H563MIY3QTR, STM32H563RGT6, STM32H563RGV6, STM32H563RIT6, STM32H563RIV6, STM32H563VGT6, STM32H563VIT3Q, STM32H563VIT6, STM32H563ZGT6, STM32H563ZIT3Q, STM32H563ZIT6, STM32H573AII3Q, STM32H573AII6, STM32H573I-DK, STM32H573IIK3Q, STM32H573IIK6, STM32H573IIT3Q, STM32H573IIT6, STM32H573MIY3QTR, STM32H573RIT6, STM32H573RIV6, STM32H573VIT3Q, STM32H573VIT6, STM32H573ZIT3Q, STM32H573ZIT6, STM32H7R3A8I6, STM32H7R3I8K6, STM32H7R3I8T6, STM32H7R3L8H6, STM32H7R3L8H6H, STM32H7R3R8V6, STM32H7R3V8H6, STM32H7R3V8T6, STM32H7R3V8Y6, STM32H7R3Z8J6, STM32H7R3Z8T6, STM32H7R7A8I6, STM32H7R7I8K6, STM32H7R7I8T6, STM32H7R7L8H6, STM32H7R7L8H6H, STM32H7R7Z8J6, STM32H7S3A8I6, STM32H7S3I8K6, STM32H7S3I8T6, STM32H7S3L8H6, STM32H7S3L8H6H, STM32H7S3R8V6, STM32H7S3V8H6, STM32H7S3V8T6, STM32H7S3V8Y6, STM32H7S3Z8J6, STM32H7S3Z8T6, STM32H7S78-DK, STM32H7S7A8I6, STM32H7S7I8K6, STM32H7S7I8T6, STM32H7S7L8H6, STM32H7S7L8H6H, STM32H7S7Z8J6, STM32L4R5QGI6STR, STM32MP131AAE3, STM32MP131AAF3, STM32MP131AAG3, STM32MP131CAE3, STM32MP131CAF3, STM32MP131CAG3, STM32MP131DAE7, STM32MP131DAF7, STM32MP131DAG7, STM32MP131FAE7, STM32MP131FAF7, STM32MP131FAG7, STM32MP133AAE3, STM32MP133AAF3, STM32MP133AAG3, STM32MP133CAE3, STM32MP133CAF3, STM32MP133CAG3, STM32MP133DAE7, STM32MP133DAF7, STM32MP133DAG7, STM32MP133FAE7, STM32MP133FAF7, STM32MP133FAG7, STM32MP135AAE3, STM32MP135AAF3, STM32MP135AAG3, STM32MP135CAE3, STM32MP135CAF3, STM32MP135CAG3, STM32MP135DAE7, STM32MP135DAF7, STM32MP135DAG7, STM32MP135F-DK, STM32MP135FAE7, STM32MP135FAF7, STM32MP135FAF7T, STM32MP135FAF7U, STM32MP135FAG7, STM32U031C6T6, STM32U031C6U6, STM32U031C8T6, STM32U031C8U6, STM32U031F4P6, STM32U031F6P6, STM32U031F8P6, STM32U031G6Y6TR, STM32U031G8Y6TR, STM32U031K4U6, STM32U031K6U6, STM32U031K8U6, STM32U031R6I6, STM32U031R6T6, STM32U031R8I6, STM32U031R8T6, STM32U073C8T6, STM32U073C8U6, STM32U073CBT6, STM32U073CBU6, STM32U073CCT6, STM32U073CCU6, STM32U073H8Y6TR, STM32U073HBY6TR, STM32U073HCY6TR, STM32U073K8U6, STM32U073KBU6, STM32U073KCU6, STM32U073M8I6, STM32U073M8T6, STM32U073MBI6, STM32U073MBT6, STM32U073MCI6, STM32U073MCT6, STM32U073R8I6, STM32U073R8T6, STM32U073RBI6, STM32U073RBT6, STM32U073RCI6, STM32U073RCT6, STM32U083C-DK, STM32U083CCT6, STM32U083CCU6, STM32U083HCY6TR, STM32U083KCU6, STM32U083MCI6, STM32U083MCT6, STM32U083RCI6, STM32U083RCT6, STM32U535CBT6, STM32U535CBT6Q, STM32U535CBU6, STM32U535CBU6Q, STM32U535CCT6, STM32U535CCT6Q, STM32U535CCU6, STM32U535CCU6Q, STM32U535CET6, STM32U535CET6Q, STM32U535CEU6, STM32U535CEU6Q, STM32U535JEY6QTR, STM32U535NCY6QTR, STM32U535NEY6QTR, STM32U535RBI6, STM32U535RBI6Q, STM32U535RBT6, STM32U535RBT6Q, STM32U535RCI6, STM32U535RCI6Q, STM32U535RCT6, STM32U535RCT6Q, STM32U535REI6, STM32U535REI6Q, STM32U535RET6, STM32U535RET6Q, STM32U535VCI6, STM32U535VCI6Q, STM32U535VCT6, STM32U535VCT6Q, STM32U535VEI6, STM32U535VEI6Q, STM32U535VET6, STM32U535VET6Q, STM32U545CET6, STM32U545CET6Q, STM32U545CEU6, STM32U545CEU6Q, STM32U545JEY6QTR, STM32U545NEY6QTR, STM32U545REI6, STM32U545REI6Q, STM32U545RET6, STM32U545RET6Q, STM32U545VEI6, STM32U545VEI6Q, STM32U545VET6, STM32U545VET6Q, STM32U595AIH6, STM32U595AIH6Q, STM32U595AJH6, STM32U595AJH6Q, STM32U595QII6, STM32U595QII6Q, STM32U595QJI6, STM32U595QJI6Q, STM32U595RIT6, STM32U595RIT6Q, STM32U595RJT6, STM32U595RJT6Q, STM32U595VIT6, STM32U595VIT6Q, STM32U595VJT6, STM32U595VJT6Q, STM32U595ZIT6, STM32U595ZIT6Q, STM32U595ZIY6QTR, STM32U595ZJT6, STM32U595ZJT6Q, STM32U595ZJY6QTR, STM32U599BJY6QTR, STM32U599NIH6Q, STM32U599NJH6Q, STM32U599VIT6Q, STM32U599VJT6, STM32U599VJT6Q, STM32U599ZIT6Q, STM32U599ZIY6QTR, STM32U599ZJT6Q, STM32U599ZJY6QTR, STM32U5A5AJH6, STM32U5A5AJH6Q, STM32U5A5QII3Q , STM32U5A5QJI6, STM32U5A5QJI6Q, STM32U5A5RJT6, STM32U5A5RJT6Q, STM32U5A5VJT6, STM32U5A5VJT6Q, STM32U5A5ZJT6, STM32U5A5ZJT6Q, STM32U5A5ZJY6QTR, STM32U5A9BJY6QTR, STM32U5A9J-DK, STM32U5A9NJH6Q, STM32U5A9VJT6Q, STM32U5A9ZJT6Q, STM32U5A9ZJY6QTR, STM32U5F7VIT6, STM32U5F7VIT6Q, STM32U5F7VJT6, STM32U5F7VJT6Q, STM32U5F9BJY6QTR, STM32U5F9NJH6Q, STM32U5F9VIT6Q, STM32U5F9VJT6Q, STM32U5F9ZIJ6QTR, STM32U5F9ZIT6Q, STM32U5F9ZJJ6QTR, STM32U5F9ZJT6Q, STM32U5G7VJT6, STM32U5G7VJT6Q, STM32U5G9BJY6QTR, STM32U5G9J-DK1, STM32U5G9J-DK2, STM32U5G9NJH6Q, STM32U5G9VJT6Q, STM32U5G9ZJJ6QTR, STM32U5G9ZJT6Q, STM32WB1MMCH6, STM32WBA50KEU6, STM32WBA50KEU6TR, STM32WBA50KGU6, STM32WBA50KGU6TR, STM32WBA52CEU6, STM32WBA52CEU6TR, STM32WBA52CEU7, STM32WBA52CEU7TR, STM32WBA52CGU6, STM32WBA52CGU6TR, STM32WBA52CGU6U, STM32WBA52CGU7, STM32WBA52CGU7TR, STM32WBA52KEU6, STM32WBA52KEU6TR, STM32WBA52KGU6, STM32WBA52KGU6TR, STM32WBA54CEU6, STM32WBA54CEU6TR, STM32WBA54CEU7, STM32WBA54CEU7TR, STM32WBA54CGU6, STM32WBA54CGU6TR, STM32WBA54CGU7, STM32WBA54CGU7TR, STM32WBA54KEU6, STM32WBA54KEU6TR, STM32WBA54KEU7, STM32WBA54KEU7TR, STM32WBA54KGU6, STM32WBA54KGU6TR, STM32WBA54KGU7, STM32WBA54KGU7TR, STM32WBA55CEU6, STM32WBA55CEU6TR, STM32WBA55CEU7, STM32WBA55CEU7TR, STM32WBA55CGU6, STM32WBA55CGU6TR, STM32WBA55CGU6U, STM32WBA55CGU7, STM32WBA55CGU7TR, STM32WBA55G-DK1, STM32WBA55HEF6, STM32WBA55HEF7, STM32WBA55HGF6, STM32WBA55HGF7, STM32WBA55UEI6, STM32WBA55UEI6TR, STM32WBA55UEI7, STM32WBA55UEI7TR, STM32WBA55UGI6, STM32WBA55UGI6TR, STM32WBA55UGI7, STM32WBA55UGI7TR, STM32WL5MOCH6, STM32WL5MOCH6TR]
2024-04-28 10:59:20,908 [INFO] BoardInfo:889 - No configuration file found for board P-NUCLEO-WB55
2024-04-28 10:59:20,908 [INFO] DbBoards:161 - Kit is not supported: P-NUCLEO-WB55
2024-04-28 10:59:20,911 [INFO] BoardInfo:889 - No configuration file found for board STEVAL-BFA001V1B
2024-04-28 10:59:20,911 [INFO] DbBoards:161 - Kit is not supported: STEVAL-BFA001V1B
2024-04-28 10:59:20,912 [INFO] BoardInfo:889 - No configuration file found for board STEVAL-BFA001V2B
2024-04-28 10:59:20,912 [INFO] DbBoards:161 - Kit is not supported: STEVAL-BFA001V2B
2024-04-28 10:59:21,007 [INFO] DbBoards:168 - Found 199 boards, 196 are supported
2024-04-28 10:59:21,007 [INFO] DbBoards:169 - Found 199 boards, 8 of them is supported for  Bsp
2024-04-28 10:59:21,010 [INFO] ApiDb:423 - Load user favorites file /home/om/.stm32cubeide/favorites.boards.txt: 1 item(s)
2024-04-28 10:59:21,010 [INFO] ApiDb:427 - User favorites Boards=[STM32F407G-DISC1]
2024-04-28 10:59:21,010 [INFO] DbBoards:198 - Set 1 / 1 favorites Boards
2024-04-28 10:59:21,012 [INFO] ApiDb:668 - CubeFinder database Data Model version=2.1
2024-04-28 10:59:21,012 [INFO] ApiDb:669 - CubeFinder database Configuration version=3.0.39
2024-04-28 10:59:21,012 [INFO] ApiDb:670 - CubeFinder database generation date=2024-04-15 (1713193726)
2024-04-28 10:59:21,012 [INFO] ApiDb:671 - CubeFinder database FW Pack versions=[FP-ATR-ASTRA1_V2.0.0, FP-SNS-FLIGHT1_V5.0.1, FP-SNS-FLIGHT1_V5.0.2, FP-SNS-MOTENV1_V4.3.1, FP-SNS-MOTENV1_V4.3.2, FP-SNS-MOTENVWB1_V1.3.1, FP-SNS-SMARTAG2_V1.2.0, STM32Cube_FW_C0_V1.1.0, STM32Cube_FW_F4_V1.28.0, STM32Cube_FW_F7_V1.17.0, STM32Cube_FW_G0_V1.6.2, STM32Cube_FW_G4_V1.5.2, STM32Cube_FW_H5_V0.5.1, STM32Cube_FW_H5_V1.1.1, STM32Cube_FW_H5_V1.2.0, STM32Cube_FW_H5_V1.2.0RC4, STM32Cube_FW_H7RS_V1.0.0, STM32Cube_FW_H7RS_V1.0.0RC4, STM32Cube_FW_H7_V1.11.0, STM32Cube_FW_L0_V1.12.2, STM32Cube_FW_L5_V1.5.1, STM32Cube_FW_U0_V1.0.0, STM32Cube_FW_U0_V1.0.0RC1, STM32Cube_FW_U5_V1.3.0RC4, STM32Cube_FW_U5_V1.5.0, STM32Cube_FW_U5_V1.5.0RC1, STM32Cube_FW_WBA_V1.0.0RC1, STM32Cube_FW_WBA_V1.2.0, STM32Cube_FW_WBA_V1.2.0RC2, STM32Cube_FW_WBA_V1.3.0, STM32Cube_FW_WBA_V1.3.0RC1, STM32Cube_FW_WB_V1.15.0RC1, STM32Cube_FW_WB_V1.16.0, STM32Cube_FW_WB_V1.16.0RC2, STM32Cube_FW_WB_V1.18.0, STM32Cube_FW_WB_V1.19.0, STM32Cube_FW_WL_V1.3.0, X-CUBE-ALGOBUILD_V1.3.0, X-CUBE-ALS_V1.0.1, X-CUBE-AZRTOS-F4_V1.1.0, X-CUBE-AZRTOS-F7_V1.1.0, X-CUBE-AZRTOS-G0_V1.1.0, X-CUBE-AZRTOS-G4_V2.0.0, X-CUBE-AZRTOS-H7_V3.2.0, X-CUBE-AZRTOS-L4_V1.0.0, X-CUBE-AZRTOS-L4_V2.0.0, X-CUBE-AZRTOS-L5_V1.1.0, X-CUBE-AZRTOS-WB_V2.0.0, X-CUBE-AZRTOS-WL_V2.0.0, X-CUBE-BLE1_V7.0.0, X-CUBE-BLE2_V3.3.0, X-CUBE-BLEMGR_V3.1.0, X-CUBE-EEPRMA1_V4.1.0, X-CUBE-EEPRMA1_V5.1.0, X-CUBE-FREERTOS_V1.1.0, X-CUBE-GNSS1_V6.0.0, X-CUBE-MEMS1_V10.0.0, X-CUBE-MEMS1_V9.1.0, X-CUBE-MEMS1_V9.4.0, X-CUBE-MEMS1_V9.6.0, X-CUBE-NFC4_V3.0.0, X-CUBE-NFC7_V1.0.1, X-CUBE-SFXS2LP1_V4.0.0, X-CUBE-SUBG2_V5.0.0, X-CUBE-TOF1_V3.4.0]
2024-04-28 10:59:21,535 [ERROR] DbExamplesSqlite:437 - Missing JSON key: board_cpn
2024-04-28 10:59:21,535 [ERROR] DbExamplesSqlite:437 - Missing JSON key: board_cpn
2024-04-28 10:59:21,536 [ERROR] DbExamplesSqlite:437 - Missing JSON key: board_cpn
2024-04-28 10:59:21,536 [ERROR] DbExamplesSqlite:437 - Missing JSON key: board_cpn
2024-04-28 10:59:21,613 [INFO] DbExamplesSqlite:395 - Ignored 60 examples not supported by CubeIDE
2024-04-28 10:59:21,613 [INFO] DbExamplesSqlite:396 - Found 8152 examples active
2024-04-28 10:59:21,614 [INFO] DbExamplesSqlite:397 - Found 871 examples obsolete
2024-04-28 10:59:21,614 [INFO] DbExamplesSqlite:398 - Found 0 examples under development
2024-04-28 10:59:21,614 [INFO] DbExamplesSqlite:399 - Found 10 examples not building
2024-04-28 10:59:21,615 [INFO] DbExamples:125 - Found 8102 examples
2024-04-28 10:59:21,626 [INFO] DbExamples:222 - Found 101 boards with related examples
2024-04-28 10:59:21,627 [INFO] DbExamples:235 - Found 86 MCUs with related examples
2024-04-28 10:59:21,645 [INFO] ApiDb:414 - User favorites file not found: /home/om/.stm32cubeide/favorites.examples.txt
2024-04-28 10:59:21,645 [INFO] DbExamples:250 - Set 0 / 0 favorites Examples
2024-04-28 10:59:21,757 [INFO] McuFinderGlobals:76 - Set McuFinderConnectedMode to true
2024-04-28 10:59:21,765 [INFO] MultiScanPanel:200 - Auto-refresh data requested => check proxy status ongoing
2024-04-28 10:59:21,768 [INFO] FinderPluginLoader:95 - Searching for filters in installed packs
2024-04-28 10:59:23,077 [INFO] LoadUrlFilesThread:185 - End of LoadServerUrlFiles without Thread
2024-04-28 10:59:23,086 [INFO] DetailPanel:341 - Set advertising image to /home/om/STM32Cube/Repository//en.prom-stm32wl3-mcu-finder.jpg
2024-04-28 10:59:25,775 [INFO] MultiScanPanel:200 - Auto-refresh data requested => check proxy status ongoing
2024-04-28 10:59:26,005 [INFO] LoadUrlFilesThread:185 - End of LoadServerUrlFiles without Thread
2024-04-28 10:59:26,006 [INFO] DetailPanel:341 - Set advertising image to /home/om/STM32Cube/Repository//en.prom-stm32wl3-mcu-finder.jpg
2024-04-28 10:59:26,021 [INFO] DbBoards:642 - Loading board mini-images...
2024-04-28 10:59:27,667 [INFO] DbBoards:665 - Loaded 199 board mini-images
2024-04-28 11:00:41,803 [INFO] BoardResultTable:719 - Mark Board NUCLEO-F446RE as favorite
2024-04-28 11:00:54,400 [INFO] McuFinderGlobals:76 - Set McuFinderConnectedMode to true
2024-04-28 11:00:54,408 [INFO] ApiDb:448 - Save user favorites file /home/om/.stm32cubeide/favorites.mcus.txt: 0 item(s)
2024-04-28 11:00:54,408 [INFO] ApiDb:452 - User favorites MCUs=[]
2024-04-28 11:00:54,418 [INFO] ApiDb:448 - Save user favorites file /home/om/.stm32cubeide/favorites.boards.txt: 2 item(s)
2024-04-28 11:00:54,419 [INFO] ApiDb:452 - User favorites Boards=[NUCLEO-F446RE, STM32F407G-DISC1]
