2024-04-24 21:43:27,391 [INFO] Activator:176 - 


2024-04-24 21:43:27,395 [INFO] Activator:177 - !SESSION log4j initialized
2024-04-24 21:43:32,030 [INFO] LogOutputStream:77 - [STDOUT_REDIRECT] 
2024-04-24 21:43:38,280 [INFO] ApplicationProperties:184 - Using Application install path: /opt/st/stm32cubeide_1.15.0_2/plugins/com.st.stm32cube.common.mx_6.11.0.202403141607
2024-04-24 21:43:38,294 [INFO] DbMcusXml:78 - Set database path to: /opt/st/stm32cubeide_1.15.0_2/plugins/com.st.stm32cube.common.mx_6.11.0.202403141607//db//mcu/
2024-04-24 21:43:38,294 [INFO] ApiDb:274 - Set plugin database path to: /opt/st/stm32cubeide_1.15.0_2/plugins/com.st.stm32cube.common.mx_6.11.0.202403141607//db//plugins/boardmanager/
2024-04-24 21:43:38,294 [WARN] ApiDb:259 - Overriding images path with different value:  => /opt/st/stm32cubeide_1.15.0_2/plugins/com.st.stm32cube.common.mx_6.11.0.202403141607//db//plugins/mcufinder/images/
2024-04-24 21:43:38,300 [INFO] ApiDb:250 - Set database path to: /home/om/.stmcufinder/plugins/mcufinder//mcu/
2024-04-24 21:43:38,301 [INFO] DbMcusAds:125 - Set database path to: /home/om/.stmcufinder/plugins/mcufinder//mcu/
2024-04-24 21:43:38,303 [INFO] CrossReferenceDbSqlite:203 - Set database path to: /home/om/.stmcufinder/plugins/mcufinder//mcu/cs/
2024-04-24 21:43:38,401 [INFO] RulesReader:64 - Compatibility file has been processed (297 Rules)
2024-04-24 21:43:38,467 [INFO] DbMcusXml:78 - Set database path to: /opt/st/stm32cubeide_1.15.0_2/plugins/com.st.stm32cube.common.mx_6.11.0.202403141607//db//mcu/
2024-04-24 21:43:38,468 [INFO] ApiDb:274 - Set plugin database path to: /opt/st/stm32cubeide_1.15.0_2/plugins/com.st.stm32cube.common.mx_6.11.0.202403141607//db//plugins/boardmanager/
2024-04-24 21:43:38,468 [INFO] ApiDb:261 - Set plugin images path to: /opt/st/stm32cubeide_1.15.0_2/plugins/com.st.stm32cube.common.mx_6.11.0.202403141607//db//plugins/mcufinder/images/
2024-04-24 21:43:38,469 [WARN] DbFile:41 - Overriding database path with different value: /home/om/.stmcufinder/plugins/mcufinder/ => /home/om/.stmcufinder/plugins/mcufinder
2024-04-24 21:43:38,469 [INFO] ApiDb:250 - Set database path to: /home/om/.stmcufinder/plugins/mcufinder//mcu/
2024-04-24 21:43:38,469 [WARN] DbFile:41 - Overriding database path with different value: /home/om/.stmcufinder/plugins/mcufinder/ => /home/om/.stmcufinder/plugins/mcufinder
2024-04-24 21:43:38,469 [INFO] DbMcusAds:125 - Set database path to: /home/om/.stmcufinder/plugins/mcufinder//mcu/
2024-04-24 21:43:38,469 [WARN] DbFile:41 - Overriding database path with different value: /home/om/.stmcufinder/plugins/mcufinder/ => /home/om/.stmcufinder/plugins/mcufinder
2024-04-24 21:43:38,469 [WARN] DbFile:41 - Overriding database path with different value: /home/om/.stmcufinder/plugins/mcufinder/ => /home/om/.stmcufinder/plugins/mcufinder
2024-04-24 21:43:38,470 [INFO] CrossReferenceDbSqlite:203 - Set database path to: /home/om/.stmcufinder/plugins/mcufinder//mcu/cs/
2024-04-24 21:43:38,532 [INFO] MainPanel:264 - HeapMemory: 268435456
2024-04-24 21:43:38,612 [INFO] DbMcusXml:78 - Set database path to: /opt/st/stm32cubeide_1.15.0_2/plugins/com.st.stm32cube.common.mx_6.11.0.202403141607//db//mcu/
2024-04-24 21:43:38,612 [INFO] ApiDb:274 - Set plugin database path to: /opt/st/stm32cubeide_1.15.0_2/plugins/com.st.stm32cube.common.mx_6.11.0.202403141607//db//plugins/boardmanager/
2024-04-24 21:43:38,612 [INFO] ApiDb:261 - Set plugin images path to: /opt/st/stm32cubeide_1.15.0_2/plugins/com.st.stm32cube.common.mx_6.11.0.202403141607//db//plugins/mcufinder/images/
2024-04-24 21:43:38,612 [WARN] DbFile:41 - Overriding database path with different value: /home/om/.stmcufinder/plugins/mcufinder/ => /home/om/.stmcufinder/plugins/mcufinder
2024-04-24 21:43:38,612 [INFO] ApiDb:250 - Set database path to: /home/om/.stmcufinder/plugins/mcufinder//mcu/
2024-04-24 21:43:38,612 [WARN] DbFile:41 - Overriding database path with different value: /home/om/.stmcufinder/plugins/mcufinder/ => /home/om/.stmcufinder/plugins/mcufinder
2024-04-24 21:43:38,612 [INFO] DbMcusAds:125 - Set database path to: /home/om/.stmcufinder/plugins/mcufinder//mcu/
2024-04-24 21:43:38,612 [WARN] DbFile:41 - Overriding database path with different value: /home/om/.stmcufinder/plugins/mcufinder/ => /home/om/.stmcufinder/plugins/mcufinder
2024-04-24 21:43:38,613 [WARN] DbFile:41 - Overriding database path with different value: /home/om/.stmcufinder/plugins/mcufinder/ => /home/om/.stmcufinder/plugins/mcufinder
2024-04-24 21:43:38,613 [INFO] CrossReferenceDbSqlite:203 - Set database path to: /home/om/.stmcufinder/plugins/mcufinder//mcu/cs/
2024-04-24 21:43:38,627 [INFO] ApplicationProperties:184 - Using Application install path: /opt/st/stm32cubeide_1.15.0_2/plugins/com.st.stm32cube.common.mx_6.11.0.202403141607
2024-04-24 21:43:38,629 [INFO] PluginManage:196 - Search for loadable plugins [exclusion list=, ]
2024-04-24 21:43:38,630 [INFO] PluginManage:310 - Check plugin analytics
2024-04-24 21:43:38,800 [INFO] AnalyticsPlugin:253 - Accepted Software Licenses: 
2024-04-24 21:43:38,800 [INFO] AnalyticsPlugin:255 - Accepted CMSIS Pack Licenses: 
2024-04-24 21:43:38,801 [INFO] AnalyticsPlugin:257 - Accepted Firmware Licenses: 
2024-04-24 21:43:38,803 [INFO] PluginManage:359 - Loaded plugin analytics (category:tool,tabindex:-1)
2024-04-24 21:43:38,804 [INFO] PluginManage:310 - Check plugin cadmodel
2024-04-24 21:43:38,872 [INFO] CADModel:105 - Init CAD model plugin
2024-04-24 21:43:38,873 [INFO] PluginManage:359 - Loaded plugin cadmodel (category:power,tabindex:5)
2024-04-24 21:43:38,873 [INFO] PluginManage:310 - Check plugin clock
2024-04-24 21:43:38,887 [INFO] PluginManage:359 - Loaded plugin clock (category:base,tabindex:2)
2024-04-24 21:43:38,887 [INFO] PluginManage:310 - Check plugin ddr
2024-04-24 21:43:38,890 [INFO] PluginManage:359 - Loaded plugin ddr (category:tool,tabindex:6)
2024-04-24 21:43:38,890 [INFO] PluginManage:310 - Check plugin filemanager
2024-04-24 21:43:39,030 [INFO] PluginManage:359 - Loaded plugin filemanager (category:base,tabindex:10)
2024-04-24 21:43:39,031 [INFO] PluginManage:310 - Check plugin ipmanager
2024-04-24 21:43:39,036 [INFO] PluginManage:359 - Loaded plugin ipmanager (category:base,tabindex:5)
2024-04-24 21:43:39,036 [INFO] PluginManage:310 - Check plugin lpbam
2024-04-24 21:43:39,048 [INFO] PluginManage:359 - Loaded plugin lpbam (category:base,tabindex:0)
2024-04-24 21:43:39,048 [INFO] PluginManage:310 - Check plugin memorymap
2024-04-24 21:43:39,059 [INFO] PluginManage:359 - Loaded plugin memorymap (category:base,tabindex:4)
2024-04-24 21:43:39,059 [INFO] PluginManage:310 - Check plugin pinoutandconfiguration
2024-04-24 21:43:39,066 [INFO] PluginManage:359 - Loaded plugin pinoutandconfiguration (category:base,tabindex:1)
2024-04-24 21:43:39,066 [INFO] PluginManage:310 - Check plugin pinoutconfig
2024-04-24 21:43:39,135 [WARN] SupportedApi:132 - Cannot load RTOS API schema: s4s-elt-must-match.1: The content of 'definitions' must match (annotation?, (simpleType | complexType)?, (unique | key | keyref)*)). A problem was found starting at: attribute.
2024-04-24 21:43:39,256 [INFO] PluginManage:359 - Loaded plugin pinoutconfig (category:base,tabindex:0)
2024-04-24 21:43:39,256 [INFO] PluginManage:310 - Check plugin power
2024-04-24 21:43:39,265 [INFO] PluginManage:359 - Loaded plugin power (category:power,tabindex:4)
2024-04-24 21:43:39,266 [INFO] PluginManage:310 - Check plugin projectmanager
2024-04-24 21:43:39,281 [INFO] PluginManage:359 - Loaded plugin projectmanager (category:projectmanager,tabindex:3)
2024-04-24 21:43:39,281 [INFO] PluginManage:310 - Check plugin thirdparty
2024-04-24 21:43:39,401 [INFO] PluginManage:359 - Loaded plugin thirdparty (category:base,tabindex:-1)
2024-04-24 21:43:39,401 [WARN] IntegrityCheckThread:84 - waiting for thirdparty lock release [integrity check]
2024-04-24 21:43:39,401 [INFO] IntegrityCheckThread:86 - entering critical section [integrity check]
2024-04-24 21:43:39,401 [INFO] PluginManage:310 - Check plugin tools
2024-04-24 21:43:39,402 [INFO] ThirdPartyUpdaterWithRetryManager:70 - Updater plugin not ready yet. [1/15]
2024-04-24 21:43:39,404 [INFO] PluginManage:359 - Loaded plugin tools (category:base,tabindex:7)
2024-04-24 21:43:39,404 [INFO] PluginManage:310 - Check plugin tutovideos
2024-04-24 21:43:39,551 [INFO] PluginManage:359 - Loaded plugin tutovideos (category:base,tabindex:-1)
2024-04-24 21:43:39,551 [INFO] PluginManage:310 - Check plugin updater
2024-04-24 21:43:39,560 [INFO] PluginManage:359 - Loaded plugin updater (category:base,tabindex:12)
2024-04-24 21:43:39,560 [INFO] PluginManage:310 - Check plugin userauth
2024-04-24 21:43:39,565 [INFO] UserAuth:114 - Init User Auth plugin
2024-04-24 21:43:39,565 [INFO] PluginManage:359 - Loaded plugin userauth (category:base,tabindex:14)
2024-04-24 21:43:39,566 [INFO] PluginManage:283 - PluginManage : Loaded plugins [17]
2024-04-24 21:43:39,734 [INFO] PinOutPanel:1561 - setPackage(No Configuration,No Configuration)
2024-04-24 21:43:39,785 [INFO] CADModel:165 - CPN selected for project level
2024-04-24 21:43:39,785 [INFO] CADModel:114 - Register for checkConnection events
2024-04-24 21:43:39,794 [INFO] IPUIPlugin:80 - create IPUIPlugin
2024-04-24 21:43:39,794 [INFO] PluginManager:220 - loadIPPluginJar : add fatfs
2024-04-24 21:43:39,795 [INFO] IPUIPlugin:80 - create IPUIPlugin
2024-04-24 21:43:39,796 [INFO] PluginManager:220 - loadIPPluginJar : add quadspi
2024-04-24 21:43:39,797 [INFO] IPUIPlugin:80 - create IPUIPlugin
2024-04-24 21:43:39,797 [INFO] PluginManager:220 - loadIPPluginJar : add ltdc
2024-04-24 21:43:39,799 [INFO] IPUIPlugin:80 - create IPUIPlugin
2024-04-24 21:43:39,799 [INFO] PluginManager:220 - loadIPPluginJar : add tsc
2024-04-24 21:43:39,810 [INFO] IPUIPlugin:80 - create IPUIPlugin
2024-04-24 21:43:39,810 [INFO] PluginManager:220 - loadIPPluginJar : add stm32_wpan
2024-04-24 21:43:39,816 [INFO] IPUIPlugin:80 - create IPUIPlugin
2024-04-24 21:43:39,816 [INFO] PluginManager:220 - loadIPPluginJar : add adc
2024-04-24 21:43:39,820 [INFO] IPUIPlugin:80 - create IPUIPlugin
2024-04-24 21:43:39,821 [INFO] PluginManager:220 - loadIPPluginJar : add nvic
2024-04-24 21:43:39,823 [INFO] IPUIPlugin:80 - create IPUIPlugin
2024-04-24 21:43:39,824 [INFO] PluginManager:220 - loadIPPluginJar : add dma3
2024-04-24 21:43:39,828 [INFO] IPUIPlugin:80 - create IPUIPlugin
2024-04-24 21:43:39,828 [INFO] PluginManager:220 - loadIPPluginJar : add fmc
2024-04-24 21:43:39,830 [INFO] IPUIPlugin:80 - create IPUIPlugin
2024-04-24 21:43:39,830 [INFO] PluginManager:220 - loadIPPluginJar : add dfsdm
2024-04-24 21:43:39,833 [INFO] IPUIPlugin:80 - create IPUIPlugin
2024-04-24 21:43:39,833 [INFO] PluginManager:220 - loadIPPluginJar : add openamp
2024-04-24 21:43:39,835 [INFO] IPUIPlugin:80 - create IPUIPlugin
2024-04-24 21:43:39,836 [INFO] PluginManager:220 - loadIPPluginJar : add pdm2pcm
2024-04-24 21:43:39,838 [INFO] IPUIPlugin:80 - create IPUIPlugin
2024-04-24 21:43:39,838 [INFO] PluginManager:220 - loadIPPluginJar : add opamp
2024-04-24 21:43:39,841 [INFO] IPUIPlugin:80 - create IPUIPlugin
2024-04-24 21:43:39,841 [INFO] PluginManager:220 - loadIPPluginJar : add spi
2024-04-24 21:43:39,844 [INFO] IPUIPlugin:80 - create IPUIPlugin
2024-04-24 21:43:39,844 [INFO] PluginManager:220 - loadIPPluginJar : add usbx
2024-04-24 21:43:39,847 [INFO] IPUIPlugin:80 - create IPUIPlugin
2024-04-24 21:43:39,847 [INFO] PluginManager:220 - loadIPPluginJar : add resmgrutility
2024-04-24 21:43:39,852 [INFO] IPUIPlugin:80 - create IPUIPlugin
2024-04-24 21:43:39,852 [INFO] PluginManager:220 - loadIPPluginJar : add gpio
2024-04-24 21:43:39,854 [INFO] IPUIPlugin:80 - create IPUIPlugin
2024-04-24 21:43:39,855 [INFO] PluginManager:220 - loadIPPluginJar : add extmemmanager
2024-04-24 21:43:39,857 [INFO] IPUIPlugin:80 - create IPUIPlugin
2024-04-24 21:43:39,858 [INFO] PluginManager:220 - loadIPPluginJar : add touchsensing
2024-04-24 21:43:39,862 [INFO] IPUIPlugin:80 - create IPUIPlugin
2024-04-24 21:43:39,863 [INFO] PluginManager:220 - loadIPPluginJar : add gic
2024-04-24 21:43:39,864 [INFO] IPUIPlugin:80 - create IPUIPlugin
2024-04-24 21:43:39,865 [INFO] PluginManager:220 - loadIPPluginJar : add ucpd
2024-04-24 21:43:39,871 [INFO] IPUIPlugin:80 - create IPUIPlugin
2024-04-24 21:43:39,871 [INFO] PluginManager:220 - loadIPPluginJar : add mdma
2024-04-24 21:43:39,873 [INFO] IPUIPlugin:80 - create IPUIPlugin
2024-04-24 21:43:39,873 [INFO] PluginManager:220 - loadIPPluginJar : add i2c
2024-04-24 21:43:39,876 [INFO] IPUIPlugin:80 - create IPUIPlugin
2024-04-24 21:43:39,876 [INFO] PluginManager:220 - loadIPPluginJar : add sai
2024-04-24 21:43:39,878 [INFO] IPUIPlugin:80 - create IPUIPlugin
2024-04-24 21:43:39,879 [INFO] PluginManager:220 - loadIPPluginJar : add can
2024-04-24 21:43:39,885 [INFO] IPUIPlugin:80 - create IPUIPlugin
2024-04-24 21:43:39,885 [INFO] PluginManager:220 - loadIPPluginJar : add linkedlist
2024-04-24 21:43:39,886 [INFO] IPUIPlugin:80 - create IPUIPlugin
2024-04-24 21:43:39,886 [INFO] PluginManager:220 - loadIPPluginJar : add comp
2024-04-24 21:43:39,891 [INFO] IPUIPlugin:80 - create IPUIPlugin
2024-04-24 21:43:39,891 [INFO] PluginManager:220 - loadIPPluginJar : add freertos
2024-04-24 21:43:39,893 [INFO] IPUIPlugin:80 - create IPUIPlugin
2024-04-24 21:43:39,894 [INFO] PluginManager:220 - loadIPPluginJar : add gtzc
2024-04-24 21:43:39,896 [INFO] IPUIPlugin:80 - create IPUIPlugin
2024-04-24 21:43:39,896 [INFO] PluginManager:220 - loadIPPluginJar : add aes
2024-04-24 21:43:39,897 [INFO] IPUIPlugin:80 - create IPUIPlugin
2024-04-24 21:43:39,897 [INFO] PluginManager:220 - loadIPPluginJar : add tim
2024-04-24 21:43:39,899 [INFO] IPUIPlugin:80 - create IPUIPlugin
2024-04-24 21:43:39,899 [INFO] PluginManager:220 - loadIPPluginJar : add cryp
2024-04-24 21:43:39,901 [INFO] IPUIPlugin:80 - create IPUIPlugin
2024-04-24 21:43:39,901 [INFO] PluginManager:220 - loadIPPluginJar : add ts
2024-04-24 21:43:39,903 [INFO] IPUIPlugin:80 - create IPUIPlugin
2024-04-24 21:43:39,903 [INFO] PluginManager:220 - loadIPPluginJar : add lorawan
2024-04-24 21:43:39,905 [INFO] IPUIPlugin:80 - create IPUIPlugin
2024-04-24 21:43:39,906 [INFO] PluginManager:220 - loadIPPluginJar : add ipddr
2024-04-24 21:43:39,907 [INFO] IPUIPlugin:80 - create IPUIPlugin
2024-04-24 21:43:39,907 [INFO] PluginManager:220 - loadIPPluginJar : add tracer_emb
2024-04-24 21:43:39,912 [INFO] IPUIPlugin:80 - create IPUIPlugin
2024-04-24 21:43:39,912 [INFO] PluginManager:220 - loadIPPluginJar : add dma
2024-04-24 21:43:39,914 [INFO] IPUIPlugin:80 - create IPUIPlugin
2024-04-24 21:43:39,914 [INFO] PluginManager:220 - loadIPPluginJar : add usart
2024-04-24 21:43:39,920 [INFO] IPUIPlugin:80 - create IPUIPlugin
2024-04-24 21:43:39,922 [INFO] PluginManager:220 - loadIPPluginJar : add plateformsettings
2024-04-24 21:43:39,923 [INFO] IPUIPlugin:80 - create IPUIPlugin
2024-04-24 21:43:39,923 [INFO] PluginManager:220 - loadIPPluginJar : add genericplugin
2024-04-24 21:43:39,925 [INFO] IPUIPlugin:80 - create IPUIPlugin
2024-04-24 21:43:39,925 [INFO] PluginManager:220 - loadIPPluginJar : add gfxmmu
2024-04-24 21:43:39,927 [INFO] IPUIPlugin:80 - create IPUIPlugin
2024-04-24 21:43:39,927 [INFO] PluginManager:220 - loadIPPluginJar : add hash
2024-04-24 21:43:39,929 [INFO] IPUIPlugin:80 - create IPUIPlugin
2024-04-24 21:43:39,929 [INFO] PluginManager:220 - loadIPPluginJar : add i3c
2024-04-24 21:43:39,931 [INFO] IPUIPlugin:80 - create IPUIPlugin
2024-04-24 21:43:39,931 [INFO] PluginManager:220 - loadIPPluginJar : add i2s
2024-04-24 21:43:40,028 [INFO] CADModel:165 - CPN selected for project level
2024-04-24 21:43:40,028 [INFO] CADModel:114 - Register for checkConnection events
2024-04-24 21:43:40,028 [FATAL] Updater:308 - Updater called before beeing initialized
2024-04-24 21:43:40,028 [ERROR] CADModel:125 - Updater not yet initialized, retry later 
2024-04-24 21:43:40,129 [INFO] CADModel:165 - CPN selected for project level
2024-04-24 21:43:40,129 [INFO] CADModel:114 - Register for checkConnection events
2024-04-24 21:43:40,129 [FATAL] Updater:308 - Updater called before beeing initialized
2024-04-24 21:43:40,129 [ERROR] CADModel:125 - Updater not yet initialized, retry later 
2024-04-24 21:43:40,132 [FATAL] Updater:308 - Updater called before beeing initialized
2024-04-24 21:43:40,198 [FATAL] Updater:308 - Updater called before beeing initialized
2024-04-24 21:43:40,202 [INFO] DbMcusAds:53 - JSON generation date=Wed Nov 29 16:22:27 IST 2023 (1701255147349)
2024-04-24 21:43:40,202 [FATAL] Updater:308 - Updater called before beeing initialized
2024-04-24 21:43:40,231 [WARN] DetailPanel:346 - Failed to get advertising image, set to default
2024-04-24 21:43:40,302 [FATAL] Updater:308 - Updater called before beeing initialized
2024-04-24 21:43:40,304 [FATAL] Updater:308 - Updater called before beeing initialized
2024-04-24 21:43:40,304 [FATAL] Updater:308 - Updater called before beeing initialized
2024-04-24 21:43:40,304 [WARN] DetailPanel:346 - Failed to get advertising image, set to default
2024-04-24 21:43:40,305 [FATAL] Updater:308 - Updater called before beeing initialized
2024-04-24 21:43:40,331 [ERROR] Updater:1120 - MainUpdater not yet initialized. External WinMGr cannot be set.
2024-04-24 21:43:40,332 [INFO] Updater:1056 - Updater Version found : 6.11.0
2024-04-24 21:43:40,351 [INFO] ApplicationProperties:184 - Using Application install path: /opt/st/stm32cubeide_1.15.0_2/plugins/com.st.stm32cube.common.mx_6.11.0.202403141607
2024-04-24 21:43:42,402 [INFO] ThirdPartyUpdaterWithRetryManager:70 - Updater plugin not ready yet. [2/15]
2024-04-24 21:43:44,112 [INFO] MainUpdater:2873 - connection check result : 10
2024-04-24 21:43:44,113 [INFO] MainUpdater:290 - Updater Check For Update Now.
2024-04-24 21:43:44,113 [INFO] MicroXplorer:498 - Change Database Version : DB.6.0.110
2024-04-24 21:43:44,117 [INFO] McuFinderGlobals:63 - Set McuFinder mode to 2 (CubeIDE integrated)
2024-04-24 21:43:44,117 [INFO] UserAuth:179 - activating auth plugin
2024-04-24 21:43:44,120 [INFO] UserAuth:415 - Internet connection configuration mode: 1
2024-04-24 21:43:44,138 [INFO] JxBrowserEngine:152 - Initiate JxBrowser Engine with user profile folder
2024-04-24 21:43:44,273 [INFO] CheckServerUpdateThread:120 - End of CheckServer Thread
2024-04-24 21:43:45,033 [INFO] WebApp:161 - Instantiating new browser for Auth
2024-04-24 21:43:45,523 [WARN] PackLoader:240 - Cannot read IP mode file for STMicroelectronics.FP-SNS-MOTENVWB1.1.4.0
2024-04-24 21:43:45,533 [WARN] PackLoader:240 - Cannot read IP mode file for STMicroelectronics.X-CUBE-SMBUS.2.1.0
2024-04-24 21:43:45,537 [WARN] PackLoader:240 - Cannot read IP mode file for STMicroelectronics.X-CUBE-TOUCHGFX.4.23.2
2024-04-24 21:43:45,564 [WARN] PackLoader:240 - Cannot read IP mode file for STMicroelectronics.X-CUBE-AZRTOS-F7.1.1.0
2024-04-24 21:43:45,579 [WARN] PackLoader:240 - Cannot read IP mode file for STMicroelectronics.FP-SNS-FLIGHT1.5.0.2
2024-04-24 21:43:45,589 [WARN] PackLoader:240 - Cannot read IP mode file for STMicroelectronics.X-CUBE-DISPLAY.3.0.0
2024-04-24 21:43:45,605 [WARN] PackLoader:240 - Cannot read IP mode file for STMicroelectronics.X-CUBE-BLE1.7.0.0
2024-04-24 21:43:45,618 [WARN] PackLoader:240 - Cannot read IP mode file for STMicroelectronics.X-CUBE-BLEMGR.3.1.0
2024-04-24 21:43:45,628 [WARN] PackLoader:240 - Cannot read IP mode file for STMicroelectronics.FP-SNS-SMARTAG2.1.2.0
2024-04-24 21:43:45,637 [INFO] LogOutputStream:77 - [STDOUT_REDIRECT] 1 : Invalid condition id : UX_CORESTACK_Condition cause : null
2024-04-24 21:43:45,638 [INFO] LogOutputStream:77 - [STDOUT_REDIRECT] 1 : Invalid condition id : UX_CORESTACK_Condition cause : null
2024-04-24 21:43:45,639 [INFO] LogOutputStream:77 - [STDOUT_REDIRECT] 1 : Invalid condition id : UX_CORESTACK_Condition cause : null
2024-04-24 21:43:45,639 [INFO] LogOutputStream:77 - [STDOUT_REDIRECT] 1 : Invalid condition id : UX_CORESTACK_Condition cause : null
2024-04-24 21:43:45,640 [INFO] LogOutputStream:77 - [STDOUT_REDIRECT] 1 : Invalid condition id : UX_CORESTACK_Condition cause : null
2024-04-24 21:43:45,643 [WARN] PackLoader:240 - Cannot read IP mode file for STMicroelectronics.X-CUBE-AZRTOS-WL.2.0.0
2024-04-24 21:43:45,649 [WARN] PackLoader:240 - Cannot read IP mode file for STMicroelectronics.X-CUBE-BLE2.3.3.0
2024-04-24 21:43:45,654 [WARN] PackLoader:240 - Cannot read IP mode file for STMicroelectronics.X-CUBE-TCPP.4.1.0
2024-04-24 21:43:45,661 [WARN] PackLoader:240 - Cannot read IP mode file for STMicroelectronics.X-CUBE-ALGOBUILD.1.3.0
2024-04-24 21:43:45,677 [WARN] PackLoader:240 - Cannot read IP mode file for STMicroelectronics.X-CUBE-AZRTOS-G0.1.1.0
2024-04-24 21:43:45,686 [WARN] PackLoader:240 - Cannot read IP mode file for STMicroelectronics.X-CUBE-SAFEA1.1.2.2
2024-04-24 21:43:45,693 [WARN] PackLoader:240 - Cannot read IP mode file for STMicroelectronics.X-CUBE-NFC4.3.0.0
2024-04-24 21:43:45,698 [WARN] PackLoader:240 - Cannot read IP mode file for wolfSSL.I-CUBE-wolfSSL.5.7.0
2024-04-24 21:43:45,702 [WARN] PackLoader:240 - Cannot read IP mode file for STMicroelectronics.FP-ATR-SIGFOX1.3.2.0
2024-04-24 21:43:45,708 [WARN] PackLoader:240 - Cannot read IP mode file for STMicroelectronics.X-CUBE-EEPRMA1.5.1.0
2024-04-24 21:43:45,739 [WARN] PackLoader:240 - Cannot read IP mode file for SEGGER.I-CUBE-embOS.1.3.1
2024-04-24 21:43:45,790 [WARN] PackLoader:240 - Cannot read IP mode file for STMicroelectronics.X-CUBE-GNSS1.6.0.0
2024-04-24 21:43:45,803 [WARN] PackLoader:240 - Cannot read IP mode file for STMicroelectronics.X-CUBE-AZRTOS-F4.1.1.0
2024-04-24 21:43:45,817 [WARN] PackLoader:240 - Cannot read IP mode file for STMicroelectronics.X-CUBE-AZRTOS-L5.2.0.0
2024-04-24 21:43:45,831 [WARN] PackLoader:240 - Cannot read IP mode file for STMicroelectronics.X-CUBE-NFC6.3.1.0
2024-04-24 21:43:45,837 [WARN] PackLoader:240 - Cannot read IP mode file for STMicroelectronics.X-CUBE-AI.9.0.0
2024-04-24 21:43:45,841 [WARN] PackLoader:240 - Cannot read IP mode file for STMicroelectronics.X-CUBE-NFC7.1.0.1
2024-04-24 21:43:45,845 [WARN] PackLoader:240 - Cannot read IP mode file for STMicroelectronics.X-CUBE-AI.8.1.0
2024-04-24 21:43:45,857 [WARN] ConditionMgr:438 - getConditionDescription Invalid condition id : LAN8742 Phy interface Condition cause : null
2024-04-24 21:43:45,858 [WARN] PackLoader:240 - Cannot read IP mode file for STMicroelectronics.X-CUBE-AZRTOS-L4.2.0.0
2024-04-24 21:43:45,860 [WARN] ConditionMgr:1039 - genDependencies : Invalid condition id : LAN8742 Phy interface Condition cause : null
2024-04-24 21:43:45,860 [WARN] ConditionMgr:1039 - genDependencies : Invalid condition id : LAN8742 Phy interface Condition cause : null
2024-04-24 21:43:45,861 [WARN] ConditionMgr:1039 - genDependencies : Invalid condition id : LAN8742 Phy interface Condition cause : null
2024-04-24 21:43:45,867 [WARN] PackLoader:240 - Cannot read IP mode file for STMicroelectronics.X-CUBE-SFXS2LP1.4.0.0
2024-04-24 21:43:45,879 [WARN] ConditionMgr:438 - getConditionDescription Invalid condition id : UX DEVICE CLASS RTOS Condition cause : null
2024-04-24 21:43:45,880 [WARN] ConditionMgr:438 - getConditionDescription Invalid condition id : UX DEVICE CLASS RTOS Condition cause : null
2024-04-24 21:43:45,882 [WARN] PackLoader:240 - Cannot read IP mode file for STMicroelectronics.X-CUBE-AZRTOS-WB.2.0.0
2024-04-24 21:43:45,882 [WARN] ConditionMgr:1039 - genDependencies : Invalid condition id : UX DEVICE CLASS RTOS Condition cause : null
2024-04-24 21:43:45,883 [WARN] ConditionMgr:1039 - genDependencies : Invalid condition id : UX DEVICE CLASS RTOS Condition cause : null
2024-04-24 21:43:45,883 [WARN] ConditionMgr:1039 - genDependencies : Invalid condition id : UX DEVICE CLASS RTOS Condition cause : null
2024-04-24 21:43:45,884 [WARN] ConditionMgr:1039 - genDependencies : Invalid condition id : UX DEVICE CLASS RTOS Condition cause : null
2024-04-24 21:43:45,884 [WARN] ConditionMgr:1039 - genDependencies : Invalid condition id : UX DEVICE CLASS RTOS Condition cause : null
2024-04-24 21:43:45,892 [WARN] PackLoader:240 - Cannot read IP mode file for STMicroelectronics.X-CUBE-SUBG2.5.0.0
2024-04-24 21:43:45,908 [WARN] PackLoader:240 - Cannot read IP mode file for STMicroelectronics.X-CUBE-AZRTOS-G4.2.0.0
2024-04-24 21:43:45,913 [WARN] PackLoader:240 - Cannot read IP mode file for STMicroelectronics.FP-SNS-MOTENVWB1.1.3.1
2024-04-24 21:43:45,917 [WARN] PackLoader:240 - Cannot read IP mode file for STMicroelectronics.X-CUBE-ISPU.2.0.0
2024-04-24 21:43:45,946 [WARN] PackLoader:240 - Cannot read IP mode file for STMicroelectronics.X-CUBE-MEMS1.10.0.0
2024-04-24 21:43:46,082 [WARN] PackLoader:240 - Cannot read IP mode file for STMicroelectronics.X-CUBE-FREERTOS.1.1.0
2024-04-24 21:43:46,086 [WARN] PackLoader:240 - Cannot read IP mode file for STMicroelectronics.X-CUBE-ALS.1.0.1
2024-04-24 21:43:46,100 [WARN] PackLoader:240 - Cannot read IP mode file for STMicroelectronics.X-CUBE-AZRTOS-H7RS.1.0.0
2024-04-24 21:43:46,107 [WARN] PackLoader:240 - Cannot read IP mode file for STMicroelectronics.FP-ATR-ASTRA1.2.0.0
2024-04-24 21:43:46,117 [WARN] PackLoader:240 - Cannot read IP mode file for STMicroelectronics.X-CUBE-TOF1.3.4.1
2024-04-24 21:43:46,145 [WARN] PackLoader:240 - Cannot read IP mode file for STMicroelectronics.X-CUBE-AZRTOS-H7.3.2.0
2024-04-24 21:43:46,157 [WARN] PackLoader:240 - Cannot read IP mode file for Infineon.AIROC-Wi-Fi-Bluetooth-STM32.1.6.0
2024-04-24 21:43:46,163 [INFO] ThirdParty:978 - Integrity check success = true
2024-04-24 21:43:46,163 [INFO] IntegrityCheckThread:100 - exiting critical section [integrity check]
2024-04-24 21:43:46,164 [INFO] IntegrityCheckThread:103 - End integrity checks thread
2024-04-24 21:43:46,264 [INFO] WebApp:779 - Register for checkConnection events
2024-04-24 21:43:46,264 [INFO] WebApp:414 - Apply proxy settings
2024-04-24 21:43:46,265 [INFO] WebApp:499 - Chromium requires no authentication
2024-04-24 21:43:46,279 [INFO] WebApp:442 - Direct internet connection detected
2024-04-24 21:43:46,523 [INFO] WebApp:192 - Starting web application
2024-04-24 21:43:46,523 [INFO] WebApp:544 - Web application path used /opt/st/stm32cubeide_1.15.0_2/plugins/com.st.stm32cube.common.mx_6.11.0.202403141607/db/plugins/mcufinder/reactClient1/index.html
2024-04-24 21:55:41,426 [INFO] Activator:176 - 


2024-04-24 21:55:41,428 [INFO] Activator:177 - !SESSION log4j initialized
2024-04-24 21:55:45,360 [INFO] LogOutputStream:77 - [STDOUT_REDIRECT] 
2024-04-24 21:55:46,031 [INFO] ApplicationProperties:184 - Using Application install path: /opt/st/stm32cubeide_1.15.0_2/plugins/com.st.stm32cube.common.mx_6.11.0.202403141607
2024-04-24 21:55:46,054 [INFO] DbMcusXml:78 - Set database path to: /opt/st/stm32cubeide_1.15.0_2/plugins/com.st.stm32cube.common.mx_6.11.0.202403141607//db//mcu/
2024-04-24 21:55:46,055 [INFO] ApiDb:274 - Set plugin database path to: /opt/st/stm32cubeide_1.15.0_2/plugins/com.st.stm32cube.common.mx_6.11.0.202403141607//db//plugins/boardmanager/
2024-04-24 21:55:46,055 [WARN] ApiDb:259 - Overriding images path with different value:  => /opt/st/stm32cubeide_1.15.0_2/plugins/com.st.stm32cube.common.mx_6.11.0.202403141607//db//plugins/mcufinder/images/
2024-04-24 21:55:46,063 [INFO] ApiDb:250 - Set database path to: /home/om/.stmcufinder/plugins/mcufinder//mcu/
2024-04-24 21:55:46,080 [INFO] DbMcusAds:125 - Set database path to: /home/om/.stmcufinder/plugins/mcufinder//mcu/
2024-04-24 21:55:46,084 [INFO] CrossReferenceDbSqlite:203 - Set database path to: /home/om/.stmcufinder/plugins/mcufinder//mcu/cs/
2024-04-24 21:55:46,243 [INFO] RulesReader:64 - Compatibility file has been processed (297 Rules)
2024-04-24 21:55:46,335 [INFO] DbMcusXml:78 - Set database path to: /opt/st/stm32cubeide_1.15.0_2/plugins/com.st.stm32cube.common.mx_6.11.0.202403141607//db//mcu/
2024-04-24 21:55:46,335 [INFO] ApiDb:274 - Set plugin database path to: /opt/st/stm32cubeide_1.15.0_2/plugins/com.st.stm32cube.common.mx_6.11.0.202403141607//db//plugins/boardmanager/
2024-04-24 21:55:46,335 [INFO] ApiDb:261 - Set plugin images path to: /opt/st/stm32cubeide_1.15.0_2/plugins/com.st.stm32cube.common.mx_6.11.0.202403141607//db//plugins/mcufinder/images/
2024-04-24 21:55:46,336 [WARN] DbFile:41 - Overriding database path with different value: /home/om/.stmcufinder/plugins/mcufinder/ => /home/om/.stmcufinder/plugins/mcufinder
2024-04-24 21:55:46,336 [INFO] ApiDb:250 - Set database path to: /home/om/.stmcufinder/plugins/mcufinder//mcu/
2024-04-24 21:55:46,336 [WARN] DbFile:41 - Overriding database path with different value: /home/om/.stmcufinder/plugins/mcufinder/ => /home/om/.stmcufinder/plugins/mcufinder
2024-04-24 21:55:46,336 [INFO] DbMcusAds:125 - Set database path to: /home/om/.stmcufinder/plugins/mcufinder//mcu/
2024-04-24 21:55:46,336 [WARN] DbFile:41 - Overriding database path with different value: /home/om/.stmcufinder/plugins/mcufinder/ => /home/om/.stmcufinder/plugins/mcufinder
2024-04-24 21:55:46,336 [WARN] DbFile:41 - Overriding database path with different value: /home/om/.stmcufinder/plugins/mcufinder/ => /home/om/.stmcufinder/plugins/mcufinder
2024-04-24 21:55:46,337 [INFO] CrossReferenceDbSqlite:203 - Set database path to: /home/om/.stmcufinder/plugins/mcufinder//mcu/cs/
2024-04-24 21:55:46,425 [INFO] MainPanel:264 - HeapMemory: 268435456
2024-04-24 21:55:46,549 [INFO] DbMcusXml:78 - Set database path to: /opt/st/stm32cubeide_1.15.0_2/plugins/com.st.stm32cube.common.mx_6.11.0.202403141607//db//mcu/
2024-04-24 21:55:46,549 [INFO] ApiDb:274 - Set plugin database path to: /opt/st/stm32cubeide_1.15.0_2/plugins/com.st.stm32cube.common.mx_6.11.0.202403141607//db//plugins/boardmanager/
2024-04-24 21:55:46,549 [INFO] ApiDb:261 - Set plugin images path to: /opt/st/stm32cubeide_1.15.0_2/plugins/com.st.stm32cube.common.mx_6.11.0.202403141607//db//plugins/mcufinder/images/
2024-04-24 21:55:46,549 [WARN] DbFile:41 - Overriding database path with different value: /home/om/.stmcufinder/plugins/mcufinder/ => /home/om/.stmcufinder/plugins/mcufinder
2024-04-24 21:55:46,550 [INFO] ApiDb:250 - Set database path to: /home/om/.stmcufinder/plugins/mcufinder//mcu/
2024-04-24 21:55:46,550 [WARN] DbFile:41 - Overriding database path with different value: /home/om/.stmcufinder/plugins/mcufinder/ => /home/om/.stmcufinder/plugins/mcufinder
2024-04-24 21:55:46,550 [INFO] DbMcusAds:125 - Set database path to: /home/om/.stmcufinder/plugins/mcufinder//mcu/
2024-04-24 21:55:46,550 [WARN] DbFile:41 - Overriding database path with different value: /home/om/.stmcufinder/plugins/mcufinder/ => /home/om/.stmcufinder/plugins/mcufinder
2024-04-24 21:55:46,550 [WARN] DbFile:41 - Overriding database path with different value: /home/om/.stmcufinder/plugins/mcufinder/ => /home/om/.stmcufinder/plugins/mcufinder
2024-04-24 21:55:46,550 [INFO] CrossReferenceDbSqlite:203 - Set database path to: /home/om/.stmcufinder/plugins/mcufinder//mcu/cs/
2024-04-24 21:55:46,570 [INFO] ApplicationProperties:184 - Using Application install path: /opt/st/stm32cubeide_1.15.0_2/plugins/com.st.stm32cube.common.mx_6.11.0.202403141607
2024-04-24 21:55:46,572 [INFO] PluginManage:196 - Search for loadable plugins [exclusion list=, ]
2024-04-24 21:55:46,574 [INFO] PluginManage:310 - Check plugin analytics
2024-04-24 21:55:46,752 [INFO] AnalyticsPlugin:253 - Accepted Software Licenses: 
2024-04-24 21:55:46,753 [INFO] AnalyticsPlugin:255 - Accepted CMSIS Pack Licenses: 
2024-04-24 21:55:46,753 [INFO] AnalyticsPlugin:257 - Accepted Firmware Licenses: 
2024-04-24 21:55:46,757 [INFO] PluginManage:359 - Loaded plugin analytics (category:tool,tabindex:-1)
2024-04-24 21:55:46,757 [INFO] PluginManage:310 - Check plugin cadmodel
2024-04-24 21:55:46,793 [INFO] CADModel:105 - Init CAD model plugin
2024-04-24 21:55:46,793 [INFO] PluginManage:359 - Loaded plugin cadmodel (category:power,tabindex:5)
2024-04-24 21:55:46,794 [INFO] PluginManage:310 - Check plugin clock
2024-04-24 21:55:46,809 [INFO] PluginManage:359 - Loaded plugin clock (category:base,tabindex:2)
2024-04-24 21:55:46,810 [INFO] PluginManage:310 - Check plugin ddr
2024-04-24 21:55:46,814 [INFO] PluginManage:359 - Loaded plugin ddr (category:tool,tabindex:6)
2024-04-24 21:55:46,815 [INFO] PluginManage:310 - Check plugin filemanager
2024-04-24 21:55:46,997 [INFO] PluginManage:359 - Loaded plugin filemanager (category:base,tabindex:10)
2024-04-24 21:55:46,997 [INFO] PluginManage:310 - Check plugin ipmanager
2024-04-24 21:55:47,005 [INFO] PluginManage:359 - Loaded plugin ipmanager (category:base,tabindex:5)
2024-04-24 21:55:47,005 [INFO] PluginManage:310 - Check plugin lpbam
2024-04-24 21:55:47,020 [INFO] PluginManage:359 - Loaded plugin lpbam (category:base,tabindex:0)
2024-04-24 21:55:47,020 [INFO] PluginManage:310 - Check plugin memorymap
2024-04-24 21:55:47,039 [INFO] PluginManage:359 - Loaded plugin memorymap (category:base,tabindex:4)
2024-04-24 21:55:47,039 [INFO] PluginManage:310 - Check plugin pinoutandconfiguration
2024-04-24 21:55:47,050 [INFO] PluginManage:359 - Loaded plugin pinoutandconfiguration (category:base,tabindex:1)
2024-04-24 21:55:47,050 [INFO] PluginManage:310 - Check plugin pinoutconfig
2024-04-24 21:55:47,148 [WARN] SupportedApi:132 - Cannot load RTOS API schema: s4s-elt-must-match.1: The content of 'definitions' must match (annotation?, (simpleType | complexType)?, (unique | key | keyref)*)). A problem was found starting at: attribute.
2024-04-24 21:55:47,292 [INFO] PluginManage:359 - Loaded plugin pinoutconfig (category:base,tabindex:0)
2024-04-24 21:55:47,292 [INFO] PluginManage:310 - Check plugin power
2024-04-24 21:55:47,301 [INFO] PluginManage:359 - Loaded plugin power (category:power,tabindex:4)
2024-04-24 21:55:47,301 [INFO] PluginManage:310 - Check plugin projectmanager
2024-04-24 21:55:47,315 [INFO] PluginManage:359 - Loaded plugin projectmanager (category:projectmanager,tabindex:3)
2024-04-24 21:55:47,316 [INFO] PluginManage:310 - Check plugin thirdparty
2024-04-24 21:55:47,430 [WARN] IntegrityCheckThread:84 - waiting for thirdparty lock release [integrity check]
2024-04-24 21:55:47,430 [INFO] PluginManage:359 - Loaded plugin thirdparty (category:base,tabindex:-1)
2024-04-24 21:55:47,431 [INFO] IntegrityCheckThread:86 - entering critical section [integrity check]
2024-04-24 21:55:47,431 [INFO] PluginManage:310 - Check plugin tools
2024-04-24 21:55:47,431 [INFO] ThirdPartyUpdaterWithRetryManager:70 - Updater plugin not ready yet. [1/15]
2024-04-24 21:55:47,434 [INFO] PluginManage:359 - Loaded plugin tools (category:base,tabindex:7)
2024-04-24 21:55:47,434 [INFO] PluginManage:310 - Check plugin tutovideos
2024-04-24 21:55:47,632 [INFO] PluginManage:359 - Loaded plugin tutovideos (category:base,tabindex:-1)
2024-04-24 21:55:47,632 [INFO] PluginManage:310 - Check plugin updater
2024-04-24 21:55:47,643 [INFO] PluginManage:359 - Loaded plugin updater (category:base,tabindex:12)
2024-04-24 21:55:47,643 [INFO] PluginManage:310 - Check plugin userauth
2024-04-24 21:55:47,649 [INFO] UserAuth:114 - Init User Auth plugin
2024-04-24 21:55:47,649 [INFO] PluginManage:359 - Loaded plugin userauth (category:base,tabindex:14)
2024-04-24 21:55:47,650 [INFO] PluginManage:283 - PluginManage : Loaded plugins [17]
2024-04-24 21:55:47,837 [INFO] PinOutPanel:1561 - setPackage(No Configuration,No Configuration)
2024-04-24 21:55:47,905 [INFO] CADModel:165 - CPN selected for project level
2024-04-24 21:55:47,905 [INFO] CADModel:114 - Register for checkConnection events
2024-04-24 21:55:47,916 [INFO] IPUIPlugin:80 - create IPUIPlugin
2024-04-24 21:55:47,916 [INFO] PluginManager:220 - loadIPPluginJar : add fatfs
2024-04-24 21:55:47,918 [INFO] IPUIPlugin:80 - create IPUIPlugin
2024-04-24 21:55:47,918 [INFO] PluginManager:220 - loadIPPluginJar : add quadspi
2024-04-24 21:55:47,919 [INFO] IPUIPlugin:80 - create IPUIPlugin
2024-04-24 21:55:47,920 [INFO] PluginManager:220 - loadIPPluginJar : add ltdc
2024-04-24 21:55:47,921 [INFO] IPUIPlugin:80 - create IPUIPlugin
2024-04-24 21:55:47,921 [INFO] PluginManager:220 - loadIPPluginJar : add tsc
2024-04-24 21:55:47,931 [INFO] IPUIPlugin:80 - create IPUIPlugin
2024-04-24 21:55:47,931 [INFO] PluginManager:220 - loadIPPluginJar : add stm32_wpan
2024-04-24 21:55:47,938 [INFO] IPUIPlugin:80 - create IPUIPlugin
2024-04-24 21:55:47,938 [INFO] PluginManager:220 - loadIPPluginJar : add adc
2024-04-24 21:55:47,943 [INFO] IPUIPlugin:80 - create IPUIPlugin
2024-04-24 21:55:47,943 [INFO] PluginManager:220 - loadIPPluginJar : add nvic
2024-04-24 21:55:47,946 [INFO] IPUIPlugin:80 - create IPUIPlugin
2024-04-24 21:55:47,946 [INFO] PluginManager:220 - loadIPPluginJar : add dma3
2024-04-24 21:55:47,951 [INFO] IPUIPlugin:80 - create IPUIPlugin
2024-04-24 21:55:47,951 [INFO] PluginManager:220 - loadIPPluginJar : add fmc
2024-04-24 21:55:47,953 [INFO] IPUIPlugin:80 - create IPUIPlugin
2024-04-24 21:55:47,954 [INFO] PluginManager:220 - loadIPPluginJar : add dfsdm
2024-04-24 21:55:47,957 [INFO] IPUIPlugin:80 - create IPUIPlugin
2024-04-24 21:55:47,957 [INFO] PluginManager:220 - loadIPPluginJar : add openamp
2024-04-24 21:55:47,960 [INFO] IPUIPlugin:80 - create IPUIPlugin
2024-04-24 21:55:47,960 [INFO] PluginManager:220 - loadIPPluginJar : add pdm2pcm
2024-04-24 21:55:47,963 [INFO] IPUIPlugin:80 - create IPUIPlugin
2024-04-24 21:55:47,964 [INFO] PluginManager:220 - loadIPPluginJar : add opamp
2024-04-24 21:55:47,966 [INFO] IPUIPlugin:80 - create IPUIPlugin
2024-04-24 21:55:47,966 [INFO] PluginManager:220 - loadIPPluginJar : add spi
2024-04-24 21:55:47,969 [INFO] IPUIPlugin:80 - create IPUIPlugin
2024-04-24 21:55:47,969 [INFO] PluginManager:220 - loadIPPluginJar : add usbx
2024-04-24 21:55:47,973 [INFO] IPUIPlugin:80 - create IPUIPlugin
2024-04-24 21:55:47,973 [INFO] PluginManager:220 - loadIPPluginJar : add resmgrutility
2024-04-24 21:55:47,979 [INFO] IPUIPlugin:80 - create IPUIPlugin
2024-04-24 21:55:47,979 [INFO] PluginManager:220 - loadIPPluginJar : add gpio
2024-04-24 21:55:47,982 [INFO] IPUIPlugin:80 - create IPUIPlugin
2024-04-24 21:55:47,982 [INFO] PluginManager:220 - loadIPPluginJar : add extmemmanager
2024-04-24 21:55:47,986 [INFO] IPUIPlugin:80 - create IPUIPlugin
2024-04-24 21:55:47,986 [INFO] PluginManager:220 - loadIPPluginJar : add touchsensing
2024-04-24 21:55:47,992 [INFO] IPUIPlugin:80 - create IPUIPlugin
2024-04-24 21:55:47,993 [INFO] PluginManager:220 - loadIPPluginJar : add gic
2024-04-24 21:55:47,995 [INFO] IPUIPlugin:80 - create IPUIPlugin
2024-04-24 21:55:47,995 [INFO] PluginManager:220 - loadIPPluginJar : add ucpd
2024-04-24 21:55:48,003 [INFO] IPUIPlugin:80 - create IPUIPlugin
2024-04-24 21:55:48,003 [INFO] PluginManager:220 - loadIPPluginJar : add mdma
2024-04-24 21:55:48,005 [INFO] IPUIPlugin:80 - create IPUIPlugin
2024-04-24 21:55:48,006 [INFO] PluginManager:220 - loadIPPluginJar : add i2c
2024-04-24 21:55:48,009 [INFO] IPUIPlugin:80 - create IPUIPlugin
2024-04-24 21:55:48,010 [INFO] PluginManager:220 - loadIPPluginJar : add sai
2024-04-24 21:55:48,013 [INFO] IPUIPlugin:80 - create IPUIPlugin
2024-04-24 21:55:48,013 [INFO] PluginManager:220 - loadIPPluginJar : add can
2024-04-24 21:55:48,020 [INFO] IPUIPlugin:80 - create IPUIPlugin
2024-04-24 21:55:48,020 [INFO] PluginManager:220 - loadIPPluginJar : add linkedlist
2024-04-24 21:55:48,022 [INFO] IPUIPlugin:80 - create IPUIPlugin
2024-04-24 21:55:48,022 [INFO] PluginManager:220 - loadIPPluginJar : add comp
2024-04-24 21:55:48,028 [INFO] IPUIPlugin:80 - create IPUIPlugin
2024-04-24 21:55:48,028 [INFO] PluginManager:220 - loadIPPluginJar : add freertos
2024-04-24 21:55:48,031 [INFO] IPUIPlugin:80 - create IPUIPlugin
2024-04-24 21:55:48,031 [INFO] PluginManager:220 - loadIPPluginJar : add gtzc
2024-04-24 21:55:48,034 [INFO] IPUIPlugin:80 - create IPUIPlugin
2024-04-24 21:55:48,034 [INFO] PluginManager:220 - loadIPPluginJar : add aes
2024-04-24 21:55:48,036 [INFO] IPUIPlugin:80 - create IPUIPlugin
2024-04-24 21:55:48,036 [INFO] PluginManager:220 - loadIPPluginJar : add tim
2024-04-24 21:55:48,038 [INFO] IPUIPlugin:80 - create IPUIPlugin
2024-04-24 21:55:48,038 [INFO] PluginManager:220 - loadIPPluginJar : add cryp
2024-04-24 21:55:48,040 [INFO] IPUIPlugin:80 - create IPUIPlugin
2024-04-24 21:55:48,040 [INFO] PluginManager:220 - loadIPPluginJar : add ts
2024-04-24 21:55:48,042 [INFO] IPUIPlugin:80 - create IPUIPlugin
2024-04-24 21:55:48,043 [INFO] PluginManager:220 - loadIPPluginJar : add lorawan
2024-04-24 21:55:48,045 [INFO] IPUIPlugin:80 - create IPUIPlugin
2024-04-24 21:55:48,045 [INFO] PluginManager:220 - loadIPPluginJar : add ipddr
2024-04-24 21:55:48,047 [INFO] IPUIPlugin:80 - create IPUIPlugin
2024-04-24 21:55:48,047 [INFO] PluginManager:220 - loadIPPluginJar : add tracer_emb
2024-04-24 21:55:48,053 [INFO] IPUIPlugin:80 - create IPUIPlugin
2024-04-24 21:55:48,053 [INFO] PluginManager:220 - loadIPPluginJar : add dma
2024-04-24 21:55:48,056 [INFO] IPUIPlugin:80 - create IPUIPlugin
2024-04-24 21:55:48,056 [INFO] PluginManager:220 - loadIPPluginJar : add usart
2024-04-24 21:55:48,062 [INFO] IPUIPlugin:80 - create IPUIPlugin
2024-04-24 21:55:48,064 [INFO] PluginManager:220 - loadIPPluginJar : add plateformsettings
2024-04-24 21:55:48,066 [INFO] IPUIPlugin:80 - create IPUIPlugin
2024-04-24 21:55:48,066 [INFO] PluginManager:220 - loadIPPluginJar : add genericplugin
2024-04-24 21:55:48,068 [INFO] IPUIPlugin:80 - create IPUIPlugin
2024-04-24 21:55:48,068 [INFO] PluginManager:220 - loadIPPluginJar : add gfxmmu
2024-04-24 21:55:48,071 [INFO] IPUIPlugin:80 - create IPUIPlugin
2024-04-24 21:55:48,071 [INFO] PluginManager:220 - loadIPPluginJar : add hash
2024-04-24 21:55:48,073 [INFO] IPUIPlugin:80 - create IPUIPlugin
2024-04-24 21:55:48,073 [INFO] PluginManager:220 - loadIPPluginJar : add i3c
2024-04-24 21:55:48,075 [INFO] IPUIPlugin:80 - create IPUIPlugin
2024-04-24 21:55:48,075 [INFO] PluginManager:220 - loadIPPluginJar : add i2s
2024-04-24 21:55:48,176 [INFO] CADModel:165 - CPN selected for project level
2024-04-24 21:55:48,176 [INFO] CADModel:114 - Register for checkConnection events
2024-04-24 21:55:48,176 [FATAL] Updater:308 - Updater called before beeing initialized
2024-04-24 21:55:48,177 [ERROR] CADModel:125 - Updater not yet initialized, retry later 
2024-04-24 21:55:48,282 [INFO] CADModel:165 - CPN selected for project level
2024-04-24 21:55:48,283 [INFO] CADModel:114 - Register for checkConnection events
2024-04-24 21:55:48,283 [FATAL] Updater:308 - Updater called before beeing initialized
2024-04-24 21:55:48,283 [ERROR] CADModel:125 - Updater not yet initialized, retry later 
2024-04-24 21:55:48,285 [FATAL] Updater:308 - Updater called before beeing initialized
2024-04-24 21:55:48,355 [FATAL] Updater:308 - Updater called before beeing initialized
2024-04-24 21:55:48,359 [INFO] DbMcusAds:53 - JSON generation date=Wed Nov 29 16:22:27 IST 2023 (1701255147349)
2024-04-24 21:55:48,359 [FATAL] Updater:308 - Updater called before beeing initialized
2024-04-24 21:55:48,389 [WARN] DetailPanel:346 - Failed to get advertising image, set to default
2024-04-24 21:55:48,487 [FATAL] Updater:308 - Updater called before beeing initialized
2024-04-24 21:55:48,489 [FATAL] Updater:308 - Updater called before beeing initialized
2024-04-24 21:55:48,489 [FATAL] Updater:308 - Updater called before beeing initialized
2024-04-24 21:55:48,489 [WARN] DetailPanel:346 - Failed to get advertising image, set to default
2024-04-24 21:55:48,490 [FATAL] Updater:308 - Updater called before beeing initialized
2024-04-24 21:55:48,525 [ERROR] Updater:1120 - MainUpdater not yet initialized. External WinMGr cannot be set.
2024-04-24 21:55:48,527 [INFO] Updater:1056 - Updater Version found : 6.11.0
2024-04-24 21:55:48,550 [INFO] ApplicationProperties:184 - Using Application install path: /opt/st/stm32cubeide_1.15.0_2/plugins/com.st.stm32cube.common.mx_6.11.0.202403141607
2024-04-24 21:55:49,953 [INFO] MainUpdater:2873 - connection check result : 10
2024-04-24 21:55:49,954 [INFO] MainUpdater:290 - Updater Check For Update Now.
2024-04-24 21:55:49,955 [INFO] MicroXplorer:498 - Change Database Version : DB.6.0.110
2024-04-24 21:55:49,961 [INFO] McuFinderGlobals:63 - Set McuFinder mode to 2 (CubeIDE integrated)
2024-04-24 21:55:49,961 [INFO] UserAuth:179 - activating auth plugin
2024-04-24 21:55:49,967 [INFO] UserAuth:415 - Internet connection configuration mode: 1
2024-04-24 21:55:49,991 [INFO] JxBrowserEngine:152 - Initiate JxBrowser Engine with user profile folder
2024-04-24 21:55:50,120 [INFO] CheckServerUpdateThread:120 - End of CheckServer Thread
2024-04-24 21:55:50,552 [WARN] PackLoader:240 - Cannot read IP mode file for STMicroelectronics.FP-SNS-MOTENVWB1.1.4.0
2024-04-24 21:55:50,569 [WARN] PackLoader:240 - Cannot read IP mode file for STMicroelectronics.X-CUBE-SMBUS.2.1.0
2024-04-24 21:55:50,575 [WARN] PackLoader:240 - Cannot read IP mode file for STMicroelectronics.X-CUBE-TOUCHGFX.4.23.2
2024-04-24 21:55:50,608 [WARN] PackLoader:240 - Cannot read IP mode file for STMicroelectronics.X-CUBE-AZRTOS-F7.1.1.0
2024-04-24 21:55:50,621 [WARN] PackLoader:240 - Cannot read IP mode file for STMicroelectronics.FP-SNS-FLIGHT1.5.0.2
2024-04-24 21:55:50,632 [WARN] PackLoader:240 - Cannot read IP mode file for STMicroelectronics.X-CUBE-DISPLAY.3.0.0
2024-04-24 21:55:50,651 [WARN] PackLoader:240 - Cannot read IP mode file for STMicroelectronics.X-CUBE-BLE1.7.0.0
2024-04-24 21:55:50,665 [WARN] PackLoader:240 - Cannot read IP mode file for STMicroelectronics.X-CUBE-BLEMGR.3.1.0
2024-04-24 21:55:50,674 [WARN] PackLoader:240 - Cannot read IP mode file for STMicroelectronics.FP-SNS-SMARTAG2.1.2.0
2024-04-24 21:55:50,691 [INFO] LogOutputStream:77 - [STDOUT_REDIRECT] 1 : Invalid condition id : UX_CORESTACK_Condition cause : null
2024-04-24 21:55:50,693 [INFO] LogOutputStream:77 - [STDOUT_REDIRECT] 1 : Invalid condition id : UX_CORESTACK_Condition cause : null
2024-04-24 21:55:50,693 [INFO] LogOutputStream:77 - [STDOUT_REDIRECT] 1 : Invalid condition id : UX_CORESTACK_Condition cause : null
2024-04-24 21:55:50,697 [INFO] LogOutputStream:77 - [STDOUT_REDIRECT] 1 : Invalid condition id : UX_CORESTACK_Condition cause : null
2024-04-24 21:55:50,699 [INFO] LogOutputStream:77 - [STDOUT_REDIRECT] 1 : Invalid condition id : UX_CORESTACK_Condition cause : null
2024-04-24 21:55:50,703 [WARN] PackLoader:240 - Cannot read IP mode file for STMicroelectronics.X-CUBE-AZRTOS-WL.2.0.0
2024-04-24 21:55:50,713 [WARN] PackLoader:240 - Cannot read IP mode file for STMicroelectronics.X-CUBE-BLE2.3.3.0
2024-04-24 21:55:50,725 [WARN] PackLoader:240 - Cannot read IP mode file for STMicroelectronics.X-CUBE-TCPP.4.1.0
2024-04-24 21:55:50,740 [WARN] PackLoader:240 - Cannot read IP mode file for STMicroelectronics.X-CUBE-ALGOBUILD.1.3.0
2024-04-24 21:55:50,759 [WARN] PackLoader:240 - Cannot read IP mode file for STMicroelectronics.X-CUBE-AZRTOS-G0.1.1.0
2024-04-24 21:55:50,772 [WARN] PackLoader:240 - Cannot read IP mode file for STMicroelectronics.X-CUBE-SAFEA1.1.2.2
2024-04-24 21:55:50,797 [WARN] PackLoader:240 - Cannot read IP mode file for STMicroelectronics.X-CUBE-NFC4.3.0.0
2024-04-24 21:55:50,804 [WARN] PackLoader:240 - Cannot read IP mode file for wolfSSL.I-CUBE-wolfSSL.5.7.0
2024-04-24 21:55:50,809 [WARN] PackLoader:240 - Cannot read IP mode file for STMicroelectronics.FP-ATR-SIGFOX1.3.2.0
2024-04-24 21:55:50,817 [WARN] PackLoader:240 - Cannot read IP mode file for STMicroelectronics.X-CUBE-EEPRMA1.5.1.0
2024-04-24 21:55:50,870 [WARN] PackLoader:240 - Cannot read IP mode file for SEGGER.I-CUBE-embOS.1.3.1
2024-04-24 21:55:50,971 [WARN] PackLoader:240 - Cannot read IP mode file for STMicroelectronics.X-CUBE-GNSS1.6.0.0
2024-04-24 21:55:50,991 [WARN] PackLoader:240 - Cannot read IP mode file for STMicroelectronics.X-CUBE-AZRTOS-F4.1.1.0
2024-04-24 21:55:51,011 [WARN] PackLoader:240 - Cannot read IP mode file for STMicroelectronics.X-CUBE-AZRTOS-L5.2.0.0
2024-04-24 21:55:51,024 [WARN] PackLoader:240 - Cannot read IP mode file for STMicroelectronics.X-CUBE-NFC6.3.1.0
2024-04-24 21:55:51,035 [WARN] PackLoader:240 - Cannot read IP mode file for STMicroelectronics.X-CUBE-AI.9.0.0
2024-04-24 21:55:51,045 [WARN] PackLoader:240 - Cannot read IP mode file for STMicroelectronics.X-CUBE-NFC7.1.0.1
2024-04-24 21:55:51,053 [WARN] PackLoader:240 - Cannot read IP mode file for STMicroelectronics.X-CUBE-AI.8.1.0
2024-04-24 21:55:51,072 [WARN] ConditionMgr:438 - getConditionDescription Invalid condition id : LAN8742 Phy interface Condition cause : null
2024-04-24 21:55:51,073 [WARN] PackLoader:240 - Cannot read IP mode file for STMicroelectronics.X-CUBE-AZRTOS-L4.2.0.0
2024-04-24 21:55:51,076 [WARN] ConditionMgr:1039 - genDependencies : Invalid condition id : LAN8742 Phy interface Condition cause : null
2024-04-24 21:55:51,077 [WARN] ConditionMgr:1039 - genDependencies : Invalid condition id : LAN8742 Phy interface Condition cause : null
2024-04-24 21:55:51,078 [WARN] ConditionMgr:1039 - genDependencies : Invalid condition id : LAN8742 Phy interface Condition cause : null
2024-04-24 21:55:51,089 [WARN] PackLoader:240 - Cannot read IP mode file for STMicroelectronics.X-CUBE-SFXS2LP1.4.0.0
2024-04-24 21:55:51,104 [WARN] ConditionMgr:438 - getConditionDescription Invalid condition id : UX DEVICE CLASS RTOS Condition cause : null
2024-04-24 21:55:51,104 [WARN] ConditionMgr:438 - getConditionDescription Invalid condition id : UX DEVICE CLASS RTOS Condition cause : null
2024-04-24 21:55:51,107 [WARN] PackLoader:240 - Cannot read IP mode file for STMicroelectronics.X-CUBE-AZRTOS-WB.2.0.0
2024-04-24 21:55:51,108 [WARN] ConditionMgr:1039 - genDependencies : Invalid condition id : UX DEVICE CLASS RTOS Condition cause : null
2024-04-24 21:55:51,108 [WARN] ConditionMgr:1039 - genDependencies : Invalid condition id : UX DEVICE CLASS RTOS Condition cause : null
2024-04-24 21:55:51,109 [WARN] ConditionMgr:1039 - genDependencies : Invalid condition id : UX DEVICE CLASS RTOS Condition cause : null
2024-04-24 21:55:51,110 [WARN] ConditionMgr:1039 - genDependencies : Invalid condition id : UX DEVICE CLASS RTOS Condition cause : null
2024-04-24 21:55:51,110 [WARN] ConditionMgr:1039 - genDependencies : Invalid condition id : UX DEVICE CLASS RTOS Condition cause : null
2024-04-24 21:55:51,123 [WARN] PackLoader:240 - Cannot read IP mode file for STMicroelectronics.X-CUBE-SUBG2.5.0.0
2024-04-24 21:55:51,146 [WARN] PackLoader:240 - Cannot read IP mode file for STMicroelectronics.X-CUBE-AZRTOS-G4.2.0.0
2024-04-24 21:55:51,152 [WARN] PackLoader:240 - Cannot read IP mode file for STMicroelectronics.FP-SNS-MOTENVWB1.1.3.1
2024-04-24 21:55:51,165 [WARN] PackLoader:240 - Cannot read IP mode file for STMicroelectronics.X-CUBE-ISPU.2.0.0
2024-04-24 21:55:51,167 [INFO] WebApp:161 - Instantiating new browser for Auth
2024-04-24 21:55:51,208 [WARN] PackLoader:240 - Cannot read IP mode file for STMicroelectronics.X-CUBE-MEMS1.10.0.0
2024-04-24 21:55:51,343 [WARN] PackLoader:240 - Cannot read IP mode file for STMicroelectronics.X-CUBE-FREERTOS.1.1.0
2024-04-24 21:55:51,347 [WARN] PackLoader:240 - Cannot read IP mode file for STMicroelectronics.X-CUBE-ALS.1.0.1
2024-04-24 21:55:51,359 [WARN] PackLoader:240 - Cannot read IP mode file for STMicroelectronics.X-CUBE-AZRTOS-H7RS.1.0.0
2024-04-24 21:55:51,365 [WARN] PackLoader:240 - Cannot read IP mode file for STMicroelectronics.FP-ATR-ASTRA1.2.0.0
2024-04-24 21:55:51,375 [WARN] PackLoader:240 - Cannot read IP mode file for STMicroelectronics.X-CUBE-TOF1.3.4.1
2024-04-24 21:55:51,402 [WARN] PackLoader:240 - Cannot read IP mode file for STMicroelectronics.X-CUBE-AZRTOS-H7.3.2.0
2024-04-24 21:55:51,418 [WARN] PackLoader:240 - Cannot read IP mode file for Infineon.AIROC-Wi-Fi-Bluetooth-STM32.1.6.0
2024-04-24 21:55:51,423 [INFO] ThirdParty:978 - Integrity check success = true
2024-04-24 21:55:51,424 [INFO] IntegrityCheckThread:100 - exiting critical section [integrity check]
2024-04-24 21:55:51,424 [INFO] IntegrityCheckThread:103 - End integrity checks thread
2024-04-24 21:55:52,311 [INFO] WebApp:779 - Register for checkConnection events
2024-04-24 21:55:52,311 [INFO] WebApp:414 - Apply proxy settings
2024-04-24 21:55:52,312 [INFO] WebApp:499 - Chromium requires no authentication
2024-04-24 21:55:52,319 [INFO] WebApp:442 - Direct internet connection detected
2024-04-24 21:55:52,460 [INFO] WebApp:192 - Starting web application
2024-04-24 21:55:52,460 [INFO] WebApp:544 - Web application path used /opt/st/stm32cubeide_1.15.0_2/plugins/com.st.stm32cube.common.mx_6.11.0.202403141607/db/plugins/mcufinder/reactClient1/index.html
2024-04-24 22:06:33,125 [ERROR] LogOutputStream:75 - [STDERR_REDIRECT] 
