2024-04-25 17:32:16,293 [INFO] Activator:176 - 


2024-04-25 17:32:16,298 [INFO] Activator:177 - !SESSION log4j initialized
2024-04-25 17:32:19,932 [INFO] LogOutputStream:77 - [STDOUT_REDIRECT] 
2024-04-25 17:32:20,459 [INFO] ApplicationProperties:184 - Using Application install path: /opt/st/stm32cubeide_1.15.0_2/plugins/com.st.stm32cube.common.mx_6.11.0.202403141607
2024-04-25 17:32:20,475 [INFO] DbMcusXml:78 - Set database path to: /opt/st/stm32cubeide_1.15.0_2/plugins/com.st.stm32cube.common.mx_6.11.0.202403141607//db//mcu/
2024-04-25 17:32:20,476 [INFO] ApiDb:274 - Set plugin database path to: /opt/st/stm32cubeide_1.15.0_2/plugins/com.st.stm32cube.common.mx_6.11.0.202403141607//db//plugins/boardmanager/
2024-04-25 17:32:20,476 [WARN] ApiDb:259 - Overriding images path with different value:  => /opt/st/stm32cubeide_1.15.0_2/plugins/com.st.stm32cube.common.mx_6.11.0.202403141607//db//plugins/mcufinder/images/
2024-04-25 17:32:20,481 [INFO] ApiDb:250 - Set database path to: /home/om/.stmcufinder/plugins/mcufinder//mcu/
2024-04-25 17:32:20,483 [INFO] DbMcusAds:125 - Set database path to: /home/om/.stmcufinder/plugins/mcufinder//mcu/
2024-04-25 17:32:20,485 [INFO] CrossReferenceDbSqlite:203 - Set database path to: /home/om/.stmcufinder/plugins/mcufinder//mcu/cs/
2024-04-25 17:32:20,570 [INFO] RulesReader:64 - Compatibility file has been processed (297 Rules)
2024-04-25 17:32:20,625 [INFO] DbMcusXml:78 - Set database path to: /opt/st/stm32cubeide_1.15.0_2/plugins/com.st.stm32cube.common.mx_6.11.0.202403141607//db//mcu/
2024-04-25 17:32:20,625 [INFO] ApiDb:274 - Set plugin database path to: /opt/st/stm32cubeide_1.15.0_2/plugins/com.st.stm32cube.common.mx_6.11.0.202403141607//db//plugins/boardmanager/
2024-04-25 17:32:20,626 [INFO] ApiDb:261 - Set plugin images path to: /opt/st/stm32cubeide_1.15.0_2/plugins/com.st.stm32cube.common.mx_6.11.0.202403141607//db//plugins/mcufinder/images/
2024-04-25 17:32:20,626 [WARN] DbFile:41 - Overriding database path with different value: /home/om/.stmcufinder/plugins/mcufinder/ => /home/om/.stmcufinder/plugins/mcufinder
2024-04-25 17:32:20,626 [INFO] ApiDb:250 - Set database path to: /home/om/.stmcufinder/plugins/mcufinder//mcu/
2024-04-25 17:32:20,626 [WARN] DbFile:41 - Overriding database path with different value: /home/om/.stmcufinder/plugins/mcufinder/ => /home/om/.stmcufinder/plugins/mcufinder
2024-04-25 17:32:20,626 [INFO] DbMcusAds:125 - Set database path to: /home/om/.stmcufinder/plugins/mcufinder//mcu/
2024-04-25 17:32:20,626 [WARN] DbFile:41 - Overriding database path with different value: /home/om/.stmcufinder/plugins/mcufinder/ => /home/om/.stmcufinder/plugins/mcufinder
2024-04-25 17:32:20,626 [WARN] DbFile:41 - Overriding database path with different value: /home/om/.stmcufinder/plugins/mcufinder/ => /home/om/.stmcufinder/plugins/mcufinder
2024-04-25 17:32:20,626 [INFO] CrossReferenceDbSqlite:203 - Set database path to: /home/om/.stmcufinder/plugins/mcufinder//mcu/cs/
2024-04-25 17:32:20,686 [INFO] MainPanel:264 - HeapMemory: 268435456
2024-04-25 17:32:20,767 [INFO] DbMcusXml:78 - Set database path to: /opt/st/stm32cubeide_1.15.0_2/plugins/com.st.stm32cube.common.mx_6.11.0.202403141607//db//mcu/
2024-04-25 17:32:20,767 [INFO] ApiDb:274 - Set plugin database path to: /opt/st/stm32cubeide_1.15.0_2/plugins/com.st.stm32cube.common.mx_6.11.0.202403141607//db//plugins/boardmanager/
2024-04-25 17:32:20,767 [INFO] ApiDb:261 - Set plugin images path to: /opt/st/stm32cubeide_1.15.0_2/plugins/com.st.stm32cube.common.mx_6.11.0.202403141607//db//plugins/mcufinder/images/
2024-04-25 17:32:20,767 [WARN] DbFile:41 - Overriding database path with different value: /home/om/.stmcufinder/plugins/mcufinder/ => /home/om/.stmcufinder/plugins/mcufinder
2024-04-25 17:32:20,767 [INFO] ApiDb:250 - Set database path to: /home/om/.stmcufinder/plugins/mcufinder//mcu/
2024-04-25 17:32:20,768 [WARN] DbFile:41 - Overriding database path with different value: /home/om/.stmcufinder/plugins/mcufinder/ => /home/om/.stmcufinder/plugins/mcufinder
2024-04-25 17:32:20,768 [INFO] DbMcusAds:125 - Set database path to: /home/om/.stmcufinder/plugins/mcufinder//mcu/
2024-04-25 17:32:20,768 [WARN] DbFile:41 - Overriding database path with different value: /home/om/.stmcufinder/plugins/mcufinder/ => /home/om/.stmcufinder/plugins/mcufinder
2024-04-25 17:32:20,768 [WARN] DbFile:41 - Overriding database path with different value: /home/om/.stmcufinder/plugins/mcufinder/ => /home/om/.stmcufinder/plugins/mcufinder
2024-04-25 17:32:20,768 [INFO] CrossReferenceDbSqlite:203 - Set database path to: /home/om/.stmcufinder/plugins/mcufinder//mcu/cs/
2024-04-25 17:32:20,782 [INFO] ApplicationProperties:184 - Using Application install path: /opt/st/stm32cubeide_1.15.0_2/plugins/com.st.stm32cube.common.mx_6.11.0.202403141607
2024-04-25 17:32:20,783 [INFO] PluginManage:196 - Search for loadable plugins [exclusion list=, ]
2024-04-25 17:32:20,784 [INFO] PluginManage:310 - Check plugin analytics
2024-04-25 17:32:20,913 [INFO] AnalyticsPlugin:253 - Accepted Software Licenses: 
2024-04-25 17:32:20,913 [INFO] AnalyticsPlugin:255 - Accepted CMSIS Pack Licenses: 
2024-04-25 17:32:20,913 [INFO] AnalyticsPlugin:257 - Accepted Firmware Licenses: 
2024-04-25 17:32:20,915 [INFO] PluginManage:359 - Loaded plugin analytics (category:tool,tabindex:-1)
2024-04-25 17:32:20,915 [INFO] PluginManage:310 - Check plugin cadmodel
2024-04-25 17:32:20,936 [INFO] CADModel:105 - Init CAD model plugin
2024-04-25 17:32:20,937 [INFO] PluginManage:359 - Loaded plugin cadmodel (category:power,tabindex:5)
2024-04-25 17:32:20,937 [INFO] PluginManage:310 - Check plugin clock
2024-04-25 17:32:20,945 [INFO] PluginManage:359 - Loaded plugin clock (category:base,tabindex:2)
2024-04-25 17:32:20,945 [INFO] PluginManage:310 - Check plugin ddr
2024-04-25 17:32:20,947 [INFO] PluginManage:359 - Loaded plugin ddr (category:tool,tabindex:6)
2024-04-25 17:32:20,947 [INFO] PluginManage:310 - Check plugin filemanager
2024-04-25 17:32:21,058 [INFO] PluginManage:359 - Loaded plugin filemanager (category:base,tabindex:10)
2024-04-25 17:32:21,058 [INFO] PluginManage:310 - Check plugin ipmanager
2024-04-25 17:32:21,063 [INFO] PluginManage:359 - Loaded plugin ipmanager (category:base,tabindex:5)
2024-04-25 17:32:21,063 [INFO] PluginManage:310 - Check plugin lpbam
2024-04-25 17:32:21,073 [INFO] PluginManage:359 - Loaded plugin lpbam (category:base,tabindex:0)
2024-04-25 17:32:21,073 [INFO] PluginManage:310 - Check plugin memorymap
2024-04-25 17:32:21,083 [INFO] PluginManage:359 - Loaded plugin memorymap (category:base,tabindex:4)
2024-04-25 17:32:21,083 [INFO] PluginManage:310 - Check plugin pinoutandconfiguration
2024-04-25 17:32:21,090 [INFO] PluginManage:359 - Loaded plugin pinoutandconfiguration (category:base,tabindex:1)
2024-04-25 17:32:21,090 [INFO] PluginManage:310 - Check plugin pinoutconfig
2024-04-25 17:32:21,162 [WARN] SupportedApi:132 - Cannot load RTOS API schema: s4s-elt-must-match.1: The content of 'definitions' must match (annotation?, (simpleType | complexType)?, (unique | key | keyref)*)). A problem was found starting at: attribute.
2024-04-25 17:32:21,279 [INFO] PluginManage:359 - Loaded plugin pinoutconfig (category:base,tabindex:0)
2024-04-25 17:32:21,279 [INFO] PluginManage:310 - Check plugin power
2024-04-25 17:32:21,287 [INFO] PluginManage:359 - Loaded plugin power (category:power,tabindex:4)
2024-04-25 17:32:21,288 [INFO] PluginManage:310 - Check plugin projectmanager
2024-04-25 17:32:21,299 [INFO] PluginManage:359 - Loaded plugin projectmanager (category:projectmanager,tabindex:3)
2024-04-25 17:32:21,299 [INFO] PluginManage:310 - Check plugin thirdparty
2024-04-25 17:32:21,391 [INFO] PluginManage:359 - Loaded plugin thirdparty (category:base,tabindex:-1)
2024-04-25 17:32:21,391 [INFO] PluginManage:310 - Check plugin tools
2024-04-25 17:32:21,391 [WARN] IntegrityCheckThread:84 - waiting for thirdparty lock release [integrity check]
2024-04-25 17:32:21,391 [INFO] IntegrityCheckThread:86 - entering critical section [integrity check]
2024-04-25 17:32:21,392 [INFO] ThirdPartyUpdaterWithRetryManager:70 - Updater plugin not ready yet. [1/15]
2024-04-25 17:32:21,393 [INFO] PluginManage:359 - Loaded plugin tools (category:base,tabindex:7)
2024-04-25 17:32:21,394 [INFO] PluginManage:310 - Check plugin tutovideos
2024-04-25 17:32:21,538 [INFO] PluginManage:359 - Loaded plugin tutovideos (category:base,tabindex:-1)
2024-04-25 17:32:21,538 [INFO] PluginManage:310 - Check plugin updater
2024-04-25 17:32:21,547 [INFO] PluginManage:359 - Loaded plugin updater (category:base,tabindex:12)
2024-04-25 17:32:21,547 [INFO] PluginManage:310 - Check plugin userauth
2024-04-25 17:32:21,552 [INFO] UserAuth:114 - Init User Auth plugin
2024-04-25 17:32:21,552 [INFO] PluginManage:359 - Loaded plugin userauth (category:base,tabindex:14)
2024-04-25 17:32:21,553 [INFO] PluginManage:283 - PluginManage : Loaded plugins [17]
2024-04-25 17:32:21,710 [INFO] PinOutPanel:1561 - setPackage(No Configuration,No Configuration)
2024-04-25 17:32:21,762 [INFO] CADModel:165 - CPN selected for project level
2024-04-25 17:32:21,762 [INFO] CADModel:114 - Register for checkConnection events
2024-04-25 17:32:21,770 [INFO] IPUIPlugin:80 - create IPUIPlugin
2024-04-25 17:32:21,770 [INFO] PluginManager:220 - loadIPPluginJar : add fatfs
2024-04-25 17:32:21,772 [INFO] IPUIPlugin:80 - create IPUIPlugin
2024-04-25 17:32:21,772 [INFO] PluginManager:220 - loadIPPluginJar : add quadspi
2024-04-25 17:32:21,773 [INFO] IPUIPlugin:80 - create IPUIPlugin
2024-04-25 17:32:21,773 [INFO] PluginManager:220 - loadIPPluginJar : add ltdc
2024-04-25 17:32:21,775 [INFO] IPUIPlugin:80 - create IPUIPlugin
2024-04-25 17:32:21,775 [INFO] PluginManager:220 - loadIPPluginJar : add tsc
2024-04-25 17:32:21,782 [INFO] IPUIPlugin:80 - create IPUIPlugin
2024-04-25 17:32:21,782 [INFO] PluginManager:220 - loadIPPluginJar : add stm32_wpan
2024-04-25 17:32:21,787 [INFO] IPUIPlugin:80 - create IPUIPlugin
2024-04-25 17:32:21,787 [INFO] PluginManager:220 - loadIPPluginJar : add adc
2024-04-25 17:32:21,791 [INFO] IPUIPlugin:80 - create IPUIPlugin
2024-04-25 17:32:21,791 [INFO] PluginManager:220 - loadIPPluginJar : add nvic
2024-04-25 17:32:21,793 [INFO] IPUIPlugin:80 - create IPUIPlugin
2024-04-25 17:32:21,793 [INFO] PluginManager:220 - loadIPPluginJar : add dma3
2024-04-25 17:32:21,797 [INFO] IPUIPlugin:80 - create IPUIPlugin
2024-04-25 17:32:21,797 [INFO] PluginManager:220 - loadIPPluginJar : add fmc
2024-04-25 17:32:21,799 [INFO] IPUIPlugin:80 - create IPUIPlugin
2024-04-25 17:32:21,799 [INFO] PluginManager:220 - loadIPPluginJar : add dfsdm
2024-04-25 17:32:21,801 [INFO] IPUIPlugin:80 - create IPUIPlugin
2024-04-25 17:32:21,801 [INFO] PluginManager:220 - loadIPPluginJar : add openamp
2024-04-25 17:32:21,803 [INFO] IPUIPlugin:80 - create IPUIPlugin
2024-04-25 17:32:21,803 [INFO] PluginManager:220 - loadIPPluginJar : add pdm2pcm
2024-04-25 17:32:21,806 [INFO] IPUIPlugin:80 - create IPUIPlugin
2024-04-25 17:32:21,806 [INFO] PluginManager:220 - loadIPPluginJar : add opamp
2024-04-25 17:32:21,808 [INFO] IPUIPlugin:80 - create IPUIPlugin
2024-04-25 17:32:21,808 [INFO] PluginManager:220 - loadIPPluginJar : add spi
2024-04-25 17:32:21,810 [INFO] IPUIPlugin:80 - create IPUIPlugin
2024-04-25 17:32:21,810 [INFO] PluginManager:220 - loadIPPluginJar : add usbx
2024-04-25 17:32:21,813 [INFO] IPUIPlugin:80 - create IPUIPlugin
2024-04-25 17:32:21,813 [INFO] PluginManager:220 - loadIPPluginJar : add resmgrutility
2024-04-25 17:32:21,817 [INFO] IPUIPlugin:80 - create IPUIPlugin
2024-04-25 17:32:21,818 [INFO] PluginManager:220 - loadIPPluginJar : add gpio
2024-04-25 17:32:21,820 [INFO] IPUIPlugin:80 - create IPUIPlugin
2024-04-25 17:32:21,820 [INFO] PluginManager:220 - loadIPPluginJar : add extmemmanager
2024-04-25 17:32:21,822 [INFO] IPUIPlugin:80 - create IPUIPlugin
2024-04-25 17:32:21,823 [INFO] PluginManager:220 - loadIPPluginJar : add touchsensing
2024-04-25 17:32:21,827 [INFO] IPUIPlugin:80 - create IPUIPlugin
2024-04-25 17:32:21,828 [INFO] PluginManager:220 - loadIPPluginJar : add gic
2024-04-25 17:32:21,830 [INFO] IPUIPlugin:80 - create IPUIPlugin
2024-04-25 17:32:21,830 [INFO] PluginManager:220 - loadIPPluginJar : add ucpd
2024-04-25 17:32:21,836 [INFO] IPUIPlugin:80 - create IPUIPlugin
2024-04-25 17:32:21,836 [INFO] PluginManager:220 - loadIPPluginJar : add mdma
2024-04-25 17:32:21,838 [INFO] IPUIPlugin:80 - create IPUIPlugin
2024-04-25 17:32:21,838 [INFO] PluginManager:220 - loadIPPluginJar : add i2c
2024-04-25 17:32:21,840 [INFO] IPUIPlugin:80 - create IPUIPlugin
2024-04-25 17:32:21,841 [INFO] PluginManager:220 - loadIPPluginJar : add sai
2024-04-25 17:32:21,843 [INFO] IPUIPlugin:80 - create IPUIPlugin
2024-04-25 17:32:21,843 [INFO] PluginManager:220 - loadIPPluginJar : add can
2024-04-25 17:32:21,849 [INFO] IPUIPlugin:80 - create IPUIPlugin
2024-04-25 17:32:21,849 [INFO] PluginManager:220 - loadIPPluginJar : add linkedlist
2024-04-25 17:32:21,850 [INFO] IPUIPlugin:80 - create IPUIPlugin
2024-04-25 17:32:21,850 [INFO] PluginManager:220 - loadIPPluginJar : add comp
2024-04-25 17:32:21,855 [INFO] IPUIPlugin:80 - create IPUIPlugin
2024-04-25 17:32:21,855 [INFO] PluginManager:220 - loadIPPluginJar : add freertos
2024-04-25 17:32:21,858 [INFO] IPUIPlugin:80 - create IPUIPlugin
2024-04-25 17:32:21,858 [INFO] PluginManager:220 - loadIPPluginJar : add gtzc
2024-04-25 17:32:21,860 [INFO] IPUIPlugin:80 - create IPUIPlugin
2024-04-25 17:32:21,860 [INFO] PluginManager:220 - loadIPPluginJar : add aes
2024-04-25 17:32:21,861 [INFO] IPUIPlugin:80 - create IPUIPlugin
2024-04-25 17:32:21,861 [INFO] PluginManager:220 - loadIPPluginJar : add tim
2024-04-25 17:32:21,863 [INFO] IPUIPlugin:80 - create IPUIPlugin
2024-04-25 17:32:21,863 [INFO] PluginManager:220 - loadIPPluginJar : add cryp
2024-04-25 17:32:21,865 [INFO] IPUIPlugin:80 - create IPUIPlugin
2024-04-25 17:32:21,865 [INFO] PluginManager:220 - loadIPPluginJar : add ts
2024-04-25 17:32:21,867 [INFO] IPUIPlugin:80 - create IPUIPlugin
2024-04-25 17:32:21,867 [INFO] PluginManager:220 - loadIPPluginJar : add lorawan
2024-04-25 17:32:21,869 [INFO] IPUIPlugin:80 - create IPUIPlugin
2024-04-25 17:32:21,870 [INFO] PluginManager:220 - loadIPPluginJar : add ipddr
2024-04-25 17:32:21,872 [INFO] IPUIPlugin:80 - create IPUIPlugin
2024-04-25 17:32:21,872 [INFO] PluginManager:220 - loadIPPluginJar : add tracer_emb
2024-04-25 17:32:21,877 [INFO] IPUIPlugin:80 - create IPUIPlugin
2024-04-25 17:32:21,877 [INFO] PluginManager:220 - loadIPPluginJar : add dma
2024-04-25 17:32:21,879 [INFO] IPUIPlugin:80 - create IPUIPlugin
2024-04-25 17:32:21,879 [INFO] PluginManager:220 - loadIPPluginJar : add usart
2024-04-25 17:32:21,884 [INFO] IPUIPlugin:80 - create IPUIPlugin
2024-04-25 17:32:21,887 [INFO] PluginManager:220 - loadIPPluginJar : add plateformsettings
2024-04-25 17:32:21,888 [INFO] IPUIPlugin:80 - create IPUIPlugin
2024-04-25 17:32:21,888 [INFO] PluginManager:220 - loadIPPluginJar : add genericplugin
2024-04-25 17:32:21,890 [INFO] IPUIPlugin:80 - create IPUIPlugin
2024-04-25 17:32:21,890 [INFO] PluginManager:220 - loadIPPluginJar : add gfxmmu
2024-04-25 17:32:21,892 [INFO] IPUIPlugin:80 - create IPUIPlugin
2024-04-25 17:32:21,892 [INFO] PluginManager:220 - loadIPPluginJar : add hash
2024-04-25 17:32:21,894 [INFO] IPUIPlugin:80 - create IPUIPlugin
2024-04-25 17:32:21,894 [INFO] PluginManager:220 - loadIPPluginJar : add i3c
2024-04-25 17:32:21,896 [INFO] IPUIPlugin:80 - create IPUIPlugin
2024-04-25 17:32:21,896 [INFO] PluginManager:220 - loadIPPluginJar : add i2s
2024-04-25 17:32:21,994 [INFO] CADModel:165 - CPN selected for project level
2024-04-25 17:32:21,994 [INFO] CADModel:114 - Register for checkConnection events
2024-04-25 17:32:21,994 [FATAL] Updater:308 - Updater called before beeing initialized
2024-04-25 17:32:21,994 [ERROR] CADModel:125 - Updater not yet initialized, retry later 
2024-04-25 17:32:22,090 [INFO] CADModel:165 - CPN selected for project level
2024-04-25 17:32:22,090 [INFO] CADModel:114 - Register for checkConnection events
2024-04-25 17:32:22,090 [FATAL] Updater:308 - Updater called before beeing initialized
2024-04-25 17:32:22,090 [ERROR] CADModel:125 - Updater not yet initialized, retry later 
2024-04-25 17:32:22,093 [FATAL] Updater:308 - Updater called before beeing initialized
2024-04-25 17:32:22,149 [FATAL] Updater:308 - Updater called before beeing initialized
2024-04-25 17:32:22,152 [INFO] DbMcusAds:53 - JSON generation date=Wed Nov 29 16:22:27 IST 2023 (1701255147349)
2024-04-25 17:32:22,152 [FATAL] Updater:308 - Updater called before beeing initialized
2024-04-25 17:32:22,181 [WARN] DetailPanel:346 - Failed to get advertising image, set to default
2024-04-25 17:32:22,257 [FATAL] Updater:308 - Updater called before beeing initialized
2024-04-25 17:32:22,258 [FATAL] Updater:308 - Updater called before beeing initialized
2024-04-25 17:32:22,258 [FATAL] Updater:308 - Updater called before beeing initialized
2024-04-25 17:32:22,259 [WARN] DetailPanel:346 - Failed to get advertising image, set to default
2024-04-25 17:32:22,259 [FATAL] Updater:308 - Updater called before beeing initialized
2024-04-25 17:32:22,286 [ERROR] Updater:1120 - MainUpdater not yet initialized. External WinMGr cannot be set.
2024-04-25 17:32:22,288 [INFO] Updater:1056 - Updater Version found : 6.11.0
2024-04-25 17:32:22,307 [INFO] ApplicationProperties:184 - Using Application install path: /opt/st/stm32cubeide_1.15.0_2/plugins/com.st.stm32cube.common.mx_6.11.0.202403141607
2024-04-25 17:32:22,579 [INFO] MainUpdater:2873 - connection check result : 10
2024-04-25 17:32:22,580 [INFO] MainUpdater:290 - Updater Check For Update Now.
2024-04-25 17:32:22,580 [INFO] MicroXplorer:498 - Change Database Version : DB.6.0.110
2024-04-25 17:32:22,585 [INFO] McuFinderGlobals:63 - Set McuFinder mode to 2 (CubeIDE integrated)
2024-04-25 17:32:22,585 [INFO] UserAuth:179 - activating auth plugin
2024-04-25 17:32:22,588 [INFO] UserAuth:415 - Internet connection configuration mode: 1
2024-04-25 17:32:22,612 [INFO] JxBrowserEngine:152 - Initiate JxBrowser Engine with user profile folder
2024-04-25 17:32:22,756 [INFO] CheckServerUpdateThread:120 - End of CheckServer Thread
2024-04-25 17:32:23,578 [INFO] WebApp:161 - Instantiating new browser for Auth
2024-04-25 17:32:24,506 [WARN] PackLoader:240 - Cannot read IP mode file for STMicroelectronics.FP-SNS-MOTENVWB1.1.4.0
2024-04-25 17:32:24,514 [WARN] PackLoader:240 - Cannot read IP mode file for STMicroelectronics.X-CUBE-SMBUS.2.1.0
2024-04-25 17:32:24,518 [WARN] PackLoader:240 - Cannot read IP mode file for STMicroelectronics.X-CUBE-TOUCHGFX.4.23.2
2024-04-25 17:32:24,522 [INFO] WebApp:779 - Register for checkConnection events
2024-04-25 17:32:24,522 [INFO] WebApp:414 - Apply proxy settings
2024-04-25 17:32:24,522 [INFO] WebApp:499 - Chromium requires no authentication
2024-04-25 17:32:24,528 [INFO] WebApp:442 - Direct internet connection detected
2024-04-25 17:32:24,543 [WARN] PackLoader:240 - Cannot read IP mode file for STMicroelectronics.X-CUBE-AZRTOS-F7.1.1.0
2024-04-25 17:32:24,551 [WARN] PackLoader:240 - Cannot read IP mode file for STMicroelectronics.FP-SNS-FLIGHT1.5.0.2
2024-04-25 17:32:24,558 [WARN] PackLoader:240 - Cannot read IP mode file for STMicroelectronics.X-CUBE-DISPLAY.3.0.0
2024-04-25 17:32:24,571 [WARN] PackLoader:240 - Cannot read IP mode file for STMicroelectronics.X-CUBE-BLE1.7.0.0
2024-04-25 17:32:24,580 [WARN] PackLoader:240 - Cannot read IP mode file for STMicroelectronics.X-CUBE-BLEMGR.3.1.0
2024-04-25 17:32:24,587 [WARN] PackLoader:240 - Cannot read IP mode file for STMicroelectronics.FP-SNS-SMARTAG2.1.2.0
2024-04-25 17:32:24,595 [INFO] LogOutputStream:77 - [STDOUT_REDIRECT] 1 : Invalid condition id : UX_CORESTACK_Condition cause : null
2024-04-25 17:32:24,596 [INFO] LogOutputStream:77 - [STDOUT_REDIRECT] 1 : Invalid condition id : UX_CORESTACK_Condition cause : null
2024-04-25 17:32:24,596 [INFO] LogOutputStream:77 - [STDOUT_REDIRECT] 1 : Invalid condition id : UX_CORESTACK_Condition cause : null
2024-04-25 17:32:24,597 [INFO] LogOutputStream:77 - [STDOUT_REDIRECT] 1 : Invalid condition id : UX_CORESTACK_Condition cause : null
2024-04-25 17:32:24,597 [INFO] LogOutputStream:77 - [STDOUT_REDIRECT] 1 : Invalid condition id : UX_CORESTACK_Condition cause : null
2024-04-25 17:32:24,602 [WARN] PackLoader:240 - Cannot read IP mode file for STMicroelectronics.X-CUBE-AZRTOS-WL.2.0.0
2024-04-25 17:32:24,607 [WARN] PackLoader:240 - Cannot read IP mode file for STMicroelectronics.X-CUBE-BLE2.3.3.0
2024-04-25 17:32:24,611 [WARN] PackLoader:240 - Cannot read IP mode file for STMicroelectronics.X-CUBE-TCPP.4.1.0
2024-04-25 17:32:24,618 [WARN] PackLoader:240 - Cannot read IP mode file for STMicroelectronics.X-CUBE-ALGOBUILD.1.3.0
2024-04-25 17:32:24,633 [WARN] PackLoader:240 - Cannot read IP mode file for STMicroelectronics.X-CUBE-AZRTOS-G0.1.1.0
2024-04-25 17:32:24,640 [WARN] PackLoader:240 - Cannot read IP mode file for STMicroelectronics.X-CUBE-SAFEA1.1.2.2
2024-04-25 17:32:24,651 [WARN] PackLoader:240 - Cannot read IP mode file for STMicroelectronics.X-CUBE-NFC4.3.0.0
2024-04-25 17:32:24,656 [WARN] PackLoader:240 - Cannot read IP mode file for wolfSSL.I-CUBE-wolfSSL.5.7.0
2024-04-25 17:32:24,658 [WARN] PackLoader:240 - Cannot read IP mode file for STMicroelectronics.FP-ATR-SIGFOX1.3.2.0
2024-04-25 17:32:24,663 [WARN] PackLoader:240 - Cannot read IP mode file for STMicroelectronics.X-CUBE-EEPRMA1.5.1.0
2024-04-25 17:32:24,704 [WARN] PackLoader:240 - Cannot read IP mode file for SEGGER.I-CUBE-embOS.1.3.1
2024-04-25 17:32:24,711 [INFO] WebApp:192 - Starting web application
2024-04-25 17:32:24,711 [INFO] WebApp:544 - Web application path used /opt/st/stm32cubeide_1.15.0_2/plugins/com.st.stm32cube.common.mx_6.11.0.202403141607/db/plugins/mcufinder/reactClient1/index.html
2024-04-25 17:32:24,757 [WARN] PackLoader:240 - Cannot read IP mode file for STMicroelectronics.X-CUBE-GNSS1.6.0.0
2024-04-25 17:32:24,771 [WARN] PackLoader:240 - Cannot read IP mode file for STMicroelectronics.X-CUBE-AZRTOS-F4.1.1.0
2024-04-25 17:32:24,786 [WARN] PackLoader:240 - Cannot read IP mode file for STMicroelectronics.X-CUBE-AZRTOS-L5.2.0.0
2024-04-25 17:32:24,793 [WARN] PackLoader:240 - Cannot read IP mode file for STMicroelectronics.X-CUBE-NFC6.3.1.0
2024-04-25 17:32:24,802 [WARN] PackLoader:240 - Cannot read IP mode file for STMicroelectronics.X-CUBE-AI.9.0.0
2024-04-25 17:32:24,806 [WARN] PackLoader:240 - Cannot read IP mode file for STMicroelectronics.X-CUBE-NFC7.1.0.1
2024-04-25 17:32:24,811 [WARN] PackLoader:240 - Cannot read IP mode file for STMicroelectronics.X-CUBE-AI.8.1.0
2024-04-25 17:32:24,826 [WARN] ConditionMgr:438 - getConditionDescription Invalid condition id : LAN8742 Phy interface Condition cause : null
2024-04-25 17:32:24,827 [WARN] PackLoader:240 - Cannot read IP mode file for STMicroelectronics.X-CUBE-AZRTOS-L4.2.0.0
2024-04-25 17:32:24,829 [WARN] ConditionMgr:1039 - genDependencies : Invalid condition id : LAN8742 Phy interface Condition cause : null
2024-04-25 17:32:24,829 [WARN] ConditionMgr:1039 - genDependencies : Invalid condition id : LAN8742 Phy interface Condition cause : null
2024-04-25 17:32:24,830 [WARN] ConditionMgr:1039 - genDependencies : Invalid condition id : LAN8742 Phy interface Condition cause : null
2024-04-25 17:32:24,836 [WARN] PackLoader:240 - Cannot read IP mode file for STMicroelectronics.X-CUBE-SFXS2LP1.4.0.0
2024-04-25 17:32:24,846 [WARN] ConditionMgr:438 - getConditionDescription Invalid condition id : UX DEVICE CLASS RTOS Condition cause : null
2024-04-25 17:32:24,846 [WARN] ConditionMgr:438 - getConditionDescription Invalid condition id : UX DEVICE CLASS RTOS Condition cause : null
2024-04-25 17:32:24,848 [WARN] PackLoader:240 - Cannot read IP mode file for STMicroelectronics.X-CUBE-AZRTOS-WB.2.0.0
2024-04-25 17:32:24,848 [WARN] ConditionMgr:1039 - genDependencies : Invalid condition id : UX DEVICE CLASS RTOS Condition cause : null
2024-04-25 17:32:24,849 [WARN] ConditionMgr:1039 - genDependencies : Invalid condition id : UX DEVICE CLASS RTOS Condition cause : null
2024-04-25 17:32:24,849 [WARN] ConditionMgr:1039 - genDependencies : Invalid condition id : UX DEVICE CLASS RTOS Condition cause : null
2024-04-25 17:32:24,850 [WARN] ConditionMgr:1039 - genDependencies : Invalid condition id : UX DEVICE CLASS RTOS Condition cause : null
2024-04-25 17:32:24,850 [WARN] ConditionMgr:1039 - genDependencies : Invalid condition id : UX DEVICE CLASS RTOS Condition cause : null
2024-04-25 17:32:24,857 [WARN] PackLoader:240 - Cannot read IP mode file for STMicroelectronics.X-CUBE-SUBG2.5.0.0
2024-04-25 17:32:24,883 [WARN] PackLoader:240 - Cannot read IP mode file for STMicroelectronics.X-CUBE-AZRTOS-G4.2.0.0
2024-04-25 17:32:24,888 [WARN] PackLoader:240 - Cannot read IP mode file for STMicroelectronics.FP-SNS-MOTENVWB1.1.3.1
2024-04-25 17:32:24,891 [WARN] PackLoader:240 - Cannot read IP mode file for STMicroelectronics.X-CUBE-ISPU.2.0.0
2024-04-25 17:32:24,917 [WARN] PackLoader:240 - Cannot read IP mode file for STMicroelectronics.X-CUBE-MEMS1.10.0.0
2024-04-25 17:32:25,058 [WARN] PackLoader:240 - Cannot read IP mode file for STMicroelectronics.X-CUBE-FREERTOS.1.1.0
2024-04-25 17:32:25,061 [WARN] PackLoader:240 - Cannot read IP mode file for STMicroelectronics.X-CUBE-ALS.1.0.1
2024-04-25 17:32:25,073 [WARN] PackLoader:240 - Cannot read IP mode file for STMicroelectronics.X-CUBE-AZRTOS-H7RS.1.0.0
2024-04-25 17:32:25,078 [WARN] PackLoader:240 - Cannot read IP mode file for STMicroelectronics.FP-ATR-ASTRA1.2.0.0
2024-04-25 17:32:25,085 [WARN] PackLoader:240 - Cannot read IP mode file for STMicroelectronics.X-CUBE-TOF1.3.4.1
2024-04-25 17:32:25,116 [WARN] PackLoader:240 - Cannot read IP mode file for STMicroelectronics.X-CUBE-AZRTOS-H7.3.2.0
2024-04-25 17:32:25,126 [WARN] PackLoader:240 - Cannot read IP mode file for Infineon.AIROC-Wi-Fi-Bluetooth-STM32.1.6.0
2024-04-25 17:32:25,131 [INFO] ThirdParty:978 - Integrity check success = true
2024-04-25 17:32:25,131 [INFO] IntegrityCheckThread:100 - exiting critical section [integrity check]
2024-04-25 17:32:25,132 [INFO] IntegrityCheckThread:103 - End integrity checks thread
2024-04-25 18:29:13,466 [INFO] Activator:176 - 


2024-04-25 18:29:13,468 [INFO] Activator:177 - !SESSION log4j initialized
2024-04-25 18:29:17,661 [INFO] LogOutputStream:77 - [STDOUT_REDIRECT] 
2024-04-25 18:29:18,568 [INFO] ApplicationProperties:184 - Using Application install path: /opt/st/stm32cubeide_1.15.0_2/plugins/com.st.stm32cube.common.mx_6.11.0.202403141607
2024-04-25 18:29:18,596 [INFO] DbMcusXml:78 - Set database path to: /opt/st/stm32cubeide_1.15.0_2/plugins/com.st.stm32cube.common.mx_6.11.0.202403141607//db//mcu/
2024-04-25 18:29:18,597 [INFO] ApiDb:274 - Set plugin database path to: /opt/st/stm32cubeide_1.15.0_2/plugins/com.st.stm32cube.common.mx_6.11.0.202403141607//db//plugins/boardmanager/
2024-04-25 18:29:18,597 [WARN] ApiDb:259 - Overriding images path with different value:  => /opt/st/stm32cubeide_1.15.0_2/plugins/com.st.stm32cube.common.mx_6.11.0.202403141607//db//plugins/mcufinder/images/
2024-04-25 18:29:18,605 [INFO] ApiDb:250 - Set database path to: /home/om/.stmcufinder/plugins/mcufinder//mcu/
2024-04-25 18:29:18,607 [INFO] DbMcusAds:125 - Set database path to: /home/om/.stmcufinder/plugins/mcufinder//mcu/
2024-04-25 18:29:18,610 [INFO] CrossReferenceDbSqlite:203 - Set database path to: /home/om/.stmcufinder/plugins/mcufinder//mcu/cs/
2024-04-25 18:29:18,715 [INFO] RulesReader:64 - Compatibility file has been processed (297 Rules)
2024-04-25 18:29:18,767 [INFO] DbMcusXml:78 - Set database path to: /opt/st/stm32cubeide_1.15.0_2/plugins/com.st.stm32cube.common.mx_6.11.0.202403141607//db//mcu/
2024-04-25 18:29:18,767 [INFO] ApiDb:274 - Set plugin database path to: /opt/st/stm32cubeide_1.15.0_2/plugins/com.st.stm32cube.common.mx_6.11.0.202403141607//db//plugins/boardmanager/
2024-04-25 18:29:18,767 [INFO] ApiDb:261 - Set plugin images path to: /opt/st/stm32cubeide_1.15.0_2/plugins/com.st.stm32cube.common.mx_6.11.0.202403141607//db//plugins/mcufinder/images/
2024-04-25 18:29:18,768 [WARN] DbFile:41 - Overriding database path with different value: /home/om/.stmcufinder/plugins/mcufinder/ => /home/om/.stmcufinder/plugins/mcufinder
2024-04-25 18:29:18,768 [INFO] ApiDb:250 - Set database path to: /home/om/.stmcufinder/plugins/mcufinder//mcu/
2024-04-25 18:29:18,768 [WARN] DbFile:41 - Overriding database path with different value: /home/om/.stmcufinder/plugins/mcufinder/ => /home/om/.stmcufinder/plugins/mcufinder
2024-04-25 18:29:18,768 [INFO] DbMcusAds:125 - Set database path to: /home/om/.stmcufinder/plugins/mcufinder//mcu/
2024-04-25 18:29:18,768 [WARN] DbFile:41 - Overriding database path with different value: /home/om/.stmcufinder/plugins/mcufinder/ => /home/om/.stmcufinder/plugins/mcufinder
2024-04-25 18:29:18,768 [WARN] DbFile:41 - Overriding database path with different value: /home/om/.stmcufinder/plugins/mcufinder/ => /home/om/.stmcufinder/plugins/mcufinder
2024-04-25 18:29:18,768 [INFO] CrossReferenceDbSqlite:203 - Set database path to: /home/om/.stmcufinder/plugins/mcufinder//mcu/cs/
2024-04-25 18:29:18,824 [INFO] MainPanel:264 - HeapMemory: 268435456
2024-04-25 18:29:18,886 [INFO] DbMcusXml:78 - Set database path to: /opt/st/stm32cubeide_1.15.0_2/plugins/com.st.stm32cube.common.mx_6.11.0.202403141607//db//mcu/
2024-04-25 18:29:18,886 [INFO] ApiDb:274 - Set plugin database path to: /opt/st/stm32cubeide_1.15.0_2/plugins/com.st.stm32cube.common.mx_6.11.0.202403141607//db//plugins/boardmanager/
2024-04-25 18:29:18,886 [INFO] ApiDb:261 - Set plugin images path to: /opt/st/stm32cubeide_1.15.0_2/plugins/com.st.stm32cube.common.mx_6.11.0.202403141607//db//plugins/mcufinder/images/
2024-04-25 18:29:18,887 [WARN] DbFile:41 - Overriding database path with different value: /home/om/.stmcufinder/plugins/mcufinder/ => /home/om/.stmcufinder/plugins/mcufinder
2024-04-25 18:29:18,887 [INFO] ApiDb:250 - Set database path to: /home/om/.stmcufinder/plugins/mcufinder//mcu/
2024-04-25 18:29:18,887 [WARN] DbFile:41 - Overriding database path with different value: /home/om/.stmcufinder/plugins/mcufinder/ => /home/om/.stmcufinder/plugins/mcufinder
2024-04-25 18:29:18,887 [INFO] DbMcusAds:125 - Set database path to: /home/om/.stmcufinder/plugins/mcufinder//mcu/
2024-04-25 18:29:18,887 [WARN] DbFile:41 - Overriding database path with different value: /home/om/.stmcufinder/plugins/mcufinder/ => /home/om/.stmcufinder/plugins/mcufinder
2024-04-25 18:29:18,887 [WARN] DbFile:41 - Overriding database path with different value: /home/om/.stmcufinder/plugins/mcufinder/ => /home/om/.stmcufinder/plugins/mcufinder
2024-04-25 18:29:18,887 [INFO] CrossReferenceDbSqlite:203 - Set database path to: /home/om/.stmcufinder/plugins/mcufinder//mcu/cs/
2024-04-25 18:29:18,900 [INFO] ApplicationProperties:184 - Using Application install path: /opt/st/stm32cubeide_1.15.0_2/plugins/com.st.stm32cube.common.mx_6.11.0.202403141607
2024-04-25 18:29:18,901 [INFO] PluginManage:196 - Search for loadable plugins [exclusion list=, ]
2024-04-25 18:29:18,902 [INFO] PluginManage:310 - Check plugin analytics
2024-04-25 18:29:19,022 [INFO] AnalyticsPlugin:253 - Accepted Software Licenses: 
2024-04-25 18:29:19,022 [INFO] AnalyticsPlugin:255 - Accepted CMSIS Pack Licenses: 
2024-04-25 18:29:19,022 [INFO] AnalyticsPlugin:257 - Accepted Firmware Licenses: 
2024-04-25 18:29:19,024 [INFO] PluginManage:359 - Loaded plugin analytics (category:tool,tabindex:-1)
2024-04-25 18:29:19,025 [INFO] PluginManage:310 - Check plugin cadmodel
2024-04-25 18:29:19,043 [INFO] CADModel:105 - Init CAD model plugin
2024-04-25 18:29:19,044 [INFO] PluginManage:359 - Loaded plugin cadmodel (category:power,tabindex:5)
2024-04-25 18:29:19,044 [INFO] PluginManage:310 - Check plugin clock
2024-04-25 18:29:19,052 [INFO] PluginManage:359 - Loaded plugin clock (category:base,tabindex:2)
2024-04-25 18:29:19,053 [INFO] PluginManage:310 - Check plugin ddr
2024-04-25 18:29:19,054 [INFO] PluginManage:359 - Loaded plugin ddr (category:tool,tabindex:6)
2024-04-25 18:29:19,055 [INFO] PluginManage:310 - Check plugin filemanager
2024-04-25 18:29:19,192 [INFO] PluginManage:359 - Loaded plugin filemanager (category:base,tabindex:10)
2024-04-25 18:29:19,192 [INFO] PluginManage:310 - Check plugin ipmanager
2024-04-25 18:29:19,197 [INFO] PluginManage:359 - Loaded plugin ipmanager (category:base,tabindex:5)
2024-04-25 18:29:19,198 [INFO] PluginManage:310 - Check plugin lpbam
2024-04-25 18:29:19,209 [INFO] PluginManage:359 - Loaded plugin lpbam (category:base,tabindex:0)
2024-04-25 18:29:19,209 [INFO] PluginManage:310 - Check plugin memorymap
2024-04-25 18:29:19,225 [INFO] PluginManage:359 - Loaded plugin memorymap (category:base,tabindex:4)
2024-04-25 18:29:19,225 [INFO] PluginManage:310 - Check plugin pinoutandconfiguration
2024-04-25 18:29:19,232 [INFO] PluginManage:359 - Loaded plugin pinoutandconfiguration (category:base,tabindex:1)
2024-04-25 18:29:19,232 [INFO] PluginManage:310 - Check plugin pinoutconfig
2024-04-25 18:29:19,316 [WARN] SupportedApi:132 - Cannot load RTOS API schema: s4s-elt-must-match.1: The content of 'definitions' must match (annotation?, (simpleType | complexType)?, (unique | key | keyref)*)). A problem was found starting at: attribute.
2024-04-25 18:29:19,464 [INFO] PluginManage:359 - Loaded plugin pinoutconfig (category:base,tabindex:0)
2024-04-25 18:29:19,464 [INFO] PluginManage:310 - Check plugin power
2024-04-25 18:29:19,475 [INFO] PluginManage:359 - Loaded plugin power (category:power,tabindex:4)
2024-04-25 18:29:19,475 [INFO] PluginManage:310 - Check plugin projectmanager
2024-04-25 18:29:19,496 [INFO] PluginManage:359 - Loaded plugin projectmanager (category:projectmanager,tabindex:3)
2024-04-25 18:29:19,496 [INFO] PluginManage:310 - Check plugin thirdparty
2024-04-25 18:29:19,622 [INFO] PluginManage:359 - Loaded plugin thirdparty (category:base,tabindex:-1)
2024-04-25 18:29:19,622 [WARN] IntegrityCheckThread:84 - waiting for thirdparty lock release [integrity check]
2024-04-25 18:29:19,622 [INFO] PluginManage:310 - Check plugin tools
2024-04-25 18:29:19,622 [INFO] IntegrityCheckThread:86 - entering critical section [integrity check]
2024-04-25 18:29:19,623 [INFO] ThirdPartyUpdaterWithRetryManager:70 - Updater plugin not ready yet. [1/15]
2024-04-25 18:29:19,627 [INFO] PluginManage:359 - Loaded plugin tools (category:base,tabindex:7)
2024-04-25 18:29:19,627 [INFO] PluginManage:310 - Check plugin tutovideos
2024-04-25 18:29:19,795 [INFO] PluginManage:359 - Loaded plugin tutovideos (category:base,tabindex:-1)
2024-04-25 18:29:19,795 [INFO] PluginManage:310 - Check plugin updater
2024-04-25 18:29:19,803 [INFO] PluginManage:359 - Loaded plugin updater (category:base,tabindex:12)
2024-04-25 18:29:19,803 [INFO] PluginManage:310 - Check plugin userauth
2024-04-25 18:29:19,807 [INFO] UserAuth:114 - Init User Auth plugin
2024-04-25 18:29:19,807 [INFO] PluginManage:359 - Loaded plugin userauth (category:base,tabindex:14)
2024-04-25 18:29:19,808 [INFO] PluginManage:283 - PluginManage : Loaded plugins [17]
2024-04-25 18:29:19,991 [INFO] PinOutPanel:1561 - setPackage(No Configuration,No Configuration)
2024-04-25 18:29:20,056 [INFO] CADModel:165 - CPN selected for project level
2024-04-25 18:29:20,056 [INFO] CADModel:114 - Register for checkConnection events
2024-04-25 18:29:20,065 [INFO] IPUIPlugin:80 - create IPUIPlugin
2024-04-25 18:29:20,066 [INFO] PluginManager:220 - loadIPPluginJar : add fatfs
2024-04-25 18:29:20,067 [INFO] IPUIPlugin:80 - create IPUIPlugin
2024-04-25 18:29:20,067 [INFO] PluginManager:220 - loadIPPluginJar : add quadspi
2024-04-25 18:29:20,069 [INFO] IPUIPlugin:80 - create IPUIPlugin
2024-04-25 18:29:20,069 [INFO] PluginManager:220 - loadIPPluginJar : add ltdc
2024-04-25 18:29:20,070 [INFO] IPUIPlugin:80 - create IPUIPlugin
2024-04-25 18:29:20,071 [INFO] PluginManager:220 - loadIPPluginJar : add tsc
2024-04-25 18:29:20,079 [INFO] IPUIPlugin:80 - create IPUIPlugin
2024-04-25 18:29:20,080 [INFO] PluginManager:220 - loadIPPluginJar : add stm32_wpan
2024-04-25 18:29:20,085 [INFO] IPUIPlugin:80 - create IPUIPlugin
2024-04-25 18:29:20,085 [INFO] PluginManager:220 - loadIPPluginJar : add adc
2024-04-25 18:29:20,088 [INFO] IPUIPlugin:80 - create IPUIPlugin
2024-04-25 18:29:20,089 [INFO] PluginManager:220 - loadIPPluginJar : add nvic
2024-04-25 18:29:20,092 [INFO] IPUIPlugin:80 - create IPUIPlugin
2024-04-25 18:29:20,092 [INFO] PluginManager:220 - loadIPPluginJar : add dma3
2024-04-25 18:29:20,096 [INFO] IPUIPlugin:80 - create IPUIPlugin
2024-04-25 18:29:20,096 [INFO] PluginManager:220 - loadIPPluginJar : add fmc
2024-04-25 18:29:20,098 [INFO] IPUIPlugin:80 - create IPUIPlugin
2024-04-25 18:29:20,099 [INFO] PluginManager:220 - loadIPPluginJar : add dfsdm
2024-04-25 18:29:20,102 [INFO] IPUIPlugin:80 - create IPUIPlugin
2024-04-25 18:29:20,102 [INFO] PluginManager:220 - loadIPPluginJar : add openamp
2024-04-25 18:29:20,104 [INFO] IPUIPlugin:80 - create IPUIPlugin
2024-04-25 18:29:20,104 [INFO] PluginManager:220 - loadIPPluginJar : add pdm2pcm
2024-04-25 18:29:20,107 [INFO] IPUIPlugin:80 - create IPUIPlugin
2024-04-25 18:29:20,108 [INFO] PluginManager:220 - loadIPPluginJar : add opamp
2024-04-25 18:29:20,111 [INFO] IPUIPlugin:80 - create IPUIPlugin
2024-04-25 18:29:20,111 [INFO] PluginManager:220 - loadIPPluginJar : add spi
2024-04-25 18:29:20,113 [INFO] IPUIPlugin:80 - create IPUIPlugin
2024-04-25 18:29:20,114 [INFO] PluginManager:220 - loadIPPluginJar : add usbx
2024-04-25 18:29:20,117 [INFO] IPUIPlugin:80 - create IPUIPlugin
2024-04-25 18:29:20,117 [INFO] PluginManager:220 - loadIPPluginJar : add resmgrutility
2024-04-25 18:29:20,121 [INFO] IPUIPlugin:80 - create IPUIPlugin
2024-04-25 18:29:20,121 [INFO] PluginManager:220 - loadIPPluginJar : add gpio
2024-04-25 18:29:20,123 [INFO] IPUIPlugin:80 - create IPUIPlugin
2024-04-25 18:29:20,123 [INFO] PluginManager:220 - loadIPPluginJar : add extmemmanager
2024-04-25 18:29:20,127 [INFO] IPUIPlugin:80 - create IPUIPlugin
2024-04-25 18:29:20,127 [INFO] PluginManager:220 - loadIPPluginJar : add touchsensing
2024-04-25 18:29:20,132 [INFO] IPUIPlugin:80 - create IPUIPlugin
2024-04-25 18:29:20,132 [INFO] PluginManager:220 - loadIPPluginJar : add gic
2024-04-25 18:29:20,134 [INFO] IPUIPlugin:80 - create IPUIPlugin
2024-04-25 18:29:20,134 [INFO] PluginManager:220 - loadIPPluginJar : add ucpd
2024-04-25 18:29:20,140 [INFO] IPUIPlugin:80 - create IPUIPlugin
2024-04-25 18:29:20,140 [INFO] PluginManager:220 - loadIPPluginJar : add mdma
2024-04-25 18:29:20,143 [INFO] IPUIPlugin:80 - create IPUIPlugin
2024-04-25 18:29:20,143 [INFO] PluginManager:220 - loadIPPluginJar : add i2c
2024-04-25 18:29:20,146 [INFO] IPUIPlugin:80 - create IPUIPlugin
2024-04-25 18:29:20,146 [INFO] PluginManager:220 - loadIPPluginJar : add sai
2024-04-25 18:29:20,149 [INFO] IPUIPlugin:80 - create IPUIPlugin
2024-04-25 18:29:20,149 [INFO] PluginManager:220 - loadIPPluginJar : add can
2024-04-25 18:29:20,156 [INFO] IPUIPlugin:80 - create IPUIPlugin
2024-04-25 18:29:20,156 [INFO] PluginManager:220 - loadIPPluginJar : add linkedlist
2024-04-25 18:29:20,157 [INFO] IPUIPlugin:80 - create IPUIPlugin
2024-04-25 18:29:20,158 [INFO] PluginManager:220 - loadIPPluginJar : add comp
2024-04-25 18:29:20,163 [INFO] IPUIPlugin:80 - create IPUIPlugin
2024-04-25 18:29:20,163 [INFO] PluginManager:220 - loadIPPluginJar : add freertos
2024-04-25 18:29:20,166 [INFO] IPUIPlugin:80 - create IPUIPlugin
2024-04-25 18:29:20,166 [INFO] PluginManager:220 - loadIPPluginJar : add gtzc
2024-04-25 18:29:20,169 [INFO] IPUIPlugin:80 - create IPUIPlugin
2024-04-25 18:29:20,169 [INFO] PluginManager:220 - loadIPPluginJar : add aes
2024-04-25 18:29:20,170 [INFO] IPUIPlugin:80 - create IPUIPlugin
2024-04-25 18:29:20,171 [INFO] PluginManager:220 - loadIPPluginJar : add tim
2024-04-25 18:29:20,173 [INFO] IPUIPlugin:80 - create IPUIPlugin
2024-04-25 18:29:20,173 [INFO] PluginManager:220 - loadIPPluginJar : add cryp
2024-04-25 18:29:20,175 [INFO] IPUIPlugin:80 - create IPUIPlugin
2024-04-25 18:29:20,175 [INFO] PluginManager:220 - loadIPPluginJar : add ts
2024-04-25 18:29:20,177 [INFO] IPUIPlugin:80 - create IPUIPlugin
2024-04-25 18:29:20,177 [INFO] PluginManager:220 - loadIPPluginJar : add lorawan
2024-04-25 18:29:20,180 [INFO] IPUIPlugin:80 - create IPUIPlugin
2024-04-25 18:29:20,181 [INFO] PluginManager:220 - loadIPPluginJar : add ipddr
2024-04-25 18:29:20,182 [INFO] IPUIPlugin:80 - create IPUIPlugin
2024-04-25 18:29:20,182 [INFO] PluginManager:220 - loadIPPluginJar : add tracer_emb
2024-04-25 18:29:20,188 [INFO] IPUIPlugin:80 - create IPUIPlugin
2024-04-25 18:29:20,189 [INFO] PluginManager:220 - loadIPPluginJar : add dma
2024-04-25 18:29:20,191 [INFO] IPUIPlugin:80 - create IPUIPlugin
2024-04-25 18:29:20,191 [INFO] PluginManager:220 - loadIPPluginJar : add usart
2024-04-25 18:29:20,197 [INFO] IPUIPlugin:80 - create IPUIPlugin
2024-04-25 18:29:20,200 [INFO] PluginManager:220 - loadIPPluginJar : add plateformsettings
2024-04-25 18:29:20,202 [INFO] IPUIPlugin:80 - create IPUIPlugin
2024-04-25 18:29:20,202 [INFO] PluginManager:220 - loadIPPluginJar : add genericplugin
2024-04-25 18:29:20,204 [INFO] IPUIPlugin:80 - create IPUIPlugin
2024-04-25 18:29:20,204 [INFO] PluginManager:220 - loadIPPluginJar : add gfxmmu
2024-04-25 18:29:20,206 [INFO] IPUIPlugin:80 - create IPUIPlugin
2024-04-25 18:29:20,206 [INFO] PluginManager:220 - loadIPPluginJar : add hash
2024-04-25 18:29:20,209 [INFO] IPUIPlugin:80 - create IPUIPlugin
2024-04-25 18:29:20,209 [INFO] PluginManager:220 - loadIPPluginJar : add i3c
2024-04-25 18:29:20,211 [INFO] IPUIPlugin:80 - create IPUIPlugin
2024-04-25 18:29:20,212 [INFO] PluginManager:220 - loadIPPluginJar : add i2s
2024-04-25 18:29:20,316 [INFO] CADModel:165 - CPN selected for project level
2024-04-25 18:29:20,316 [INFO] CADModel:114 - Register for checkConnection events
2024-04-25 18:29:20,317 [FATAL] Updater:308 - Updater called before beeing initialized
2024-04-25 18:29:20,317 [ERROR] CADModel:125 - Updater not yet initialized, retry later 
2024-04-25 18:29:20,449 [INFO] CADModel:165 - CPN selected for project level
2024-04-25 18:29:20,449 [INFO] CADModel:114 - Register for checkConnection events
2024-04-25 18:29:20,449 [FATAL] Updater:308 - Updater called before beeing initialized
2024-04-25 18:29:20,449 [ERROR] CADModel:125 - Updater not yet initialized, retry later 
2024-04-25 18:29:20,452 [FATAL] Updater:308 - Updater called before beeing initialized
2024-04-25 18:29:20,532 [FATAL] Updater:308 - Updater called before beeing initialized
2024-04-25 18:29:20,537 [INFO] DbMcusAds:53 - JSON generation date=Wed Nov 29 16:22:27 IST 2023 (1701255147349)
2024-04-25 18:29:20,537 [FATAL] Updater:308 - Updater called before beeing initialized
2024-04-25 18:29:20,568 [WARN] DetailPanel:346 - Failed to get advertising image, set to default
2024-04-25 18:29:20,652 [FATAL] Updater:308 - Updater called before beeing initialized
2024-04-25 18:29:20,654 [FATAL] Updater:308 - Updater called before beeing initialized
2024-04-25 18:29:20,654 [FATAL] Updater:308 - Updater called before beeing initialized
2024-04-25 18:29:20,655 [WARN] DetailPanel:346 - Failed to get advertising image, set to default
2024-04-25 18:29:20,655 [FATAL] Updater:308 - Updater called before beeing initialized
2024-04-25 18:29:20,694 [ERROR] Updater:1120 - MainUpdater not yet initialized. External WinMGr cannot be set.
2024-04-25 18:29:20,699 [INFO] Updater:1056 - Updater Version found : 6.11.0
2024-04-25 18:29:20,724 [INFO] ApplicationProperties:184 - Using Application install path: /opt/st/stm32cubeide_1.15.0_2/plugins/com.st.stm32cube.common.mx_6.11.0.202403141607
2024-04-25 18:29:21,087 [INFO] MainUpdater:2873 - connection check result : 10
2024-04-25 18:29:21,087 [INFO] MainUpdater:3567 - Updater definition file requires update
2024-04-25 18:29:21,088 [INFO] MainUpdater:290 - Updater Check For Update Now.
2024-04-25 18:29:21,088 [INFO] MicroXplorer:498 - Change Database Version : DB.6.0.110
2024-04-25 18:29:21,092 [INFO] McuFinderGlobals:63 - Set McuFinder mode to 2 (CubeIDE integrated)
2024-04-25 18:29:21,092 [INFO] UserAuth:179 - activating auth plugin
2024-04-25 18:29:21,094 [INFO] UserAuth:415 - Internet connection configuration mode: 1
2024-04-25 18:29:21,103 [INFO] JxBrowserEngine:152 - Initiate JxBrowser Engine with user profile folder
2024-04-25 18:29:21,219 [INFO] ServerAccessManage:473 - Download File updaters.zip
2024-04-25 18:29:21,316 [INFO] FileExtend:240 - Unzip File : updaters.zip
2024-04-25 18:29:21,317 [INFO] FileExtend:255 - Standard Zip Deflate
2024-04-25 18:29:21,520 [INFO] ServerAccessManage:473 - Download File PacksControlFlags.xml
2024-04-25 18:29:21,611 [INFO] WebApp:161 - Instantiating new browser for Auth
2024-04-25 18:29:21,694 [INFO] ServerAccessManage:473 - Download File cubemx.pidx
2024-04-25 18:29:22,214 [INFO] ServerAccessManage:473 - Download File STMicroelectronics.X-CUBE-FREERTOS.pdsc
2024-04-25 18:29:22,624 [WARN] MainUpdater:1194 - Updater busy. Cannot search thirdparties
2024-04-25 18:29:22,625 [INFO] ThirdPartyUpdaterWithRetryManager:96 - Updater plugin is busy. [1/15]
2024-04-25 18:29:22,789 [INFO] WebApp:779 - Register for checkConnection events
2024-04-25 18:29:22,790 [INFO] WebApp:414 - Apply proxy settings
2024-04-25 18:29:22,790 [INFO] WebApp:499 - Chromium requires no authentication
2024-04-25 18:29:22,798 [INFO] WebApp:442 - Direct internet connection detected
2024-04-25 18:29:22,988 [INFO] WebApp:192 - Starting web application
2024-04-25 18:29:22,988 [INFO] WebApp:544 - Web application path used /opt/st/stm32cubeide_1.15.0_2/plugins/com.st.stm32cube.common.mx_6.11.0.202403141607/db/plugins/mcufinder/reactClient1/index.html
2024-04-25 18:29:23,650 [ERROR] ServerAccessManage:1172 - Problem during Server Connection :  IO error PKIX path building failed: sun.security.provider.certpath.SunCertPathBuilderException: unable to find valid certification path to requested target
2024-04-25 18:29:23,651 [ERROR] ServerAccessManage:651 - Problem during Server Connection :  : portGmbH.I-Cube-SoM-uGOAL.pdsc.
2024-04-25 18:29:24,241 [ERROR] ServerAccessManage:1172 - Problem during Server Connection :  IO error PKIX path building failed: sun.security.provider.certpath.SunCertPathBuilderException: unable to find valid certification path to requested target
2024-04-25 18:29:24,241 [ERROR] ServerAccessManage:651 - Problem during Server Connection :  : emotas.I-CUBE-CANOPEN.pdsc.
2024-04-25 18:29:25,077 [ERROR] ServerAccessManage:1172 - Problem during Server Connection :  IO error PKIX path building failed: sun.security.provider.certpath.SunCertPathBuilderException: unable to find valid certification path to requested target
2024-04-25 18:29:25,077 [ERROR] ServerAccessManage:651 - Problem during Server Connection :  : WES.I-CUBE-Cesium.pdsc.
2024-04-25 18:29:25,625 [WARN] MainUpdater:1194 - Updater busy. Cannot search thirdparties
2024-04-25 18:29:25,626 [INFO] ThirdPartyUpdaterWithRetryManager:96 - Updater plugin is busy. [2/15]
2024-04-25 18:29:25,886 [ERROR] ServerAccessManage:1172 - Problem during Server Connection :  IO error PKIX path building failed: sun.security.provider.certpath.SunCertPathBuilderException: unable to find valid certification path to requested target
2024-04-25 18:29:25,886 [ERROR] ServerAccessManage:651 - Problem during Server Connection :  : ITTIA_DB.I-CUBE-ITTIADB.pdsc.
2024-04-25 18:29:25,944 [WARN] PackLoader:240 - Cannot read IP mode file for STMicroelectronics.X-CUBE-FREERTOS.1.2.0
2024-04-25 18:29:25,946 [INFO] PopulateThirdPartyThread:66 - Ending populate Thread
2024-04-25 18:29:25,948 [INFO] ThirdParty:1030 - CMSIS Pack Vendor :STMicroelectronics X-CUBE-FREERTOS 1.2.0
2024-04-25 18:29:25,948 [INFO] LoadServerUpdatesThread:375 - End of LoadServerUpdate Thread
2024-04-25 18:29:26,062 [INFO] CheckServerUpdateThread:120 - End of CheckServer Thread
2024-04-25 18:29:28,692 [WARN] PackLoader:240 - Cannot read IP mode file for STMicroelectronics.FP-SNS-MOTENVWB1.1.4.0
2024-04-25 18:29:28,697 [WARN] PackLoader:240 - Cannot read IP mode file for STMicroelectronics.X-CUBE-SMBUS.2.1.0
2024-04-25 18:29:28,700 [WARN] PackLoader:240 - Cannot read IP mode file for STMicroelectronics.X-CUBE-TOUCHGFX.4.23.2
2024-04-25 18:29:28,715 [WARN] PackLoader:240 - Cannot read IP mode file for STMicroelectronics.X-CUBE-AZRTOS-F7.1.1.0
2024-04-25 18:29:28,722 [WARN] PackLoader:240 - Cannot read IP mode file for STMicroelectronics.FP-SNS-FLIGHT1.5.0.2
2024-04-25 18:29:28,727 [WARN] PackLoader:240 - Cannot read IP mode file for STMicroelectronics.X-CUBE-DISPLAY.3.0.0
2024-04-25 18:29:28,738 [WARN] PackLoader:240 - Cannot read IP mode file for STMicroelectronics.X-CUBE-BLE1.7.0.0
2024-04-25 18:29:28,745 [WARN] PackLoader:240 - Cannot read IP mode file for STMicroelectronics.X-CUBE-BLEMGR.3.1.0
2024-04-25 18:29:28,751 [WARN] PackLoader:240 - Cannot read IP mode file for STMicroelectronics.FP-SNS-SMARTAG2.1.2.0
2024-04-25 18:29:28,757 [INFO] LogOutputStream:77 - [STDOUT_REDIRECT] 1 : Invalid condition id : UX_CORESTACK_Condition cause : null
2024-04-25 18:29:28,758 [INFO] LogOutputStream:77 - [STDOUT_REDIRECT] 1 : Invalid condition id : UX_CORESTACK_Condition cause : null
2024-04-25 18:29:28,758 [INFO] LogOutputStream:77 - [STDOUT_REDIRECT] 1 : Invalid condition id : UX_CORESTACK_Condition cause : null
2024-04-25 18:29:28,759 [INFO] LogOutputStream:77 - [STDOUT_REDIRECT] 1 : Invalid condition id : UX_CORESTACK_Condition cause : null
2024-04-25 18:29:28,759 [INFO] LogOutputStream:77 - [STDOUT_REDIRECT] 1 : Invalid condition id : UX_CORESTACK_Condition cause : null
2024-04-25 18:29:28,761 [WARN] PackLoader:240 - Cannot read IP mode file for STMicroelectronics.X-CUBE-AZRTOS-WL.2.0.0
2024-04-25 18:29:28,765 [WARN] PackLoader:240 - Cannot read IP mode file for STMicroelectronics.X-CUBE-BLE2.3.3.0
2024-04-25 18:29:28,769 [WARN] PackLoader:240 - Cannot read IP mode file for STMicroelectronics.X-CUBE-TCPP.4.1.0
2024-04-25 18:29:28,775 [WARN] PackLoader:240 - Cannot read IP mode file for STMicroelectronics.X-CUBE-ALGOBUILD.1.3.0
2024-04-25 18:29:28,791 [WARN] PackLoader:240 - Cannot read IP mode file for STMicroelectronics.X-CUBE-AZRTOS-G0.1.1.0
2024-04-25 18:29:28,798 [WARN] PackLoader:240 - Cannot read IP mode file for STMicroelectronics.X-CUBE-SAFEA1.1.2.2
2024-04-25 18:29:28,802 [WARN] PackLoader:240 - Cannot read IP mode file for STMicroelectronics.X-CUBE-NFC4.3.0.0
2024-04-25 18:29:28,806 [WARN] PackLoader:240 - Cannot read IP mode file for wolfSSL.I-CUBE-wolfSSL.5.7.0
2024-04-25 18:29:28,808 [WARN] PackLoader:240 - Cannot read IP mode file for STMicroelectronics.FP-ATR-SIGFOX1.3.2.0
2024-04-25 18:29:28,813 [WARN] PackLoader:240 - Cannot read IP mode file for STMicroelectronics.X-CUBE-EEPRMA1.5.1.0
2024-04-25 18:29:28,834 [WARN] PackLoader:240 - Cannot read IP mode file for SEGGER.I-CUBE-embOS.1.3.1
2024-04-25 18:29:28,880 [WARN] PackLoader:240 - Cannot read IP mode file for STMicroelectronics.X-CUBE-GNSS1.6.0.0
2024-04-25 18:29:28,890 [WARN] PackLoader:240 - Cannot read IP mode file for STMicroelectronics.X-CUBE-AZRTOS-F4.1.1.0
2024-04-25 18:29:28,896 [WARN] PackLoader:240 - Cannot read IP mode file for STMicroelectronics.X-CUBE-FREERTOS.1.2.0
2024-04-25 18:29:28,905 [WARN] PackLoader:240 - Cannot read IP mode file for STMicroelectronics.X-CUBE-AZRTOS-L5.2.0.0
2024-04-25 18:29:28,912 [WARN] PackLoader:240 - Cannot read IP mode file for STMicroelectronics.X-CUBE-NFC6.3.1.0
2024-04-25 18:29:28,917 [WARN] PackLoader:240 - Cannot read IP mode file for STMicroelectronics.X-CUBE-AI.9.0.0
2024-04-25 18:29:28,920 [WARN] PackLoader:240 - Cannot read IP mode file for STMicroelectronics.X-CUBE-NFC7.1.0.1
2024-04-25 18:29:28,924 [WARN] PackLoader:240 - Cannot read IP mode file for STMicroelectronics.X-CUBE-AI.8.1.0
2024-04-25 18:29:28,934 [WARN] ConditionMgr:438 - getConditionDescription Invalid condition id : LAN8742 Phy interface Condition cause : null
2024-04-25 18:29:28,935 [WARN] PackLoader:240 - Cannot read IP mode file for STMicroelectronics.X-CUBE-AZRTOS-L4.2.0.0
2024-04-25 18:29:28,937 [WARN] ConditionMgr:1039 - genDependencies : Invalid condition id : LAN8742 Phy interface Condition cause : null
2024-04-25 18:29:28,937 [WARN] ConditionMgr:1039 - genDependencies : Invalid condition id : LAN8742 Phy interface Condition cause : null
2024-04-25 18:29:28,938 [WARN] ConditionMgr:1039 - genDependencies : Invalid condition id : LAN8742 Phy interface Condition cause : null
2024-04-25 18:29:28,943 [WARN] PackLoader:240 - Cannot read IP mode file for STMicroelectronics.X-CUBE-SFXS2LP1.4.0.0
2024-04-25 18:29:28,952 [WARN] ConditionMgr:438 - getConditionDescription Invalid condition id : UX DEVICE CLASS RTOS Condition cause : null
2024-04-25 18:29:28,952 [WARN] ConditionMgr:438 - getConditionDescription Invalid condition id : UX DEVICE CLASS RTOS Condition cause : null
2024-04-25 18:29:28,953 [WARN] PackLoader:240 - Cannot read IP mode file for STMicroelectronics.X-CUBE-AZRTOS-WB.2.0.0
2024-04-25 18:29:28,954 [WARN] ConditionMgr:1039 - genDependencies : Invalid condition id : UX DEVICE CLASS RTOS Condition cause : null
2024-04-25 18:29:28,954 [WARN] ConditionMgr:1039 - genDependencies : Invalid condition id : UX DEVICE CLASS RTOS Condition cause : null
2024-04-25 18:29:28,955 [WARN] ConditionMgr:1039 - genDependencies : Invalid condition id : UX DEVICE CLASS RTOS Condition cause : null
2024-04-25 18:29:28,955 [WARN] ConditionMgr:1039 - genDependencies : Invalid condition id : UX DEVICE CLASS RTOS Condition cause : null
2024-04-25 18:29:28,955 [WARN] ConditionMgr:1039 - genDependencies : Invalid condition id : UX DEVICE CLASS RTOS Condition cause : null
2024-04-25 18:29:28,962 [WARN] PackLoader:240 - Cannot read IP mode file for STMicroelectronics.X-CUBE-SUBG2.5.0.0
2024-04-25 18:29:28,976 [WARN] PackLoader:240 - Cannot read IP mode file for STMicroelectronics.X-CUBE-AZRTOS-G4.2.0.0
2024-04-25 18:29:28,980 [WARN] PackLoader:240 - Cannot read IP mode file for STMicroelectronics.FP-SNS-MOTENVWB1.1.3.1
2024-04-25 18:29:28,983 [WARN] PackLoader:240 - Cannot read IP mode file for STMicroelectronics.X-CUBE-ISPU.2.0.0
2024-04-25 18:29:29,013 [WARN] PackLoader:240 - Cannot read IP mode file for STMicroelectronics.X-CUBE-MEMS1.10.0.0
2024-04-25 18:29:29,130 [WARN] PackLoader:240 - Cannot read IP mode file for STMicroelectronics.X-CUBE-FREERTOS.1.1.0
2024-04-25 18:29:29,133 [WARN] PackLoader:240 - Cannot read IP mode file for STMicroelectronics.X-CUBE-ALS.1.0.1
2024-04-25 18:29:29,144 [WARN] PackLoader:240 - Cannot read IP mode file for STMicroelectronics.X-CUBE-AZRTOS-H7RS.1.0.0
2024-04-25 18:29:29,149 [WARN] PackLoader:240 - Cannot read IP mode file for STMicroelectronics.FP-ATR-ASTRA1.2.0.0
2024-04-25 18:29:29,157 [WARN] PackLoader:240 - Cannot read IP mode file for STMicroelectronics.X-CUBE-TOF1.3.4.1
2024-04-25 18:29:29,181 [WARN] PackLoader:240 - Cannot read IP mode file for STMicroelectronics.X-CUBE-AZRTOS-H7.3.2.0
2024-04-25 18:29:29,191 [WARN] PackLoader:240 - Cannot read IP mode file for Infineon.AIROC-Wi-Fi-Bluetooth-STM32.1.6.0
2024-04-25 18:29:29,196 [INFO] ThirdParty:978 - Integrity check success = true
2024-04-25 18:29:29,196 [INFO] IntegrityCheckThread:100 - exiting critical section [integrity check]
2024-04-25 18:29:29,196 [INFO] IntegrityCheckThread:103 - End integrity checks thread
